#
# A fatal error has been detected by the Java Runtime Environment:
#
#  SIGSEGV (0xb) at pc=0x00007f9de1a150f4, pid=164570, tid=164587
#
# JRE version: OpenJDK Runtime Environment (11.0.9.1+1) (build 11.0.9.1+1-Ubuntu-0ubuntu1.20.04)
# Java VM: OpenJDK 64-Bit Server VM (11.0.9.1+1-Ubuntu-0ubuntu1.20.04, mixed mode, sharing, tiered, compressed oops, g1 gc, linux-amd64)
# Problematic frame:
# J 5871 c1 com.sun.tools.javac.jvm.ClassWriter$StackMapTableFrame.isInt(Lcom/sun/tools/javac/code/Type;)Z jdk.compiler@11.0.9.1 (29 bytes) @ 0x00007f9de1a150f4 [0x00007f9de1a15000+0x00000000000000f4]
#
# Core dump will be written. Default location: Core dumps may be processed with "/usr/share/apport/apport %p %s %c %d %P %E" (or dumping to /home/james/Music/final p/BANCO/core.164570)
#
# If you would like to submit a bug report, please visit:
#   https://bugs.launchpad.net/ubuntu/+source/openjdk-lts
#

---------------  S U M M A R Y ------------

Command Line: -Dclassworlds.conf=/snap/netbeans/41/netbeans/java/maven/bin/m2.conf -Dmaven.home=/snap/netbeans/41/netbeans/java/maven -Dlibrary.jansi.path=/snap/netbeans/41/netbeans/java/maven/lib/jansi-native -Dmaven.multiModuleProjectDirectory=/home/james/Music/final p/BANCO org.codehaus.plexus.classworlds.launcher.Launcher -Dmaven.ext.class.path=/snap/netbeans/41/netbeans/java/maven-nblib/netbeans-eventspy.jar clean install

Host: Intel(R) Core(TM) i5-7200U CPU @ 2.50GHz, 4 cores, 11G, Ubuntu 20.04.1 LTS
Time: Fri Jan  1 17:54:09 2021 EST elapsed time: 4.581418 seconds (0d 0h 0m 4s)

---------------  T H R E A D  ---------------

Current thread (0x00007f9df8016800):  JavaThread "main" [_thread_in_Java, id=164587, stack(0x00007f9dfc942000,0x00007f9dfca43000)]

Stack: [0x00007f9dfc942000,0x00007f9dfca43000],  sp=0x00007f9dfca3efa0,  free space=1011k
Native frames: (J=compiled Java code, A=aot compiled Java code, j=interpreted, Vv=VM code, C=native code)
J 5871 c1 com.sun.tools.javac.jvm.ClassWriter$StackMapTableFrame.isInt(Lcom/sun/tools/javac/code/Type;)Z jdk.compiler@11.0.9.1 (29 bytes) @ 0x00007f9de1a150f4 [0x00007f9de1a15000+0x00000000000000f4]
j  com.sun.tools.javac.jvm.ClassWriter$StackMapTableFrame.isSameType(Lcom/sun/tools/javac/code/Type;Lcom/sun/tools/javac/code/Type;Lcom/sun/tools/javac/code/Types;)Z+21 jdk.compiler@11.0.9.1
j  com.sun.tools.javac.jvm.ClassWriter$StackMapTableFrame.compare([Lcom/sun/tools/javac/code/Type;[Lcom/sun/tools/javac/code/Type;Lcom/sun/tools/javac/code/Types;)I+52 jdk.compiler@11.0.9.1
j  com.sun.tools.javac.jvm.ClassWriter$StackMapTableFrame.getInstance(Lcom/sun/tools/javac/jvm/Code$StackMapFrame;I[Lcom/sun/tools/javac/code/Type;Lcom/sun/tools/javac/code/Types;)Lcom/sun/tools/javac/jvm/ClassWriter$StackMapTableFrame;+41 jdk.compiler@11.0.9.1
j  com.sun.tools.javac.jvm.Code.emitStackMapFrame(II)V+433 jdk.compiler@11.0.9.1
j  com.sun.tools.javac.jvm.Code.emitStackMap()V+70 jdk.compiler@11.0.9.1
J 5515 c1 com.sun.tools.javac.jvm.Code.emitop(I)V jdk.compiler@11.0.9.1 (114 bytes) @ 0x00007f9de18e392c [0x00007f9de18e36c0+0x000000000000026c]
J 5613 c1 com.sun.tools.javac.jvm.Code.emitop0(I)V jdk.compiler@11.0.9.1 (2589 bytes) @ 0x00007f9de192d02c [0x00007f9de192cf80+0x00000000000000ac]
j  com.sun.tools.javac.jvm.Items$LocalItem.store()V+32 jdk.compiler@11.0.9.1
j  com.sun.tools.javac.jvm.Gen.genCatch(Lcom/sun/tools/javac/tree/JCTree$JCCatch;Lcom/sun/tools/javac/comp/Env;IILcom/sun/tools/javac/util/List;)V+376 jdk.compiler@11.0.9.1
j  com.sun.tools.javac.jvm.Gen.genTry(Lcom/sun/tools/javac/tree/JCTree;Lcom/sun/tools/javac/util/List;Lcom/sun/tools/javac/comp/Env;)V+218 jdk.compiler@11.0.9.1
j  com.sun.tools.javac.jvm.Gen.visitTry(Lcom/sun/tools/javac/tree/JCTree$JCTry;)V+69 jdk.compiler@11.0.9.1
j  com.sun.tools.javac.tree.JCTree$JCTry.accept(Lcom/sun/tools/javac/tree/JCTree$Visitor;)V+2 jdk.compiler@11.0.9.1
J 5558 c1 com.sun.tools.javac.jvm.Gen.genDef(Lcom/sun/tools/javac/tree/JCTree;Lcom/sun/tools/javac/comp/Env;)V jdk.compiler@11.0.9.1 (58 bytes) @ 0x00007f9de1907504 [0x00007f9de1907380+0x0000000000000184]
J 5612 c1 com.sun.tools.javac.jvm.Gen.genStat(Lcom/sun/tools/javac/tree/JCTree;Lcom/sun/tools/javac/comp/Env;)V jdk.compiler@11.0.9.1 (69 bytes) @ 0x00007f9de1943c84 [0x00007f9de1943220+0x0000000000000a64]
J 5756 c1 com.sun.tools.javac.jvm.Gen.genStat(Lcom/sun/tools/javac/tree/JCTree;Lcom/sun/tools/javac/comp/Env;I)V jdk.compiler@11.0.9.1 (65 bytes) @ 0x00007f9de199d9e4 [0x00007f9de199d300+0x00000000000006e4]
j  com.sun.tools.javac.jvm.Gen.genStats(Lcom/sun/tools/javac/util/List;Lcom/sun/tools/javac/comp/Env;)V+19 jdk.compiler@11.0.9.1
j  com.sun.tools.javac.jvm.Gen.visitBlock(Lcom/sun/tools/javac/tree/JCTree$JCBlock;)V+30 jdk.compiler@11.0.9.1
J 5481 c1 com.sun.tools.javac.tree.JCTree$JCBlock.accept(Lcom/sun/tools/javac/tree/JCTree$Visitor;)V jdk.compiler@11.0.9.1 (6 bytes) @ 0x00007f9de18d1674 [0x00007f9de18d1540+0x0000000000000134]
J 5558 c1 com.sun.tools.javac.jvm.Gen.genDef(Lcom/sun/tools/javac/tree/JCTree;Lcom/sun/tools/javac/comp/Env;)V jdk.compiler@11.0.9.1 (58 bytes) @ 0x00007f9de1907504 [0x00007f9de1907380+0x0000000000000184]
J 5612 c1 com.sun.tools.javac.jvm.Gen.genStat(Lcom/sun/tools/javac/tree/JCTree;Lcom/sun/tools/javac/comp/Env;)V jdk.compiler@11.0.9.1 (69 bytes) @ 0x00007f9de1943c84 [0x00007f9de1943220+0x0000000000000a64]
j  com.sun.tools.javac.jvm.Gen.genMethod(Lcom/sun/tools/javac/tree/JCTree$JCMethodDecl;Lcom/sun/tools/javac/comp/Env;Z)V+148 jdk.compiler@11.0.9.1
j  com.sun.tools.javac.jvm.Gen.visitMethodDef(Lcom/sun/tools/javac/tree/JCTree$JCMethodDecl;)V+55 jdk.compiler@11.0.9.1
J 5218 c2 com.sun.tools.javac.tree.JCTree$JCMethodDecl.accept(Lcom/sun/tools/javac/tree/JCTree$Visitor;)V jdk.compiler@11.0.9.1 (6 bytes) @ 0x00007f9de8502df4 [0x00007f9de8502da0+0x0000000000000054]
J 5558 c1 com.sun.tools.javac.jvm.Gen.genDef(Lcom/sun/tools/javac/tree/JCTree;Lcom/sun/tools/javac/comp/Env;)V jdk.compiler@11.0.9.1 (58 bytes) @ 0x00007f9de1907504 [0x00007f9de1907380+0x0000000000000184]
j  com.sun.tools.javac.jvm.Gen.genClass(Lcom/sun/tools/javac/comp/Env;Lcom/sun/tools/javac/tree/JCTree$JCClassDecl;)Z+123 jdk.compiler@11.0.9.1
j  com.sun.tools.javac.main.JavaCompiler.genCode(Lcom/sun/tools/javac/comp/Env;Lcom/sun/tools/javac/tree/JCTree$JCClassDecl;)Ljavax/tools/JavaFileObject;+6 jdk.compiler@11.0.9.1
j  com.sun.tools.javac.main.JavaCompiler.generate(Ljava/util/Queue;Ljava/util/Queue;)V+278 jdk.compiler@11.0.9.1
j  com.sun.tools.javac.main.JavaCompiler.generate(Ljava/util/Queue;)V+3 jdk.compiler@11.0.9.1
j  com.sun.tools.javac.main.JavaCompiler.compile(Ljava/util/Collection;Ljava/util/Collection;Ljava/lang/Iterable;Ljava/util/Collection;)V+533 jdk.compiler@11.0.9.1
j  com.sun.tools.javac.api.JavacTaskImpl.lambda$doCall$0()Lcom/sun/tools/javac/main/Main$Result;+45 jdk.compiler@11.0.9.1
j  com.sun.tools.javac.api.JavacTaskImpl$$Lambda$52.call()Ljava/lang/Object;+4 jdk.compiler@11.0.9.1
j  com.sun.tools.javac.api.JavacTaskImpl.handleExceptions(Ljava/util/concurrent/Callable;Ljava/lang/Object;Ljava/lang/Object;)Ljava/lang/Object;+17 jdk.compiler@11.0.9.1
j  com.sun.tools.javac.api.JavacTaskImpl.doCall()Lcom/sun/tools/javac/main/Main$Result;+13 jdk.compiler@11.0.9.1
j  com.sun.tools.javac.api.JavacTaskImpl.call()Ljava/lang/Boolean;+1 jdk.compiler@11.0.9.1
j  org.codehaus.plexus.compiler.javac.JavaxToolsCompiler.compileInProcess([Ljava/lang/String;Lorg/codehaus/plexus/compiler/CompilerConfiguration;[Ljava/lang/String;)Lorg/codehaus/plexus/compiler/CompilerResult;+125
j  org.codehaus.plexus.compiler.javac.JavacCompiler.performCompile(Lorg/codehaus/plexus/compiler/CompilerConfiguration;)Lorg/codehaus/plexus/compiler/CompilerResult;+216
j  org.apache.maven.plugin.compiler.AbstractCompilerMojo.execute()V+2006
j  org.apache.maven.plugin.compiler.CompilerMojo.execute()V+20
j  org.apache.maven.plugin.DefaultBuildPluginManager.executeMojo(Lorg/apache/maven/execution/MavenSession;Lorg/apache/maven/plugin/MojoExecution;)V+152
j  org.apache.maven.lifecycle.internal.MojoExecutor.execute(Lorg/apache/maven/execution/MavenSession;Lorg/apache/maven/plugin/MojoExecution;Lorg/apache/maven/lifecycle/internal/ProjectIndex;Lorg/apache/maven/lifecycle/internal/DependencyContext;)V+215
j  org.apache.maven.lifecycle.internal.MojoExecutor.execute(Lorg/apache/maven/execution/MavenSession;Lorg/apache/maven/plugin/MojoExecution;Lorg/apache/maven/lifecycle/internal/ProjectIndex;Lorg/apache/maven/lifecycle/internal/DependencyContext;Lorg/apache/maven/lifecycle/internal/PhaseRecorder;)V+6
j  org.apache.maven.lifecycle.internal.MojoExecutor.execute(Lorg/apache/maven/execution/MavenSession;Ljava/util/List;Lorg/apache/maven/lifecycle/internal/ProjectIndex;)V+60
j  org.apache.maven.lifecycle.internal.LifecycleModuleBuilder.buildProject(Lorg/apache/maven/execution/MavenSession;Lorg/apache/maven/execution/MavenSession;Lorg/apache/maven/lifecycle/internal/ReactorContext;Lorg/apache/maven/project/MavenProject;Lorg/apache/maven/lifecycle/internal/TaskSegment;)V+179
j  org.apache.maven.lifecycle.internal.LifecycleModuleBuilder.buildProject(Lorg/apache/maven/execution/MavenSession;Lorg/apache/maven/lifecycle/internal/ReactorContext;Lorg/apache/maven/project/MavenProject;Lorg/apache/maven/lifecycle/internal/TaskSegment;)V+7
j  org.apache.maven.lifecycle.internal.builder.singlethreaded.SingleThreadedBuilder.build(Lorg/apache/maven/execution/MavenSession;Lorg/apache/maven/lifecycle/internal/ReactorContext;Lorg/apache/maven/lifecycle/internal/ProjectBuildList;Ljava/util/List;Lorg/apache/maven/lifecycle/internal/ReactorBuildStatus;)V+77
j  org.apache.maven.lifecycle.internal.LifecycleStarter.execute(Lorg/apache/maven/execution/MavenSession;)V+348
j  org.apache.maven.DefaultMaven.doExecute(Lorg/apache/maven/execution/MavenExecutionRequest;Lorg/apache/maven/execution/MavenSession;Lorg/apache/maven/execution/MavenExecutionResult;Lorg/eclipse/aether/DefaultRepositorySystemSession;)Lorg/apache/maven/execution/MavenExecutionResult;+425
j  org.apache.maven.DefaultMaven.doExecute(Lorg/apache/maven/execution/MavenExecutionRequest;)Lorg/apache/maven/execution/MavenExecutionResult;+98
j  org.apache.maven.DefaultMaven.execute(Lorg/apache/maven/execution/MavenExecutionRequest;)Lorg/apache/maven/execution/MavenExecutionResult;+2
j  org.apache.maven.cli.MavenCli.execute(Lorg/apache/maven/cli/CliRequest;)I+27
j  org.apache.maven.cli.MavenCli.doMain(Lorg/apache/maven/cli/CliRequest;)I+66
j  org.apache.maven.cli.MavenCli.main([Ljava/lang/String;Lorg/codehaus/plexus/classworlds/ClassWorld;)I+24
v  ~StubRoutines::call_stub
V  [libjvm.so+0x8575d9]
V  [libjvm.so+0xc6b541]
V  [libjvm.so+0xc6be54]
V  [libjvm.so+0x9098b0]  JVM_InvokeMethod+0x140
j  jdk.internal.reflect.NativeMethodAccessorImpl.invoke0(Ljava/lang/reflect/Method;Ljava/lang/Object;[Ljava/lang/Object;)Ljava/lang/Object;+0 java.base@11.0.9.1
j  jdk.internal.reflect.NativeMethodAccessorImpl.invoke(Ljava/lang/Object;[Ljava/lang/Object;)Ljava/lang/Object;+100 java.base@11.0.9.1
j  jdk.internal.reflect.DelegatingMethodAccessorImpl.invoke(Ljava/lang/Object;[Ljava/lang/Object;)Ljava/lang/Object;+6 java.base@11.0.9.1
j  java.lang.reflect.Method.invoke(Ljava/lang/Object;[Ljava/lang/Object;)Ljava/lang/Object;+59 java.base@11.0.9.1
j  org.codehaus.plexus.classworlds.launcher.Launcher.launchEnhanced([Ljava/lang/String;)V+45
j  org.codehaus.plexus.classworlds.launcher.Launcher.launch([Ljava/lang/String;)V+2
j  org.codehaus.plexus.classworlds.launcher.Launcher.mainWithExitCode([Ljava/lang/String;)I+101
j  org.codehaus.plexus.classworlds.launcher.Launcher.main([Ljava/lang/String;)V+1
v  ~StubRoutines::call_stub
V  [libjvm.so+0x8575d9]
V  [libjvm.so+0x8cfd66]
V  [libjvm.so+0x8d2720]
C  [libjli.so+0x5a6a]
C  [libjli.so+0x9ce1]


siginfo: si_signo: 11 (SIGSEGV), si_code: 2 (SEGV_ACCERR), si_addr: 0x000000079494dd68

Register to memory mapping:

RAX=0x000000074ba45220 is an oop: com.sun.tools.javac.code.TypeTag 
{0x000000074ba45220} - klass: 'com/sun/tools/javac/code/TypeTag'
RBX={method} {0x00007f9dcc95e590} 'getTag' '()Lcom/sun/tools/javac/code/TypeTag;' in 'com/sun/tools/javac/code/Type$ClassType'
RCX=0x00007f9dcc392a40 is pointing into metadata
RDX=0x00007f9de08a2390 is at code_begin+208 in an Interpreter codelet
invoke return entry points  [0x00007f9de08a22c0, 0x00007f9de08a2ce0]  2592 bytes
RSP=0x00007f9dfca3efa0 is pointing into the stack for thread: 0x00007f9df8016800
RBP=0x00007f9dfca3f050 is pointing into the stack for thread: 0x00007f9df8016800
RSI=0x000000074e067d10 is an oop: com.sun.tools.javac.code.Type$ClassType 
{0x000000074e067d10} - klass: 'com/sun/tools/javac/code/Type$ClassType'
RDI=0x000000074e067d10 is an oop: com.sun.tools.javac.code.Type$ClassType 
{0x000000074e067d10} - klass: 'com/sun/tools/javac/code/Type$ClassType'
R8 =0x0 is NULL
R9 =0x00007f9df8016800 is a thread
R10=0x00007f9dfc8ff000 points into unknown readable memory: 00 00 00 00 00 00 00 00
R11=0x00007f9de1a15000 is at entry_point+0 in (nmethod*)0x00007f9de1a14e10
R12=0x0 is NULL
R13=0x00007f9dfca3f000 is pointing into the stack for thread: 0x00007f9df8016800
R14=0x00007f9dfca3f070 is pointing into the stack for thread: 0x00007f9df8016800
R15=0x00007f9df8016800 is a thread


Registers:
RAX=0x000000074ba45220, RBX=0x00007f9dcc95e590, RCX=0x00007f9dcc392a40, RDX=0x00007f9de08a2390
RSP=0x00007f9dfca3efa0, RBP=0x00007f9dfca3f050, RSI=0x000000074e067d10, RDI=0x000000074e067d10
R8 =0x0000000000000000, R9 =0x00007f9df8016800, R10=0x00007f9dfc8ff000, R11=0x00007f9de1a15000
R12=0x0000000000000000, R13=0x00007f9dfca3f000, R14=0x00007f9dfca3f070, R15=0x00007f9df8016800
RIP=0x00007f9de1a150f4, EFLAGS=0x0000000000010246, CSGSFS=0x002b000000000033, ERR=0x0000000000000004
  TRAPNO=0x000000000000000e

Top of Stack: (sp=0x00007f9dfca3efa0)
0x00007f9dfca3efa0:   00000000ffffffff 0000000000000001
0x00007f9dfca3efb0:   00007f9dfca3eff0 00007f9dfd36f888
0x00007f9dfca3efc0:   00007f9dfdee9e00 00007f9df8023ea0
0x00007f9dfca3efd0:   000000074e067d10 0000000840319800 

Instructions: (pc=0x00007f9de1a150f4)
0x00007f9de1a14ff4:   0c 64 00 00 00 00 00 00 00 00 00 00 89 84 24 00
0x00007f9de1a15004:   c0 fe ff 55 48 83 ec 40 48 bf 00 10 44 cc 9d 7f
0x00007f9de1a15014:   00 00 8b 9f 04 01 00 00 83 c3 08 89 9f 04 01 00
0x00007f9de1a15024:   00 81 e3 f8 1f 00 00 83 fb 00 0f 84 38 04 00 00
0x00007f9de1a15034:   48 3b 06 48 8b fe 48 bb 00 10 44 cc 9d 7f 00 00
0x00007f9de1a15044:   8b 7f 08 48 c1 e7 03 49 bc 00 00 00 00 08 00 00
0x00007f9de1a15054:   00 49 03 fc 4d 33 e4 48 3b bb 50 01 00 00 75 0d
0x00007f9de1a15064:   48 83 83 58 01 00 00 01 e9 66 00 00 00 48 3b bb
0x00007f9de1a15074:   60 01 00 00 75 0d 48 83 83 68 01 00 00 01 e9 50
0x00007f9de1a15084:   00 00 00 48 81 bb 50 01 00 00 00 00 00 00 75 17
0x00007f9de1a15094:   48 89 bb 50 01 00 00 48 c7 83 58 01 00 00 01 00
0x00007f9de1a150a4:   00 00 e9 2c 00 00 00 48 81 bb 60 01 00 00 00 00
0x00007f9de1a150b4:   00 00 75 17 48 89 bb 60 01 00 00 48 c7 83 68 01
0x00007f9de1a150c4:   00 00 01 00 00 00 e9 08 00 00 00 48 83 83 40 01
0x00007f9de1a150d4:   00 00 01 48 8b fe 48 8b f7 48 89 7c 24 30 66 66
0x00007f9de1a150e4:   90 48 b8 d8 35 24 40 08 00 00 10 e8 ac fb ad 06
0x00007f9de1a150f4:   48 3b 80 48 8b f0 48 bf 00 10 44 cc 9d 7f 00 00
0x00007f9de1a15104:   48 83 87 78 01 00 00 01 48 be 80 12 44 cc 9d 7f
0x00007f9de1a15114:   00 00 8b be 04 01 00 00 83 c7 08 89 be 04 01 00
0x00007f9de1a15124:   00 81 e7 f8 ff 7f 00 83 ff 00 0f 84 63 03 00 00
0x00007f9de1a15134:   8b 70 14 48 bf f0 78 f7 4b 07 00 00 00 8b 7f 18
0x00007f9de1a15144:   48 23 f7 83 fe 00 48 be 80 12 44 cc 9d 7f 00 00
0x00007f9de1a15154:   48 bf 40 01 00 00 00 00 00 00 0f 84 0a 00 00 00
0x00007f9de1a15164:   48 bf 50 01 00 00 00 00 00 00 48 8b 1c 3e 48 8d
0x00007f9de1a15174:   5b 01 48 89 1c 3e 0f 84 43 00 00 00 48 be f0 78
0x00007f9de1a15184:   f7 4b 07 00 00 00 48 3b c6 48 be 80 12 44 cc 9d
0x00007f9de1a15194:   7f 00 00 48 bf 70 01 00 00 00 00 00 00 0f 85 0a
0x00007f9de1a151a4:   00 00 00 48 bf 60 01 00 00 00 00 00 00 48 8b 1c
0x00007f9de1a151b4:   3e 48 8d 5b 01 48 89 1c 3e 0f 85 0a 00 00 00 be
0x00007f9de1a151c4:   00 00 00 00 e9 15 00 00 00 48 be 80 12 44 cc 9d
0x00007f9de1a151d4:   7f 00 00 ff 86 80 01 00 00 be 01 00 00 00 83 e6
0x00007f9de1a151e4:   01 83 fe 00 48 be 00 10 44 cc 9d 7f 00 00 48 bf 


Stack slot to memory mapping:
stack at sp + 0 slots: 0x00000000ffffffff is an unknown value
stack at sp + 1 slots: 0x0000000000000001 is an unknown value
stack at sp + 2 slots: 0x00007f9dfca3eff0 is pointing into the stack for thread: 0x00007f9df8016800
stack at sp + 3 slots: 0x00007f9dfd36f888: <offset 0x00000000005e1888> in /usr/lib/jvm/java-11-openjdk-amd64/lib/server/libjvm.so at 0x00007f9dfcd8e000
stack at sp + 4 slots: 0x00007f9dfdee9e00: <offset 0x000000000115be00> in /usr/lib/jvm/java-11-openjdk-amd64/lib/server/libjvm.so at 0x00007f9dfcd8e000
stack at sp + 5 slots: 0x00007f9df8023ea0 points into unknown readable memory: 40 e1 f8 fd 9d 7f 00 00
stack at sp + 6 slots: 0x000000074e067d10 is an oop: com.sun.tools.javac.code.Type$ClassType 
{0x000000074e067d10} - klass: 'com/sun/tools/javac/code/Type$ClassType'
stack at sp + 7 slots: 0x0000000840319800 is a pointer to class: 



---------------  P R O C E S S  ---------------

Threads class SMR info:
_java_thread_list=0x00007f9df81a77b0, length=9, elements={
0x00007f9df8016800, 0x00007f9df8163000, 0x00007f9df8165000, 0x00007f9df816b000,
0x00007f9df816d000, 0x00007f9df816f000, 0x00007f9df8171000, 0x00007f9df81a1000,
0x00007f9df81a6000
}

Java Threads: ( => current thread )
=>0x00007f9df8016800 JavaThread "main" [_thread_in_Java, id=164587, stack(0x00007f9dfc942000,0x00007f9dfca43000)]
  0x00007f9df8163000 JavaThread "Reference Handler" daemon [_thread_blocked, id=164594, stack(0x00007f9dd481d000,0x00007f9dd491e000)]
  0x00007f9df8165000 JavaThread "Finalizer" daemon [_thread_blocked, id=164595, stack(0x00007f9dd471c000,0x00007f9dd481d000)]
  0x00007f9df816b000 JavaThread "Signal Dispatcher" daemon [_thread_blocked, id=164596, stack(0x00007f9dd461b000,0x00007f9dd471c000)]
  0x00007f9df816d000 JavaThread "C2 CompilerThread0" daemon [_thread_in_native, id=164597, stack(0x00007f9dd451a000,0x00007f9dd461b000)]
  0x00007f9df816f000 JavaThread "C1 CompilerThread0" daemon [_thread_blocked, id=164598, stack(0x00007f9dd4419000,0x00007f9dd451a000)]
  0x00007f9df8171000 JavaThread "Sweeper thread" daemon [_thread_blocked, id=164599, stack(0x00007f9dd4318000,0x00007f9dd4419000)]
  0x00007f9df81a1000 JavaThread "Service Thread" daemon [_thread_blocked, id=164600, stack(0x00007f9dd4217000,0x00007f9dd4318000)]
  0x00007f9df81a6000 JavaThread "Common-Cleaner" daemon [_thread_blocked, id=164602, stack(0x00007f9dd4014000,0x00007f9dd4115000)]

Other Threads:
  0x00007f9df8160800 VMThread "VM Thread" [stack: 0x00007f9dd4920000,0x00007f9dd4a20000] [id=164593]
  0x00007f9df81a3800 WatcherThread [stack: 0x00007f9dd4117000,0x00007f9dd4217000] [id=164601]
  0x00007f9df802e000 GCTaskThread "GC Thread#0" [stack: 0x00007f9dfc5f6000,0x00007f9dfc6f6000] [id=164588]
  0x00007f9dc0001000 GCTaskThread "GC Thread#1" [stack: 0x00007f9dcd4ff000,0x00007f9dcd5ff000] [id=164604]
  0x00007f9dc0002800 GCTaskThread "GC Thread#2" [stack: 0x00007f9dcd3fd000,0x00007f9dcd4fd000] [id=164605]
  0x00007f9dc0004000 GCTaskThread "GC Thread#3" [stack: 0x00007f9dcd2fb000,0x00007f9dcd3fb000] [id=164606]
  0x00007f9df8075800 ConcurrentGCThread "G1 Main Marker" [stack: 0x00007f9dfc08d000,0x00007f9dfc18d000] [id=164589]
  0x00007f9df8077800 ConcurrentGCThread "G1 Conc#0" [stack: 0x00007f9de01cd000,0x00007f9de02cd000] [id=164590]
  0x00007f9df8128000 ConcurrentGCThread "G1 Refine#0" [stack: 0x00007f9dd53a5000,0x00007f9dd54a5000] [id=164591]
  0x00007f9df812a000 ConcurrentGCThread "G1 Young RemSet Sampling" [stack: 0x00007f9dd52a3000,0x00007f9dd53a3000] [id=164592]

Threads with active compile tasks:
C2 CompilerThread0   4588 5827       4       com.sun.tools.javac.util.List::map (83 bytes)

VM state:not at safepoint (normal execution)

VM Mutex/Monitor currently owned by a thread: None

Heap address: 0x0000000746800000, size: 2968 MB, Compressed Oops mode: Zero based, Oop shift amount: 3
Narrow klass base: 0x0000000800000000, Narrow klass shift: 3
Compressed class space size: 1073741824 Address: 0x0000000840000000

Heap:
 garbage-first heap   total 231424K, used 119695K [0x0000000746800000, 0x0000000800000000)
  region size 1024K, 115 young (117760K), 11 survivors (11264K)
 Metaspace       used 26278K, capacity 27058K, committed 27312K, reserved 1073152K
  class space    used 2945K, capacity 3221K, committed 3328K, reserved 1048576K
Heap Regions: E=young(eden), S=young(survivor), O=old, HS=humongous(starts), HC=humongous(continues), CS=collection set, F=free, A=archive, TAMS=top-at-mark-start (previous, next)
|   0|0x0000000746800000, 0x0000000746900000, 0x0000000746900000|100%| O|  |TAMS 0x0000000746900000, 0x0000000746800000| Untracked 
|   1|0x0000000746900000, 0x0000000746a00000, 0x0000000746a00000|100%| O|  |TAMS 0x0000000746a00000, 0x0000000746900000| Untracked 
|   2|0x0000000746a00000, 0x0000000746a7b400, 0x0000000746b00000| 48%| O|  |TAMS 0x0000000746a7b400, 0x0000000746a00000| Untracked 
|   3|0x0000000746b00000, 0x0000000746c00000, 0x0000000746c00000|100%|HS|  |TAMS 0x0000000746b00000, 0x0000000746b00000| Complete 
|   4|0x0000000746c00000, 0x0000000746c00000, 0x0000000746d00000|  0%| F|  |TAMS 0x0000000746c00000, 0x0000000746c00000| Untracked 
|   5|0x0000000746d00000, 0x0000000746d00000, 0x0000000746e00000|  0%| F|  |TAMS 0x0000000746d00000, 0x0000000746d00000| Untracked 
|   6|0x0000000746e00000, 0x0000000746e00000, 0x0000000746f00000|  0%| F|  |TAMS 0x0000000746e00000, 0x0000000746e00000| Untracked 
|   7|0x0000000746f00000, 0x0000000746f00000, 0x0000000747000000|  0%| F|  |TAMS 0x0000000746f00000, 0x0000000746f00000| Untracked 
|   8|0x0000000747000000, 0x0000000747000000, 0x0000000747100000|  0%| F|  |TAMS 0x0000000747000000, 0x0000000747000000| Untracked 
|   9|0x0000000747100000, 0x0000000747100000, 0x0000000747200000|  0%| F|  |TAMS 0x0000000747100000, 0x0000000747100000| Untracked 
|  10|0x0000000747200000, 0x0000000747200000, 0x0000000747300000|  0%| F|  |TAMS 0x0000000747200000, 0x0000000747200000| Untracked 
|  11|0x0000000747300000, 0x0000000747300000, 0x0000000747400000|  0%| F|  |TAMS 0x0000000747300000, 0x0000000747300000| Untracked 
|  12|0x0000000747400000, 0x0000000747400000, 0x0000000747500000|  0%| F|  |TAMS 0x0000000747400000, 0x0000000747400000| Untracked 
|  13|0x0000000747500000, 0x0000000747500000, 0x0000000747600000|  0%| F|  |TAMS 0x0000000747500000, 0x0000000747500000| Untracked 
|  14|0x0000000747600000, 0x0000000747600000, 0x0000000747700000|  0%| F|  |TAMS 0x0000000747600000, 0x0000000747600000| Untracked 
|  15|0x0000000747700000, 0x0000000747700000, 0x0000000747800000|  0%| F|  |TAMS 0x0000000747700000, 0x0000000747700000| Untracked 
|  16|0x0000000747800000, 0x0000000747800000, 0x0000000747900000|  0%| F|  |TAMS 0x0000000747800000, 0x0000000747800000| Untracked 
|  17|0x0000000747900000, 0x0000000747900000, 0x0000000747a00000|  0%| F|  |TAMS 0x0000000747900000, 0x0000000747900000| Untracked 
|  18|0x0000000747a00000, 0x0000000747a00000, 0x0000000747b00000|  0%| F|  |TAMS 0x0000000747a00000, 0x0000000747a00000| Untracked 
|  19|0x0000000747b00000, 0x0000000747b00000, 0x0000000747c00000|  0%| F|  |TAMS 0x0000000747b00000, 0x0000000747b00000| Untracked 
|  20|0x0000000747c00000, 0x0000000747c00000, 0x0000000747d00000|  0%| F|  |TAMS 0x0000000747c00000, 0x0000000747c00000| Untracked 
|  21|0x0000000747d00000, 0x0000000747d00000, 0x0000000747e00000|  0%| F|  |TAMS 0x0000000747d00000, 0x0000000747d00000| Untracked 
|  22|0x0000000747e00000, 0x0000000747e00000, 0x0000000747f00000|  0%| F|  |TAMS 0x0000000747e00000, 0x0000000747e00000| Untracked 
|  23|0x0000000747f00000, 0x0000000747f00000, 0x0000000748000000|  0%| F|  |TAMS 0x0000000747f00000, 0x0000000747f00000| Untracked 
|  24|0x0000000748000000, 0x0000000748000000, 0x0000000748100000|  0%| F|  |TAMS 0x0000000748000000, 0x0000000748000000| Untracked 
|  25|0x0000000748100000, 0x0000000748100000, 0x0000000748200000|  0%| F|  |TAMS 0x0000000748100000, 0x0000000748100000| Untracked 
|  26|0x0000000748200000, 0x0000000748200000, 0x0000000748300000|  0%| F|  |TAMS 0x0000000748200000, 0x0000000748200000| Untracked 
|  27|0x0000000748300000, 0x0000000748300000, 0x0000000748400000|  0%| F|  |TAMS 0x0000000748300000, 0x0000000748300000| Untracked 
|  28|0x0000000748400000, 0x0000000748400000, 0x0000000748500000|  0%| F|  |TAMS 0x0000000748400000, 0x0000000748400000| Untracked 
|  29|0x0000000748500000, 0x0000000748500000, 0x0000000748600000|  0%| F|  |TAMS 0x0000000748500000, 0x0000000748500000| Untracked 
|  30|0x0000000748600000, 0x0000000748600000, 0x0000000748700000|  0%| F|  |TAMS 0x0000000748600000, 0x0000000748600000| Untracked 
|  31|0x0000000748700000, 0x0000000748700000, 0x0000000748800000|  0%| F|  |TAMS 0x0000000748700000, 0x0000000748700000| Untracked 
|  32|0x0000000748800000, 0x0000000748800000, 0x0000000748900000|  0%| F|  |TAMS 0x0000000748800000, 0x0000000748800000| Untracked 
|  33|0x0000000748900000, 0x0000000748900000, 0x0000000748a00000|  0%| F|  |TAMS 0x0000000748900000, 0x0000000748900000| Untracked 
|  34|0x0000000748a00000, 0x0000000748a00000, 0x0000000748b00000|  0%| F|  |TAMS 0x0000000748a00000, 0x0000000748a00000| Untracked 
|  35|0x0000000748b00000, 0x0000000748b00000, 0x0000000748c00000|  0%| F|  |TAMS 0x0000000748b00000, 0x0000000748b00000| Untracked 
|  36|0x0000000748c00000, 0x0000000748c00000, 0x0000000748d00000|  0%| F|  |TAMS 0x0000000748c00000, 0x0000000748c00000| Untracked 
|  37|0x0000000748d00000, 0x0000000748d00000, 0x0000000748e00000|  0%| F|  |TAMS 0x0000000748d00000, 0x0000000748d00000| Untracked 
|  38|0x0000000748e00000, 0x0000000748e00000, 0x0000000748f00000|  0%| F|  |TAMS 0x0000000748e00000, 0x0000000748e00000| Untracked 
|  39|0x0000000748f00000, 0x0000000748f00000, 0x0000000749000000|  0%| F|  |TAMS 0x0000000748f00000, 0x0000000748f00000| Untracked 
|  40|0x0000000749000000, 0x0000000749000000, 0x0000000749100000|  0%| F|  |TAMS 0x0000000749000000, 0x0000000749000000| Untracked 
|  41|0x0000000749100000, 0x0000000749100000, 0x0000000749200000|  0%| F|  |TAMS 0x0000000749100000, 0x0000000749100000| Untracked 
|  42|0x0000000749200000, 0x0000000749200000, 0x0000000749300000|  0%| F|  |TAMS 0x0000000749200000, 0x0000000749200000| Untracked 
|  43|0x0000000749300000, 0x0000000749300000, 0x0000000749400000|  0%| F|  |TAMS 0x0000000749300000, 0x0000000749300000| Untracked 
|  44|0x0000000749400000, 0x0000000749400000, 0x0000000749500000|  0%| F|  |TAMS 0x0000000749400000, 0x0000000749400000| Untracked 
|  45|0x0000000749500000, 0x0000000749500000, 0x0000000749600000|  0%| F|  |TAMS 0x0000000749500000, 0x0000000749500000| Untracked 
|  46|0x0000000749600000, 0x0000000749600000, 0x0000000749700000|  0%| F|  |TAMS 0x0000000749600000, 0x0000000749600000| Untracked 
|  47|0x0000000749700000, 0x0000000749700000, 0x0000000749800000|  0%| F|  |TAMS 0x0000000749700000, 0x0000000749700000| Untracked 
|  48|0x0000000749800000, 0x0000000749800000, 0x0000000749900000|  0%| F|  |TAMS 0x0000000749800000, 0x0000000749800000| Untracked 
|  49|0x0000000749900000, 0x0000000749900000, 0x0000000749a00000|  0%| F|  |TAMS 0x0000000749900000, 0x0000000749900000| Untracked 
|  50|0x0000000749a00000, 0x0000000749a00000, 0x0000000749b00000|  0%| F|  |TAMS 0x0000000749a00000, 0x0000000749a00000| Untracked 
|  51|0x0000000749b00000, 0x0000000749b00000, 0x0000000749c00000|  0%| F|  |TAMS 0x0000000749b00000, 0x0000000749b00000| Untracked 
|  52|0x0000000749c00000, 0x0000000749c00000, 0x0000000749d00000|  0%| F|  |TAMS 0x0000000749c00000, 0x0000000749c00000| Untracked 
|  53|0x0000000749d00000, 0x0000000749d00000, 0x0000000749e00000|  0%| F|  |TAMS 0x0000000749d00000, 0x0000000749d00000| Untracked 
|  54|0x0000000749e00000, 0x0000000749e00000, 0x0000000749f00000|  0%| F|  |TAMS 0x0000000749e00000, 0x0000000749e00000| Untracked 
|  55|0x0000000749f00000, 0x0000000749f00000, 0x000000074a000000|  0%| F|  |TAMS 0x0000000749f00000, 0x0000000749f00000| Untracked 
|  56|0x000000074a000000, 0x000000074a000000, 0x000000074a100000|  0%| F|  |TAMS 0x000000074a000000, 0x000000074a000000| Untracked 
|  57|0x000000074a100000, 0x000000074a100000, 0x000000074a200000|  0%| F|  |TAMS 0x000000074a100000, 0x000000074a100000| Untracked 
|  58|0x000000074a200000, 0x000000074a200000, 0x000000074a300000|  0%| F|  |TAMS 0x000000074a200000, 0x000000074a200000| Untracked 
|  59|0x000000074a300000, 0x000000074a300000, 0x000000074a400000|  0%| F|  |TAMS 0x000000074a300000, 0x000000074a300000| Untracked 
|  60|0x000000074a400000, 0x000000074a400000, 0x000000074a500000|  0%| F|  |TAMS 0x000000074a400000, 0x000000074a400000| Untracked 
|  61|0x000000074a500000, 0x000000074a500000, 0x000000074a600000|  0%| F|  |TAMS 0x000000074a500000, 0x000000074a500000| Untracked 
|  62|0x000000074a600000, 0x000000074a600000, 0x000000074a700000|  0%| F|  |TAMS 0x000000074a600000, 0x000000074a600000| Untracked 
|  63|0x000000074a700000, 0x000000074a700000, 0x000000074a800000|  0%| F|  |TAMS 0x000000074a700000, 0x000000074a700000| Untracked 
|  64|0x000000074a800000, 0x000000074a800000, 0x000000074a900000|  0%| F|  |TAMS 0x000000074a800000, 0x000000074a800000| Untracked 
|  65|0x000000074a900000, 0x000000074a900000, 0x000000074aa00000|  0%| F|  |TAMS 0x000000074a900000, 0x000000074a900000| Untracked 
|  66|0x000000074aa00000, 0x000000074aa00000, 0x000000074ab00000|  0%| F|  |TAMS 0x000000074aa00000, 0x000000074aa00000| Untracked 
|  67|0x000000074ab00000, 0x000000074ab00000, 0x000000074ac00000|  0%| F|  |TAMS 0x000000074ab00000, 0x000000074ab00000| Untracked 
|  68|0x000000074ac00000, 0x000000074ac00000, 0x000000074ad00000|  0%| F|  |TAMS 0x000000074ac00000, 0x000000074ac00000| Untracked 
|  69|0x000000074ad00000, 0x000000074ad00000, 0x000000074ae00000|  0%| F|  |TAMS 0x000000074ad00000, 0x000000074ad00000| Untracked 
|  70|0x000000074ae00000, 0x000000074ae00000, 0x000000074af00000|  0%| F|  |TAMS 0x000000074ae00000, 0x000000074ae00000| Untracked 
|  71|0x000000074af00000, 0x000000074af00000, 0x000000074b000000|  0%| F|  |TAMS 0x000000074af00000, 0x000000074af00000| Untracked 
|  72|0x000000074b000000, 0x000000074b000000, 0x000000074b100000|  0%| F|  |TAMS 0x000000074b000000, 0x000000074b000000| Untracked 
|  73|0x000000074b100000, 0x000000074b100000, 0x000000074b200000|  0%| F|  |TAMS 0x000000074b100000, 0x000000074b100000| Untracked 
|  74|0x000000074b200000, 0x000000074b200000, 0x000000074b300000|  0%| F|  |TAMS 0x000000074b200000, 0x000000074b200000| Untracked 
|  75|0x000000074b300000, 0x000000074b300000, 0x000000074b400000|  0%| F|  |TAMS 0x000000074b300000, 0x000000074b300000| Untracked 
|  76|0x000000074b400000, 0x000000074b400000, 0x000000074b500000|  0%| F|  |TAMS 0x000000074b400000, 0x000000074b400000| Untracked 
|  77|0x000000074b500000, 0x000000074b5b6850, 0x000000074b600000| 71%| S|CS|TAMS 0x000000074b500000, 0x000000074b500000| Complete 
|  78|0x000000074b600000, 0x000000074b700000, 0x000000074b700000|100%| S|CS|TAMS 0x000000074b600000, 0x000000074b600000| Complete 
|  79|0x000000074b700000, 0x000000074b800000, 0x000000074b800000|100%| S|CS|TAMS 0x000000074b700000, 0x000000074b700000| Complete 
|  80|0x000000074b800000, 0x000000074b900000, 0x000000074b900000|100%| S|CS|TAMS 0x000000074b800000, 0x000000074b800000| Complete 
|  81|0x000000074b900000, 0x000000074ba00000, 0x000000074ba00000|100%| S|CS|TAMS 0x000000074b900000, 0x000000074b900000| Complete 
|  82|0x000000074ba00000, 0x000000074bb00000, 0x000000074bb00000|100%| S|CS|TAMS 0x000000074ba00000, 0x000000074ba00000| Complete 
|  83|0x000000074bb00000, 0x000000074bc00000, 0x000000074bc00000|100%| S|CS|TAMS 0x000000074bb00000, 0x000000074bb00000| Complete 
|  84|0x000000074bc00000, 0x000000074bd00000, 0x000000074bd00000|100%| S|CS|TAMS 0x000000074bc00000, 0x000000074bc00000| Complete 
|  85|0x000000074bd00000, 0x000000074be00000, 0x000000074be00000|100%| S|CS|TAMS 0x000000074bd00000, 0x000000074bd00000| Complete 
|  86|0x000000074be00000, 0x000000074bf00000, 0x000000074bf00000|100%| S|CS|TAMS 0x000000074be00000, 0x000000074be00000| Complete 
|  87|0x000000074bf00000, 0x000000074c000000, 0x000000074c000000|100%| S|CS|TAMS 0x000000074bf00000, 0x000000074bf00000| Complete 
|  88|0x000000074c000000, 0x000000074c000000, 0x000000074c100000|  0%| F|  |TAMS 0x000000074c000000, 0x000000074c000000| Untracked 
|  89|0x000000074c100000, 0x000000074c100000, 0x000000074c200000|  0%| F|  |TAMS 0x000000074c100000, 0x000000074c100000| Untracked 
|  90|0x000000074c200000, 0x000000074c200000, 0x000000074c300000|  0%| F|  |TAMS 0x000000074c200000, 0x000000074c200000| Untracked 
|  91|0x000000074c300000, 0x000000074c300000, 0x000000074c400000|  0%| F|  |TAMS 0x000000074c300000, 0x000000074c300000| Untracked 
|  92|0x000000074c400000, 0x000000074c400000, 0x000000074c500000|  0%| F|  |TAMS 0x000000074c400000, 0x000000074c400000| Untracked 
|  93|0x000000074c500000, 0x000000074c500000, 0x000000074c600000|  0%| F|  |TAMS 0x000000074c500000, 0x000000074c500000| Untracked 
|  94|0x000000074c600000, 0x000000074c600000, 0x000000074c700000|  0%| F|  |TAMS 0x000000074c600000, 0x000000074c600000| Untracked 
|  95|0x000000074c700000, 0x000000074c700000, 0x000000074c800000|  0%| F|  |TAMS 0x000000074c700000, 0x000000074c700000| Untracked 
|  96|0x000000074c800000, 0x000000074c800000, 0x000000074c900000|  0%| F|  |TAMS 0x000000074c800000, 0x000000074c800000| Untracked 
|  97|0x000000074c900000, 0x000000074c900000, 0x000000074ca00000|  0%| F|  |TAMS 0x000000074c900000, 0x000000074c900000| Untracked 
|  98|0x000000074ca00000, 0x000000074ca00000, 0x000000074cb00000|  0%| F|  |TAMS 0x000000074ca00000, 0x000000074ca00000| Untracked 
|  99|0x000000074cb00000, 0x000000074cb00000, 0x000000074cc00000|  0%| F|  |TAMS 0x000000074cb00000, 0x000000074cb00000| Untracked 
| 100|0x000000074cc00000, 0x000000074cc00000, 0x000000074cd00000|  0%| F|  |TAMS 0x000000074cc00000, 0x000000074cc00000| Untracked 
| 101|0x000000074cd00000, 0x000000074cd00000, 0x000000074ce00000|  0%| F|  |TAMS 0x000000074cd00000, 0x000000074cd00000| Untracked 
| 102|0x000000074ce00000, 0x000000074ce00000, 0x000000074cf00000|  0%| F|  |TAMS 0x000000074ce00000, 0x000000074ce00000| Untracked 
| 103|0x000000074cf00000, 0x000000074cf00000, 0x000000074d000000|  0%| F|  |TAMS 0x000000074cf00000, 0x000000074cf00000| Untracked 
| 104|0x000000074d000000, 0x000000074d000000, 0x000000074d100000|  0%| F|  |TAMS 0x000000074d000000, 0x000000074d000000| Untracked 
| 105|0x000000074d100000, 0x000000074d100000, 0x000000074d200000|  0%| F|  |TAMS 0x000000074d100000, 0x000000074d100000| Untracked 
| 106|0x000000074d200000, 0x000000074d200000, 0x000000074d300000|  0%| F|  |TAMS 0x000000074d200000, 0x000000074d200000| Untracked 
| 107|0x000000074d300000, 0x000000074d300000, 0x000000074d400000|  0%| F|  |TAMS 0x000000074d300000, 0x000000074d300000| Untracked 
| 108|0x000000074d400000, 0x000000074d400000, 0x000000074d500000|  0%| F|  |TAMS 0x000000074d400000, 0x000000074d400000| Untracked 
| 109|0x000000074d500000, 0x000000074d500000, 0x000000074d600000|  0%| F|  |TAMS 0x000000074d500000, 0x000000074d500000| Untracked 
| 110|0x000000074d600000, 0x000000074d600000, 0x000000074d700000|  0%| F|  |TAMS 0x000000074d600000, 0x000000074d600000| Untracked 
| 111|0x000000074d700000, 0x000000074d700000, 0x000000074d800000|  0%| F|  |TAMS 0x000000074d700000, 0x000000074d700000| Untracked 
| 112|0x000000074d800000, 0x000000074d800000, 0x000000074d900000|  0%| F|  |TAMS 0x000000074d800000, 0x000000074d800000| Untracked 
| 113|0x000000074d900000, 0x000000074d900000, 0x000000074da00000|  0%| F|  |TAMS 0x000000074d900000, 0x000000074d900000| Untracked 
| 114|0x000000074da00000, 0x000000074da00000, 0x000000074db00000|  0%| F|  |TAMS 0x000000074da00000, 0x000000074da00000| Untracked 
| 115|0x000000074db00000, 0x000000074db00000, 0x000000074dc00000|  0%| F|  |TAMS 0x000000074db00000, 0x000000074db00000| Untracked 
| 116|0x000000074dc00000, 0x000000074dc00000, 0x000000074dd00000|  0%| F|  |TAMS 0x000000074dc00000, 0x000000074dc00000| Untracked 
| 117|0x000000074dd00000, 0x000000074dd00000, 0x000000074de00000|  0%| F|  |TAMS 0x000000074dd00000, 0x000000074dd00000| Untracked 
| 118|0x000000074de00000, 0x000000074de00000, 0x000000074df00000|  0%| F|  |TAMS 0x000000074de00000, 0x000000074de00000| Untracked 
| 119|0x000000074df00000, 0x000000074df00000, 0x000000074e000000|  0%| F|  |TAMS 0x000000074df00000, 0x000000074df00000| Untracked 
| 120|0x000000074e000000, 0x000000074e080800, 0x000000074e100000| 50%| E|  |TAMS 0x000000074e000000, 0x000000074e000000| Complete 
| 121|0x000000074e100000, 0x000000074e200000, 0x000000074e200000|100%| E|CS|TAMS 0x000000074e100000, 0x000000074e100000| Complete 
| 122|0x000000074e200000, 0x000000074e300000, 0x000000074e300000|100%| E|CS|TAMS 0x000000074e200000, 0x000000074e200000| Complete 
| 123|0x000000074e300000, 0x000000074e400000, 0x000000074e400000|100%| E|CS|TAMS 0x000000074e300000, 0x000000074e300000| Complete 
| 124|0x000000074e400000, 0x000000074e500000, 0x000000074e500000|100%| E|CS|TAMS 0x000000074e400000, 0x000000074e400000| Complete 
| 125|0x000000074e500000, 0x000000074e600000, 0x000000074e600000|100%| E|CS|TAMS 0x000000074e500000, 0x000000074e500000| Complete 
| 126|0x000000074e600000, 0x000000074e700000, 0x000000074e700000|100%| E|CS|TAMS 0x000000074e600000, 0x000000074e600000| Complete 
| 127|0x000000074e700000, 0x000000074e800000, 0x000000074e800000|100%| E|CS|TAMS 0x000000074e700000, 0x000000074e700000| Complete 
| 128|0x000000074e800000, 0x000000074e900000, 0x000000074e900000|100%| E|CS|TAMS 0x000000074e800000, 0x000000074e800000| Complete 
| 129|0x000000074e900000, 0x000000074ea00000, 0x000000074ea00000|100%| E|CS|TAMS 0x000000074e900000, 0x000000074e900000| Complete 
| 130|0x000000074ea00000, 0x000000074eb00000, 0x000000074eb00000|100%| E|CS|TAMS 0x000000074ea00000, 0x000000074ea00000| Complete 
| 131|0x000000074eb00000, 0x000000074ec00000, 0x000000074ec00000|100%| E|CS|TAMS 0x000000074eb00000, 0x000000074eb00000| Complete 
| 132|0x000000074ec00000, 0x000000074ed00000, 0x000000074ed00000|100%| E|CS|TAMS 0x000000074ec00000, 0x000000074ec00000| Complete 
| 133|0x000000074ed00000, 0x000000074ee00000, 0x000000074ee00000|100%| E|CS|TAMS 0x000000074ed00000, 0x000000074ed00000| Complete 
| 134|0x000000074ee00000, 0x000000074ef00000, 0x000000074ef00000|100%| E|CS|TAMS 0x000000074ee00000, 0x000000074ee00000| Complete 
| 135|0x000000074ef00000, 0x000000074f000000, 0x000000074f000000|100%| E|CS|TAMS 0x000000074ef00000, 0x000000074ef00000| Complete 
| 136|0x000000074f000000, 0x000000074f100000, 0x000000074f100000|100%| E|CS|TAMS 0x000000074f000000, 0x000000074f000000| Complete 
| 137|0x000000074f100000, 0x000000074f200000, 0x000000074f200000|100%| E|CS|TAMS 0x000000074f100000, 0x000000074f100000| Complete 
| 138|0x000000074f200000, 0x000000074f300000, 0x000000074f300000|100%| E|CS|TAMS 0x000000074f200000, 0x000000074f200000| Complete 
| 139|0x000000074f300000, 0x000000074f400000, 0x000000074f400000|100%| E|CS|TAMS 0x000000074f300000, 0x000000074f300000| Complete 
| 140|0x000000074f400000, 0x000000074f500000, 0x000000074f500000|100%| E|CS|TAMS 0x000000074f400000, 0x000000074f400000| Complete 
| 141|0x000000074f500000, 0x000000074f600000, 0x000000074f600000|100%| E|CS|TAMS 0x000000074f500000, 0x000000074f500000| Complete 
| 142|0x000000074f600000, 0x000000074f700000, 0x000000074f700000|100%| E|CS|TAMS 0x000000074f600000, 0x000000074f600000| Complete 
| 143|0x000000074f700000, 0x000000074f800000, 0x000000074f800000|100%| E|CS|TAMS 0x000000074f700000, 0x000000074f700000| Complete 
| 144|0x000000074f800000, 0x000000074f900000, 0x000000074f900000|100%| E|CS|TAMS 0x000000074f800000, 0x000000074f800000| Complete 
| 145|0x000000074f900000, 0x000000074fa00000, 0x000000074fa00000|100%| E|CS|TAMS 0x000000074f900000, 0x000000074f900000| Complete 
| 146|0x000000074fa00000, 0x000000074fb00000, 0x000000074fb00000|100%| E|CS|TAMS 0x000000074fa00000, 0x000000074fa00000| Complete 
| 147|0x000000074fb00000, 0x000000074fc00000, 0x000000074fc00000|100%| E|CS|TAMS 0x000000074fb00000, 0x000000074fb00000| Complete 
| 148|0x000000074fc00000, 0x000000074fd00000, 0x000000074fd00000|100%| E|CS|TAMS 0x000000074fc00000, 0x000000074fc00000| Complete 
| 149|0x000000074fd00000, 0x000000074fe00000, 0x000000074fe00000|100%| E|CS|TAMS 0x000000074fd00000, 0x000000074fd00000| Complete 
| 150|0x000000074fe00000, 0x000000074ff00000, 0x000000074ff00000|100%| E|CS|TAMS 0x000000074fe00000, 0x000000074fe00000| Complete 
| 151|0x000000074ff00000, 0x0000000750000000, 0x0000000750000000|100%| E|CS|TAMS 0x000000074ff00000, 0x000000074ff00000| Complete 
| 152|0x0000000750000000, 0x0000000750100000, 0x0000000750100000|100%| E|CS|TAMS 0x0000000750000000, 0x0000000750000000| Complete 
| 153|0x0000000750100000, 0x0000000750200000, 0x0000000750200000|100%| E|CS|TAMS 0x0000000750100000, 0x0000000750100000| Complete 
| 154|0x0000000750200000, 0x0000000750300000, 0x0000000750300000|100%| E|CS|TAMS 0x0000000750200000, 0x0000000750200000| Complete 
| 155|0x0000000750300000, 0x0000000750400000, 0x0000000750400000|100%| E|CS|TAMS 0x0000000750300000, 0x0000000750300000| Complete 
| 156|0x0000000750400000, 0x0000000750500000, 0x0000000750500000|100%| E|CS|TAMS 0x0000000750400000, 0x0000000750400000| Complete 
| 157|0x0000000750500000, 0x0000000750600000, 0x0000000750600000|100%| E|CS|TAMS 0x0000000750500000, 0x0000000750500000| Complete 
| 158|0x0000000750600000, 0x0000000750700000, 0x0000000750700000|100%| E|CS|TAMS 0x0000000750600000, 0x0000000750600000| Complete 
| 159|0x0000000750700000, 0x0000000750800000, 0x0000000750800000|100%| E|CS|TAMS 0x0000000750700000, 0x0000000750700000| Complete 
| 160|0x0000000750800000, 0x0000000750900000, 0x0000000750900000|100%| E|CS|TAMS 0x0000000750800000, 0x0000000750800000| Complete 
| 161|0x0000000750900000, 0x0000000750a00000, 0x0000000750a00000|100%| E|CS|TAMS 0x0000000750900000, 0x0000000750900000| Complete 
| 162|0x0000000750a00000, 0x0000000750b00000, 0x0000000750b00000|100%| E|CS|TAMS 0x0000000750a00000, 0x0000000750a00000| Complete 
| 163|0x0000000750b00000, 0x0000000750c00000, 0x0000000750c00000|100%| E|CS|TAMS 0x0000000750b00000, 0x0000000750b00000| Complete 
| 164|0x0000000750c00000, 0x0000000750d00000, 0x0000000750d00000|100%| E|CS|TAMS 0x0000000750c00000, 0x0000000750c00000| Complete 
| 165|0x0000000750d00000, 0x0000000750e00000, 0x0000000750e00000|100%| E|CS|TAMS 0x0000000750d00000, 0x0000000750d00000| Complete 
| 166|0x0000000750e00000, 0x0000000750f00000, 0x0000000750f00000|100%| E|CS|TAMS 0x0000000750e00000, 0x0000000750e00000| Complete 
| 167|0x0000000750f00000, 0x0000000751000000, 0x0000000751000000|100%| E|CS|TAMS 0x0000000750f00000, 0x0000000750f00000| Complete 
| 168|0x0000000751000000, 0x0000000751100000, 0x0000000751100000|100%| E|CS|TAMS 0x0000000751000000, 0x0000000751000000| Complete 
| 169|0x0000000751100000, 0x0000000751200000, 0x0000000751200000|100%| E|CS|TAMS 0x0000000751100000, 0x0000000751100000| Complete 
| 170|0x0000000751200000, 0x0000000751300000, 0x0000000751300000|100%| E|CS|TAMS 0x0000000751200000, 0x0000000751200000| Complete 
| 171|0x0000000751300000, 0x0000000751400000, 0x0000000751400000|100%| E|CS|TAMS 0x0000000751300000, 0x0000000751300000| Complete 
| 172|0x0000000751400000, 0x0000000751500000, 0x0000000751500000|100%| E|CS|TAMS 0x0000000751400000, 0x0000000751400000| Complete 
| 173|0x0000000751500000, 0x0000000751600000, 0x0000000751600000|100%| E|CS|TAMS 0x0000000751500000, 0x0000000751500000| Complete 
| 174|0x0000000751600000, 0x0000000751700000, 0x0000000751700000|100%| E|CS|TAMS 0x0000000751600000, 0x0000000751600000| Complete 
| 175|0x0000000751700000, 0x0000000751800000, 0x0000000751800000|100%| E|CS|TAMS 0x0000000751700000, 0x0000000751700000| Complete 
| 176|0x0000000751800000, 0x0000000751900000, 0x0000000751900000|100%| E|CS|TAMS 0x0000000751800000, 0x0000000751800000| Complete 
| 177|0x0000000751900000, 0x0000000751a00000, 0x0000000751a00000|100%| E|CS|TAMS 0x0000000751900000, 0x0000000751900000| Complete 
| 178|0x0000000751a00000, 0x0000000751b00000, 0x0000000751b00000|100%| E|CS|TAMS 0x0000000751a00000, 0x0000000751a00000| Complete 
| 179|0x0000000751b00000, 0x0000000751c00000, 0x0000000751c00000|100%| E|CS|TAMS 0x0000000751b00000, 0x0000000751b00000| Complete 
| 180|0x0000000751c00000, 0x0000000751d00000, 0x0000000751d00000|100%| E|CS|TAMS 0x0000000751c00000, 0x0000000751c00000| Complete 
| 181|0x0000000751d00000, 0x0000000751e00000, 0x0000000751e00000|100%| E|CS|TAMS 0x0000000751d00000, 0x0000000751d00000| Complete 
| 182|0x0000000751e00000, 0x0000000751f00000, 0x0000000751f00000|100%| E|CS|TAMS 0x0000000751e00000, 0x0000000751e00000| Complete 
| 183|0x0000000751f00000, 0x0000000752000000, 0x0000000752000000|100%| E|CS|TAMS 0x0000000751f00000, 0x0000000751f00000| Complete 
| 184|0x0000000752000000, 0x0000000752100000, 0x0000000752100000|100%| E|CS|TAMS 0x0000000752000000, 0x0000000752000000| Complete 
| 185|0x0000000752100000, 0x0000000752200000, 0x0000000752200000|100%| E|CS|TAMS 0x0000000752100000, 0x0000000752100000| Complete 
| 186|0x0000000752200000, 0x0000000752300000, 0x0000000752300000|100%| E|CS|TAMS 0x0000000752200000, 0x0000000752200000| Complete 
| 187|0x0000000752300000, 0x0000000752400000, 0x0000000752400000|100%| E|CS|TAMS 0x0000000752300000, 0x0000000752300000| Complete 
| 188|0x0000000752400000, 0x0000000752500000, 0x0000000752500000|100%| E|CS|TAMS 0x0000000752400000, 0x0000000752400000| Complete 
| 189|0x0000000752500000, 0x0000000752600000, 0x0000000752600000|100%| E|CS|TAMS 0x0000000752500000, 0x0000000752500000| Complete 
| 190|0x0000000752600000, 0x0000000752700000, 0x0000000752700000|100%| E|CS|TAMS 0x0000000752600000, 0x0000000752600000| Complete 
| 191|0x0000000752700000, 0x0000000752800000, 0x0000000752800000|100%| E|CS|TAMS 0x0000000752700000, 0x0000000752700000| Complete 
| 192|0x0000000752800000, 0x0000000752900000, 0x0000000752900000|100%| E|CS|TAMS 0x0000000752800000, 0x0000000752800000| Complete 
| 193|0x0000000752900000, 0x0000000752a00000, 0x0000000752a00000|100%| E|CS|TAMS 0x0000000752900000, 0x0000000752900000| Complete 
| 194|0x0000000752a00000, 0x0000000752b00000, 0x0000000752b00000|100%| E|CS|TAMS 0x0000000752a00000, 0x0000000752a00000| Complete 
| 195|0x0000000752b00000, 0x0000000752c00000, 0x0000000752c00000|100%| E|CS|TAMS 0x0000000752b00000, 0x0000000752b00000| Complete 
| 196|0x0000000752c00000, 0x0000000752d00000, 0x0000000752d00000|100%| E|CS|TAMS 0x0000000752c00000, 0x0000000752c00000| Complete 
| 197|0x0000000752d00000, 0x0000000752e00000, 0x0000000752e00000|100%| E|CS|TAMS 0x0000000752d00000, 0x0000000752d00000| Complete 
| 198|0x0000000752e00000, 0x0000000752f00000, 0x0000000752f00000|100%| E|CS|TAMS 0x0000000752e00000, 0x0000000752e00000| Complete 
| 199|0x0000000752f00000, 0x0000000753000000, 0x0000000753000000|100%| E|CS|TAMS 0x0000000752f00000, 0x0000000752f00000| Complete 
| 200|0x0000000753000000, 0x0000000753100000, 0x0000000753100000|100%| E|CS|TAMS 0x0000000753000000, 0x0000000753000000| Complete 
| 201|0x0000000753100000, 0x0000000753200000, 0x0000000753200000|100%| E|CS|TAMS 0x0000000753100000, 0x0000000753100000| Complete 
| 202|0x0000000753200000, 0x0000000753300000, 0x0000000753300000|100%| E|CS|TAMS 0x0000000753200000, 0x0000000753200000| Complete 
| 203|0x0000000753300000, 0x0000000753400000, 0x0000000753400000|100%| E|CS|TAMS 0x0000000753300000, 0x0000000753300000| Complete 
| 204|0x0000000753400000, 0x0000000753500000, 0x0000000753500000|100%| E|CS|TAMS 0x0000000753400000, 0x0000000753400000| Complete 
| 205|0x0000000753500000, 0x0000000753600000, 0x0000000753600000|100%| E|CS|TAMS 0x0000000753500000, 0x0000000753500000| Complete 
| 206|0x0000000753600000, 0x0000000753700000, 0x0000000753700000|100%| E|CS|TAMS 0x0000000753600000, 0x0000000753600000| Complete 
| 207|0x0000000753700000, 0x0000000753800000, 0x0000000753800000|100%| E|CS|TAMS 0x0000000753700000, 0x0000000753700000| Complete 
| 208|0x0000000753800000, 0x0000000753900000, 0x0000000753900000|100%| E|CS|TAMS 0x0000000753800000, 0x0000000753800000| Complete 
| 209|0x0000000753900000, 0x0000000753a00000, 0x0000000753a00000|100%| E|CS|TAMS 0x0000000753900000, 0x0000000753900000| Complete 
| 210|0x0000000753a00000, 0x0000000753b00000, 0x0000000753b00000|100%| E|CS|TAMS 0x0000000753a00000, 0x0000000753a00000| Complete 
| 211|0x0000000753b00000, 0x0000000753c00000, 0x0000000753c00000|100%| E|CS|TAMS 0x0000000753b00000, 0x0000000753b00000| Complete 
| 212|0x0000000753c00000, 0x0000000753d00000, 0x0000000753d00000|100%| E|CS|TAMS 0x0000000753c00000, 0x0000000753c00000| Complete 
| 213|0x0000000753d00000, 0x0000000753e00000, 0x0000000753e00000|100%| E|CS|TAMS 0x0000000753d00000, 0x0000000753d00000| Complete 
| 214|0x0000000753e00000, 0x0000000753f00000, 0x0000000753f00000|100%| E|CS|TAMS 0x0000000753e00000, 0x0000000753e00000| Complete 
| 215|0x0000000753f00000, 0x0000000754000000, 0x0000000754000000|100%| E|CS|TAMS 0x0000000753f00000, 0x0000000753f00000| Complete 
| 216|0x0000000754000000, 0x0000000754100000, 0x0000000754100000|100%| E|CS|TAMS 0x0000000754000000, 0x0000000754000000| Complete 
| 217|0x0000000754100000, 0x00000007541ffa98, 0x0000000754200000| 99%| E|  |TAMS 0x0000000754100000, 0x0000000754100000| Complete 
| 218|0x0000000754200000, 0x0000000754300000, 0x0000000754300000|100%| E|CS|TAMS 0x0000000754200000, 0x0000000754200000| Complete 
| 219|0x0000000754300000, 0x0000000754400000, 0x0000000754400000|100%| E|CS|TAMS 0x0000000754300000, 0x0000000754300000| Complete 
| 220|0x0000000754400000, 0x0000000754500000, 0x0000000754500000|100%| E|CS|TAMS 0x0000000754400000, 0x0000000754400000| Complete 
| 221|0x0000000754500000, 0x0000000754600000, 0x0000000754600000|100%| E|CS|TAMS 0x0000000754500000, 0x0000000754500000| Complete 
| 222|0x0000000754600000, 0x0000000754700000, 0x0000000754700000|100%| E|CS|TAMS 0x0000000754600000, 0x0000000754600000| Complete 
| 223|0x0000000754700000, 0x0000000754800000, 0x0000000754800000|100%| E|CS|TAMS 0x0000000754700000, 0x0000000754700000| Complete 
|1942|0x00000007bfe00000, 0x00000007bfe47000, 0x00000007bff00000| 27%|OA|  |TAMS 0x00000007bfe47000, 0x00000007bfe00000| Untracked 
|1943|0x00000007bff00000, 0x00000007bff6b000, 0x00000007c0000000| 41%|CA|  |TAMS 0x00000007bff6b000, 0x00000007bff00000| Untracked 

Card table byte_map: [0x00007f9ddba34000,0x00007f9ddc000000] _byte_map_base: 0x00007f9dd8000000

Marking Bits (Prev, Next): (CMBitMap*) 0x00007f9df8068f20, (CMBitMap*) 0x00007f9df8068ee8
 Prev Bits: [0x00007f9dd57a8000, 0x00007f9dd8608000)
 Next Bits: [0x00007f9dd8608000, 0x00007f9ddb468000)

Polling page: 0x00007f9dfc8fe000

Metaspace:

Usage:
  Non-class:     23.28 MB capacity,    22.79 MB ( 98%) used,   454.13 KB (  2%) free+waste,    50.38 KB ( <1%) overhead. 
      Class:      3.15 MB capacity,     2.88 MB ( 91%) used,   253.30 KB (  8%) free+waste,    21.88 KB ( <1%) overhead. 
       Both:     26.42 MB capacity,    25.66 MB ( 97%) used,   707.43 KB (  3%) free+waste,    72.25 KB ( <1%) overhead. 

Virtual space:
  Non-class space:       24.00 MB reserved,      23.42 MB ( 98%) committed 
      Class space:        1.00 GB reserved,       3.25 MB ( <1%) committed 
             Both:        1.02 GB reserved,      26.67 MB (  3%) committed 

Chunk freelists:
   Non-Class:  47.00 KB
       Class:  11.00 KB
        Both:  58.00 KB

MaxMetaspaceSize: unlimited
CompressedClassSpaceSize: 1.00 GB

CodeHeap 'non-profiled nmethods': size=120032Kb used=1825Kb max_used=1825Kb free=118206Kb
 bounds [0x00007f9de8361000, 0x00007f9de85d1000, 0x00007f9def899000]
CodeHeap 'profiled nmethods': size=120032Kb used=12312Kb max_used=12312Kb free=107719Kb
 bounds [0x00007f9de0e29000, 0x00007f9de1a39000, 0x00007f9de8361000]
CodeHeap 'non-nmethods': size=5696Kb used=1138Kb max_used=1170Kb free=4557Kb
 bounds [0x00007f9de0899000, 0x00007f9de0b09000, 0x00007f9de0e29000]
 total_blobs=6343 nmethods=5862 adapters=393
 compilation: enabled
              stopped_count=0, restarted_count=0
 full_count=0

Compilation events (20 events):
Event: 4.555 Thread 0x00007f9df816f000 nmethod 5887 0x00007f9de1a1ef90 code [0x00007f9de1a1f140, 0x00007f9de1a1f270]
Event: 4.555 Thread 0x00007f9df816f000 5888       2       java.util.ArrayDeque::sub (14 bytes)
Event: 4.556 Thread 0x00007f9df816f000 nmethod 5888 0x00007f9de1a1f310 code [0x00007f9de1a1f4c0, 0x00007f9de1a1f5b0]
Event: 4.556 Thread 0x00007f9df816f000 5891       2       com.sun.tools.javac.comp.Check::checkAccessFromSerializableElement (196 bytes)
Event: 4.558 Thread 0x00007f9df816f000 nmethod 5891 0x00007f9de1a1f610 code [0x00007f9de1a1f920, 0x00007f9de1a20890]
Event: 4.558 Thread 0x00007f9df816f000 5866       3       com.sun.tools.javac.comp.Attr::visitTypeIdent (32 bytes)
Event: 4.558 Thread 0x00007f9df816f000 nmethod 5866 0x00007f9de1a20f90 code [0x00007f9de1a21160, 0x00007f9de1a213c0]
Event: 4.558 Thread 0x00007f9df816f000 5674       1       com.sun.tools.javac.comp.Annotate$AnnotationTypeMetadata$1::isMetadataForAnnotationType (2 bytes)
Event: 4.558 Thread 0x00007f9df816f000 nmethod 5674 0x00007f9de8526310 code [0x00007f9de85264c0, 0x00007f9de8526590]
Event: 4.558 Thread 0x00007f9df816f000 5675       1       com.sun.tools.javac.file.PathFileObject::getPath (5 bytes)
Event: 4.558 Thread 0x00007f9df816f000 nmethod 5675 0x00007f9de8526610 code [0x00007f9de85267c0, 0x00007f9de8526890]
Event: 4.558 Thread 0x00007f9df816f000 5892       2       com.sun.tools.javac.comp.Attr::attribAnyTypes (52 bytes)
Event: 4.559 Thread 0x00007f9df816f000 nmethod 5892 0x00007f9de1a21510 code [0x00007f9de1a21700, 0x00007f9de1a21b40]
Event: 4.559 Thread 0x00007f9df816f000 5893       2       com.sun.tools.javac.comp.Check::checkRefTypes (57 bytes)
Event: 4.559 Thread 0x00007f9df816f000 nmethod 5893 0x00007f9de1a21d90 code [0x00007f9de1a21fa0, 0x00007f9de1a22460]
Event: 4.559 Thread 0x00007f9df816f000 5897       2       com.sun.tools.javac.comp.Flow$FlowAnalyzer::visitApply (55 bytes)
Event: 4.560 Thread 0x00007f9df816f000 nmethod 5897 0x00007f9de1a22790 code [0x00007f9de1a229a0, 0x00007f9de1a22df0]
Event: 4.560 Thread 0x00007f9df816f000 5898       2       com.sun.tools.javac.comp.Check::excl (61 bytes)
Event: 4.560 Thread 0x00007f9df816f000 nmethod 5898 0x00007f9de1a23090 code [0x00007f9de1a23280, 0x00007f9de1a236a0]
Event: 4.560 Thread 0x00007f9df816f000 5904       2       com.sun.tools.javac.comp.Lower::boxArgs (297 bytes)

GC Heap History (10 events):
Event: 0.556 GC heap before
{Heap before GC invocations=0 (full 0):
 garbage-first heap   total 192512K, used 15048K [0x0000000746800000, 0x0000000800000000)
  region size 1024K, 14 young (14336K), 0 survivors (0K)
 Metaspace       used 4051K, capacity 7153K, committed 7296K, reserved 1056768K
  class space    used 460K, capacity 792K, committed 896K, reserved 1048576K
}
Event: 0.564 GC heap after
{Heap after GC invocations=1 (full 0):
 garbage-first heap   total 192512K, used 3287K [0x0000000746800000, 0x0000000800000000)
  region size 1024K, 2 young (2048K), 2 survivors (2048K)
 Metaspace       used 4051K, capacity 7153K, committed 7296K, reserved 1056768K
  class space    used 460K, capacity 792K, committed 896K, reserved 1048576K
}
Event: 0.766 GC heap before
{Heap before GC invocations=1 (full 0):
 garbage-first heap   total 192512K, used 15575K [0x0000000746800000, 0x0000000800000000)
  region size 1024K, 14 young (14336K), 2 survivors (2048K)
 Metaspace       used 5399K, capacity 7998K, committed 8192K, reserved 1056768K
  class space    used 641K, capacity 924K, committed 1024K, reserved 1048576K
}
Event: 0.772 GC heap after
{Heap after GC invocations=2 (full 0):
 garbage-first heap   total 192512K, used 3811K [0x0000000746800000, 0x0000000800000000)
  region size 1024K, 1 young (1024K), 1 survivors (1024K)
 Metaspace       used 5399K, capacity 7998K, committed 8192K, reserved 1056768K
  class space    used 641K, capacity 924K, committed 1024K, reserved 1048576K
}
Event: 1.418 GC heap before
{Heap before GC invocations=2 (full 0):
 garbage-first heap   total 192512K, used 37603K [0x0000000746800000, 0x0000000800000000)
  region size 1024K, 34 young (34816K), 1 survivors (1024K)
 Metaspace       used 10462K, capacity 12686K, committed 12928K, reserved 1060864K
  class space    used 1290K, capacity 1582K, committed 1664K, reserved 1048576K
}
Event: 1.426 GC heap after
{Heap after GC invocations=3 (full 0):
 garbage-first heap   total 192512K, used 5577K [0x0000000746800000, 0x0000000800000000)
  region size 1024K, 3 young (3072K), 3 survivors (3072K)
 Metaspace       used 10462K, capacity 12686K, committed 12928K, reserved 1060864K
  class space    used 1290K, capacity 1582K, committed 1664K, reserved 1048576K
}
Event: 2.207 GC heap before
{Heap before GC invocations=3 (full 0):
 garbage-first heap   total 192512K, used 60873K [0x0000000746800000, 0x0000000800000000)
  region size 1024K, 57 young (58368K), 3 survivors (3072K)
 Metaspace       used 13773K, capacity 15356K, committed 15744K, reserved 1062912K
  class space    used 1589K, capacity 1802K, committed 1920K, reserved 1048576K
}
Event: 2.217 GC heap after
{Heap after GC invocations=4 (full 0):
 garbage-first heap   total 192512K, used 9383K [0x0000000746800000, 0x0000000800000000)
  region size 1024K, 6 young (6144K), 6 survivors (6144K)
 Metaspace       used 13773K, capacity 15356K, committed 15744K, reserved 1062912K
  class space    used 1589K, capacity 1802K, committed 1920K, reserved 1048576K
}
Event: 3.157 GC heap before
{Heap before GC invocations=4 (full 0):
 garbage-first heap   total 192512K, used 101543K [0x0000000746800000, 0x0000000800000000)
  region size 1024K, 98 young (100352K), 6 survivors (6144K)
 Metaspace       used 19974K, capacity 21130K, committed 21296K, reserved 1069056K
  class space    used 2362K, capacity 2623K, committed 2688K, reserved 1048576K
}
Event: 3.177 GC heap after
{Heap after GC invocations=5 (full 0):
 garbage-first heap   total 231424K, used 14223K [0x0000000746800000, 0x0000000800000000)
  region size 1024K, 11 young (11264K), 11 survivors (11264K)
 Metaspace       used 19974K, capacity 21130K, committed 21296K, reserved 1069056K
  class space    used 2362K, capacity 2623K, committed 2688K, reserved 1048576K
}

Deoptimization events (20 events):
Event: 4.216 Thread 0x00007f9df8016800 DEOPT PACKING pc=0x00007f9de84f4984 sp=0x00007f9dfca3f5c0
Event: 4.216 Thread 0x00007f9df8016800 DEOPT UNPACKING pc=0x00007f9de08bf8a5 sp=0x00007f9dfca3f588 mode 2
Event: 4.229 Thread 0x00007f9df8016800 DEOPT PACKING pc=0x00007f9de0ee88f9 sp=0x00007f9dfca3d790
Event: 4.229 Thread 0x00007f9df8016800 DEOPT UNPACKING pc=0x00007f9de08bf6ba sp=0x00007f9dfca3ccc0 mode 0
Event: 4.421 Thread 0x00007f9df8016800 Uncommon trap: trap_request=0xffffff4d fr.pc=0x00007f9de851b894 relative=0x00000000000008d4
Event: 4.421 Thread 0x00007f9df8016800 Uncommon trap: reason=unstable_if action=reinterpret pc=0x00007f9de851b894 method=com.sun.tools.javac.code.Types$15.visitClassType(Lcom/sun/tools/javac/code/Type$ClassType;Ljava/lang/Void;)Lcom/sun/tools/javac/code/Type; @ 43 c2
Event: 4.421 Thread 0x00007f9df8016800 DEOPT PACKING pc=0x00007f9de851b894 sp=0x00007f9dfca3f510
Event: 4.421 Thread 0x00007f9df8016800 DEOPT UNPACKING pc=0x00007f9de08bf8a5 sp=0x00007f9dfca3f4d0 mode 2
Event: 4.461 Thread 0x00007f9df8016800 Uncommon trap: trap_request=0xffffff45 fr.pc=0x00007f9de8507244 relative=0x0000000000000be4
Event: 4.461 Thread 0x00007f9df8016800 Uncommon trap: reason=unstable_fused_if action=reinterpret pc=0x00007f9de8507244 method=com.sun.tools.javac.util.Convert.chars2utf([CI[BII)I @ 28 c2
Event: 4.461 Thread 0x00007f9df8016800 DEOPT PACKING pc=0x00007f9de8507244 sp=0x00007f9dfca3fe30
Event: 4.461 Thread 0x00007f9df8016800 DEOPT UNPACKING pc=0x00007f9de08bf8a5 sp=0x00007f9dfca3fd30 mode 2
Event: 4.494 Thread 0x00007f9df8016800 Uncommon trap: trap_request=0xffffff45 fr.pc=0x00007f9de84e2bfc relative=0x00000000000001dc
Event: 4.494 Thread 0x00007f9df8016800 Uncommon trap: reason=unstable_fused_if action=reinterpret pc=0x00007f9de84e2bfc method=com.sun.tools.javac.util.Convert.chars2utf([CI[BII)I @ 28 c2
Event: 4.494 Thread 0x00007f9df8016800 DEOPT PACKING pc=0x00007f9de84e2bfc sp=0x00007f9dfca3fd70
Event: 4.494 Thread 0x00007f9df8016800 DEOPT UNPACKING pc=0x00007f9de08bf8a5 sp=0x00007f9dfca3fd18 mode 2
Event: 4.498 Thread 0x00007f9df8016800 DEOPT PACKING pc=0x00007f9de18902b4 sp=0x00007f9dfca3ec70
Event: 4.498 Thread 0x00007f9df8016800 DEOPT UNPACKING pc=0x00007f9de08bf6ba sp=0x00007f9dfca3e218 mode 0
Event: 4.509 Thread 0x00007f9df8016800 DEOPT PACKING pc=0x00007f9de1301520 sp=0x00007f9dfca40050
Event: 4.509 Thread 0x00007f9df8016800 DEOPT UNPACKING pc=0x00007f9de08bf6ba sp=0x00007f9dfca3f508 mode 0

Classes redefined (0 events):
No events

Internal exceptions (20 events):
Event: 0.224 Thread 0x00007f9df8016800 Exception <a 'java/lang/NoSuchMethodError'{0x0000000751f8e708}: 'int java.lang.invoke.DirectMethodHandle$Holder.invokeSpecialIFC(java.lang.Object, java.lang.Object, int)'> (0x0000000751f8e708) thrown at [src/hotspot/share/interpreter/linkResolver.cpp, line 772]
Event: 0.266 Thread 0x00007f9df8016800 Exception <a 'java/security/PrivilegedActionException'{0x0000000751eba7b0}> (0x0000000751eba7b0) thrown at [src/hotspot/share/prims/jvm.cpp, line 1303]
Event: 0.266 Thread 0x00007f9df8016800 Exception <a 'java/security/PrivilegedActionException'{0x0000000751ebaa80}> (0x0000000751ebaa80) thrown at [src/hotspot/share/prims/jvm.cpp, line 1303]
Event: 1.363 Thread 0x00007f9df8016800 Exception <a 'java/lang/NoClassDefFoundError'{0x000000075028d4e8}: com/google/inject/servlet/ServletModuleTargetVisitor> (0x000000075028d4e8) thrown at [src/hotspot/share/classfile/systemDictionary.cpp, line 220]
Event: 1.363 Thread 0x00007f9df8016800 Exception <a 'java/lang/NoClassDefFoundError'{0x000000075028d4e8}> (0x000000075028d4e8) thrown at [src/hotspot/share/prims/jvm.cpp, line 1309]
Event: 1.363 Thread 0x00007f9df8016800 Exception <a 'java/lang/NoClassDefFoundError'{0x0000000750290250}: javax/annotation/Priority> (0x0000000750290250) thrown at [src/hotspot/share/classfile/systemDictionary.cpp, line 220]
Event: 1.951 Thread 0x00007f9df8016800 Implicit null exception at 0x00007f9de83b3985 to 0x00007f9de83b3b70
Event: 1.952 Thread 0x00007f9df8016800 Implicit null exception at 0x00007f9de83c6baf to 0x00007f9de83c6c2d
Event: 2.629 Thread 0x00007f9df8016800 Exception <a 'java/lang/NoClassDefFoundError'{0x000000074f119b80}: org/sonatype/aether/version/VersionConstraint> (0x000000074f119b80) thrown at [src/hotspot/share/classfile/systemDictionary.cpp, line 220]
Event: 2.659 Thread 0x00007f9df8016800 Exception <a 'java/lang/NoClassDefFoundError'{0x000000074ef6bed8}: org/codehaus/plexus/util/interpolation/ValueSource> (0x000000074ef6bed8) thrown at [src/hotspot/share/classfile/systemDictionary.cpp, line 220]
Event: 3.091 Thread 0x00007f9df8016800 Exception <a 'java/lang/NoSuchMethodError'{0x000000074c10e888}: 'void java.lang.invoke.DirectMethodHandle$Holder.invokeSpecial(java.lang.Object, java.lang.Object, int, java.lang.Object)'> (0x000000074c10e888) thrown at [src/hotspot/share/interpreter/linkResolver.cpp, line 772]
Event: 3.091 Thread 0x00007f9df8016800 Exception <a 'java/lang/NoSuchMethodError'{0x000000074c115b20}: 'java.lang.Object java.lang.invoke.Invokers$Holder.linkToTargetMethod(java.lang.Object, int, java.lang.Object)'> (0x000000074c115b20) thrown at [src/hotspot/share/interpreter/linkResolver.cpp, line 772]
Event: 3.097 Thread 0x00007f9df8016800 Exception <a 'java/lang/NoSuchMethodError'{0x000000074c135c68}: 'int java.lang.invoke.DirectMethodHandle$Holder.invokeVirtual(java.lang.Object, java.lang.Object, java.lang.Object)'> (0x000000074c135c68) thrown at [src/hotspot/share/interpreter/linkResolver.cpp, line 772]
Event: 3.155 Thread 0x00007f9df8016800 Exception <a 'java/lang/NoSuchMethodError'{0x000000074c048d28}: 'int java.lang.invoke.DirectMethodHandle$Holder.invokeStaticInit(java.lang.Object, java.lang.Object)'> (0x000000074c048d28) thrown at [src/hotspot/share/interpreter/linkResolver.cpp, line 772]
Event: 3.245 Thread 0x00007f9df8016800 Exception <a 'java/lang/NoSuchMethodError'{0x00000007547c5458}: 'int java.lang.invoke.DirectMethodHandle$Holder.invokeVirtual(java.lang.Object, java.lang.Object)'> (0x00000007547c5458) thrown at [src/hotspot/share/interpreter/linkResolver.cpp, line 772]
Event: 3.251 Thread 0x00007f9df8016800 Exception <a 'java/lang/NoSuchMethodError'{0x00000007547f40e0}: 'java.lang.Object java.lang.invoke.Invokers$Holder.linkToTargetMethod(java.lang.Object, java.lang.Object, java.lang.Object, java.lang.Object, java.lang.Object, java.lang.Object)'> (0x00000007547f40e0) thrown at [src/hotspot/share/interpreter/linkResolver.cpp, line 772]
Event: 3.589 Thread 0x00007f9df8016800 Exception <a 'java/lang/NoSuchMethodError'{0x000000075346be90}: 'java.lang.Object java.lang.invoke.DirectMethodHandle$Holder.invokeStatic(java.lang.Object, int, java.lang.Object)'> (0x000000075346be90) thrown at [src/hotspot/share/interpreter/linkResolver.cpp, line 772]
Event: 3.783 Thread 0x00007f9df8016800 Exception <a 'java/lang/NoSuchMethodError'{0x0000000751a564b0}: 'int java.lang.invoke.DirectMethodHandle$Holder.invokeSpecial(java.lang.Object, java.lang.Object, java.lang.Object, java.lang.Object, java.lang.Object)'> (0x0000000751a564b0) thrown at [src/hotspot/share/interpreter/linkResolver.cpp, line 772]
Event: 4.228 Thread 0x00007f9df8016800 Exception <a 'java/lang/NoSuchMethodError'{0x000000074ee66a90}: 'int java.lang.invoke.DirectMethodHandle$Holder.invokeSpecial(java.lang.Object, java.lang.Object, java.lang.Object, java.lang.Object)'> (0x000000074ee66a90) thrown at [src/hotspot/share/interpreter/linkResolver.cpp, line 772]
Event: 4.245 Thread 0x00007f9df8016800 Exception <a 'java/lang/NoSuchMethodError'{0x000000074eec3db8}: 'java.lang.Object java.lang.invoke.DirectMethodHandle$Holder.invokeVirtual(java.lang.Object, java.lang.Object, java.lang.Object)'> (0x000000074eec3db8) thrown at [src/hotspot/share/interpreter/linkResolver.cpp, line 772]

Events (20 events):
Event: 4.250 loading class java/util/EnumMap$EnumMapIterator done
Event: 4.250 loading class java/util/EnumMap$EntryIterator done
Event: 4.250 loading class java/util/EnumMap$EntryIterator$Entry
Event: 4.250 loading class java/util/EnumMap$EntryIterator$Entry done
Event: 4.255 Executing VM operation: ICBufferFull
Event: 4.256 Executing VM operation: ICBufferFull done
Event: 4.329 Executing VM operation: ICBufferFull
Event: 4.330 Executing VM operation: ICBufferFull done
Event: 4.407 Executing VM operation: ICBufferFull
Event: 4.408 Executing VM operation: ICBufferFull done
Event: 4.495 Executing VM operation: ICBufferFull
Event: 4.495 Executing VM operation: ICBufferFull done
Event: 4.498 Executing VM operation: Deoptimize
Event: 4.498 Executing VM operation: Deoptimize done
Event: 4.503 loading class com/sun/tools/javac/util/Filter
Event: 4.503 loading class com/sun/tools/javac/util/Filter done
Event: 4.503 loading class com/sun/tools/javac/code/Symbol
Event: 4.503 loading class com/sun/tools/javac/code/Symbol done
Event: 4.503 loading class com/sun/tools/javac/util/Filter
Event: 4.503 loading class com/sun/tools/javac/util/Filter done


Dynamic libraries:
746800000-754800000 rw-p 00000000 00:00 0 
754800000-7bfe00000 ---p 00000000 00:00 0 
7bfe00000-7bfe47000 rw-p 01111000 08:05 1181877                          /usr/lib/jvm/java-11-openjdk-amd64/lib/server/classes.jsa
7bfe47000-7bff00000 rw-p 00000000 00:00 0 
7bff00000-7bff6b000 rw-p 010a6000 08:05 1181877                          /usr/lib/jvm/java-11-openjdk-amd64/lib/server/classes.jsa
7bff6b000-7c0000000 rw-p 00000000 00:00 0 
7c0000000-800000000 ---p 00000000 00:00 0 
800000000-800002000 rwxp 00001000 08:05 1181877                          /usr/lib/jvm/java-11-openjdk-amd64/lib/server/classes.jsa
800002000-8003b9000 rw-p 00003000 08:05 1181877                          /usr/lib/jvm/java-11-openjdk-amd64/lib/server/classes.jsa
8003b9000-800a96000 r--p 003ba000 08:05 1181877                          /usr/lib/jvm/java-11-openjdk-amd64/lib/server/classes.jsa
800a96000-800a97000 rw-p 00a97000 08:05 1181877                          /usr/lib/jvm/java-11-openjdk-amd64/lib/server/classes.jsa
800a97000-8010a5000 r--p 00a98000 08:05 1181877                          /usr/lib/jvm/java-11-openjdk-amd64/lib/server/classes.jsa
840000000-840340000 rw-p 00000000 00:00 0 
840340000-880000000 ---p 00000000 00:00 0 
55ed15e69000-55ed15e6a000 r--p 00000000 08:05 1184016                    /usr/lib/jvm/java-11-openjdk-amd64/bin/java
55ed15e6a000-55ed15e6b000 r-xp 00001000 08:05 1184016                    /usr/lib/jvm/java-11-openjdk-amd64/bin/java
55ed15e6b000-55ed15e6c000 r--p 00002000 08:05 1184016                    /usr/lib/jvm/java-11-openjdk-amd64/bin/java
55ed15e6c000-55ed15e6d000 r--p 00002000 08:05 1184016                    /usr/lib/jvm/java-11-openjdk-amd64/bin/java
55ed15e6d000-55ed15e6e000 rw-p 00003000 08:05 1184016                    /usr/lib/jvm/java-11-openjdk-amd64/bin/java
55ed16a1f000-55ed16a40000 rw-p 00000000 00:00 0                          [heap]
7f9d8c000000-7f9d8c021000 rw-p 00000000 00:00 0 
7f9d8c021000-7f9d90000000 ---p 00000000 00:00 0 
7f9d90000000-7f9d90021000 rw-p 00000000 00:00 0 
7f9d90021000-7f9d94000000 ---p 00000000 00:00 0 
7f9d94000000-7f9d94021000 rw-p 00000000 00:00 0 
7f9d94021000-7f9d98000000 ---p 00000000 00:00 0 
7f9d98000000-7f9d98021000 rw-p 00000000 00:00 0 
7f9d98021000-7f9d9c000000 ---p 00000000 00:00 0 
7f9d9c000000-7f9d9c021000 rw-p 00000000 00:00 0 
7f9d9c021000-7f9da0000000 ---p 00000000 00:00 0 
7f9da0000000-7f9da0021000 rw-p 00000000 00:00 0 
7f9da0021000-7f9da4000000 ---p 00000000 00:00 0 
7f9da4000000-7f9da48f6000 rw-p 00000000 00:00 0 
7f9da48f6000-7f9da8000000 ---p 00000000 00:00 0 
7f9da8000000-7f9da8021000 rw-p 00000000 00:00 0 
7f9da8021000-7f9dac000000 ---p 00000000 00:00 0 
7f9dac000000-7f9dac021000 rw-p 00000000 00:00 0 
7f9dac021000-7f9db0000000 ---p 00000000 00:00 0 
7f9db0000000-7f9db1019000 rw-p 00000000 00:00 0 
7f9db1019000-7f9db4000000 ---p 00000000 00:00 0 
7f9db4000000-7f9db4021000 rw-p 00000000 00:00 0 
7f9db4021000-7f9db8000000 ---p 00000000 00:00 0 
7f9db8000000-7f9db8021000 rw-p 00000000 00:00 0 
7f9db8021000-7f9dbc000000 ---p 00000000 00:00 0 
7f9dbc000000-7f9dbc021000 rw-p 00000000 00:00 0 
7f9dbc021000-7f9dc0000000 ---p 00000000 00:00 0 
7f9dc0000000-7f9dc0031000 rw-p 00000000 00:00 0 
7f9dc0031000-7f9dc4000000 ---p 00000000 00:00 0 
7f9dc4000000-7f9dc4021000 rw-p 00000000 00:00 0 
7f9dc4021000-7f9dc8000000 ---p 00000000 00:00 0 
7f9dc8000000-7f9dc8021000 rw-p 00000000 00:00 0 
7f9dc8021000-7f9dcc000000 ---p 00000000 00:00 0 
7f9dcc2f9000-7f9dcc479000 rw-p 00000000 00:00 0 
7f9dcc479000-7f9dcc4f9000 ---p 00000000 00:00 0 
7f9dcc4f9000-7f9dcc6f9000 rw-p 00000000 00:00 0 
7f9dcc6f9000-7f9dcc8e5000 rw-p 00000000 00:00 0 
7f9dcc8e5000-7f9dcc8f9000 ---p 00000000 00:00 0 
7f9dcc8f9000-7f9dccaf9000 rw-p 00000000 00:00 0 
7f9dccaf9000-7f9dcccf9000 rw-p 00000000 00:00 0 
7f9dcccf9000-7f9dccef9000 rw-p 00000000 00:00 0 
7f9dccef9000-7f9dcd0f9000 rw-p 00000000 00:00 0 
7f9dcd0f9000-7f9dcd2f9000 rw-p 00000000 00:00 0 
7f9dcd2f9000-7f9dcd2fa000 ---p 00000000 00:00 0 
7f9dcd2fa000-7f9dcd3fb000 rw-p 00000000 00:00 0 
7f9dcd3fb000-7f9dcd3fc000 ---p 00000000 00:00 0 
7f9dcd3fc000-7f9dcd4fd000 rw-p 00000000 00:00 0 
7f9dcd4fd000-7f9dcd4fe000 ---p 00000000 00:00 0 
7f9dcd4fe000-7f9dcd5ff000 rw-p 00000000 00:00 0 
7f9dcd5ff000-7f9dcd602000 r-xp 00000000 07:0c 2319                       /snap/netbeans/41/netbeans/java/maven/lib/jansi-native/linux64/libjansi.so
7f9dcd602000-7f9dcd801000 ---p 00003000 07:0c 2319                       /snap/netbeans/41/netbeans/java/maven/lib/jansi-native/linux64/libjansi.so
7f9dcd801000-7f9dcd802000 rw-p 00002000 07:0c 2319                       /snap/netbeans/41/netbeans/java/maven/lib/jansi-native/linux64/libjansi.so
7f9dcd802000-7f9dce000000 r--p 00000000 08:05 2621460                    /usr/lib/locale/locale-archive
7f9dce000000-7f9dd0000000 rw-p 00000000 00:00 0 
7f9dd0000000-7f9dd0021000 rw-p 00000000 00:00 0 
7f9dd0021000-7f9dd4000000 ---p 00000000 00:00 0 
7f9dd4014000-7f9dd4018000 ---p 00000000 00:00 0 
7f9dd4018000-7f9dd4115000 rw-p 00000000 00:00 0 
7f9dd4115000-7f9dd4116000 ---p 00000000 00:00 0 
7f9dd4116000-7f9dd4217000 rw-p 00000000 00:00 0 
7f9dd4217000-7f9dd421b000 ---p 00000000 00:00 0 
7f9dd421b000-7f9dd4318000 rw-p 00000000 00:00 0 
7f9dd4318000-7f9dd431c000 ---p 00000000 00:00 0 
7f9dd431c000-7f9dd4419000 rw-p 00000000 00:00 0 
7f9dd4419000-7f9dd441d000 ---p 00000000 00:00 0 
7f9dd441d000-7f9dd451a000 rw-p 00000000 00:00 0 
7f9dd451a000-7f9dd451e000 ---p 00000000 00:00 0 
7f9dd451e000-7f9dd461b000 rw-p 00000000 00:00 0 
7f9dd461b000-7f9dd461f000 ---p 00000000 00:00 0 
7f9dd461f000-7f9dd471c000 rw-p 00000000 00:00 0 
7f9dd471c000-7f9dd4720000 ---p 00000000 00:00 0 
7f9dd4720000-7f9dd481d000 rw-p 00000000 00:00 0 
7f9dd481d000-7f9dd4821000 ---p 00000000 00:00 0 
7f9dd4821000-7f9dd491e000 rw-p 00000000 00:00 0 
7f9dd491e000-7f9dd491f000 ---p 00000000 00:00 0 
7f9dd491f000-7f9dd52a1000 rw-p 00000000 00:00 0 
7f9dd52a1000-7f9dd52a2000 ---p 00000000 00:00 0 
7f9dd52a2000-7f9dd53a3000 rw-p 00000000 00:00 0 
7f9dd53a3000-7f9dd53a4000 ---p 00000000 00:00 0 
7f9dd53a4000-7f9dd5b28000 rw-p 00000000 00:00 0 
7f9dd5b28000-7f9dd7600000 ---p 00000000 00:00 0 
7f9dd7600000-7f9dd7608000 rw-p 00000000 00:00 0 
7f9dd7608000-7f9dd8608000 ---p 00000000 00:00 0 
7f9dd8608000-7f9dd8988000 rw-p 00000000 00:00 0 
7f9dd8988000-7f9dda460000 ---p 00000000 00:00 0 
7f9dda460000-7f9dda468000 rw-p 00000000 00:00 0 
7f9dda468000-7f9ddb468000 ---p 00000000 00:00 0 
7f9ddb468000-7f9ddb4d8000 rw-p 00000000 00:00 0 
7f9ddb4d8000-7f9ddb833000 ---p 00000000 00:00 0 
7f9ddb833000-7f9ddb834000 rw-p 00000000 00:00 0 
7f9ddb834000-7f9ddba34000 ---p 00000000 00:00 0 
7f9ddba34000-7f9ddbaa4000 rw-p 00000000 00:00 0 
7f9ddbaa4000-7f9ddbdff000 ---p 00000000 00:00 0 
7f9ddbdff000-7f9ddbe00000 rw-p 00000000 00:00 0 
7f9ddbe00000-7f9ddc000000 ---p 00000000 00:00 0 
7f9ddc000000-7f9ddc021000 rw-p 00000000 00:00 0 
7f9ddc021000-7f9de0000000 ---p 00000000 00:00 0 
7f9de0025000-7f9de0056000 rw-p 00000000 00:00 0 
7f9de0056000-7f9de005a000 r--p 00000000 08:05 1189336                    /usr/lib/jvm/java-11-openjdk-amd64/lib/libnet.so
7f9de005a000-7f9de0069000 r-xp 00004000 08:05 1189336                    /usr/lib/jvm/java-11-openjdk-amd64/lib/libnet.so
7f9de0069000-7f9de006d000 r--p 00013000 08:05 1189336                    /usr/lib/jvm/java-11-openjdk-amd64/lib/libnet.so
7f9de006d000-7f9de006e000 r--p 00016000 08:05 1189336                    /usr/lib/jvm/java-11-openjdk-amd64/lib/libnet.so
7f9de006e000-7f9de006f000 rw-p 00017000 08:05 1189336                    /usr/lib/jvm/java-11-openjdk-amd64/lib/libnet.so
7f9de006f000-7f9de01cb000 rw-p 00000000 00:00 0 
7f9de01cb000-7f9de01cc000 ---p 00000000 00:00 0 
7f9de01cc000-7f9de033d000 rw-p 00000000 00:00 0 
7f9de033d000-7f9de0698000 ---p 00000000 00:00 0 
7f9de0698000-7f9de0699000 rw-p 00000000 00:00 0 
7f9de0699000-7f9de0899000 ---p 00000000 00:00 0 
7f9de0899000-7f9de0b09000 rwxp 00000000 00:00 0 
7f9de0b09000-7f9de0e29000 ---p 00000000 00:00 0 
7f9de0e29000-7f9de1a39000 rwxp 00000000 00:00 0 
7f9de1a39000-7f9de8361000 ---p 00000000 00:00 0 
7f9de8361000-7f9de85d1000 rwxp 00000000 00:00 0 
7f9de85d1000-7f9def899000 ---p 00000000 00:00 0 
7f9def899000-7f9df8000000 r--s 00000000 08:05 1189356                    /usr/lib/jvm/java-11-openjdk-amd64/lib/modules
7f9df8000000-7f9df954c000 rw-p 00000000 00:00 0 
7f9df954c000-7f9dfc000000 ---p 00000000 00:00 0 
7f9dfc008000-7f9dfc009000 r--p 00000000 08:05 2623646                    /usr/lib/x86_64-linux-gnu/libutil-2.31.so
7f9dfc009000-7f9dfc00a000 r-xp 00001000 08:05 2623646                    /usr/lib/x86_64-linux-gnu/libutil-2.31.so
7f9dfc00a000-7f9dfc00b000 r--p 00002000 08:05 2623646                    /usr/lib/x86_64-linux-gnu/libutil-2.31.so
7f9dfc00b000-7f9dfc00c000 r--p 00002000 08:05 2623646                    /usr/lib/x86_64-linux-gnu/libutil-2.31.so
7f9dfc00c000-7f9dfc00d000 rw-p 00003000 08:05 2623646                    /usr/lib/x86_64-linux-gnu/libutil-2.31.so
7f9dfc00d000-7f9dfc014000 r--p 00000000 08:05 1189338                    /usr/lib/jvm/java-11-openjdk-amd64/lib/libnio.so
7f9dfc014000-7f9dfc01c000 r-xp 00007000 08:05 1189338                    /usr/lib/jvm/java-11-openjdk-amd64/lib/libnio.so
7f9dfc01c000-7f9dfc01f000 r--p 0000f000 08:05 1189338                    /usr/lib/jvm/java-11-openjdk-amd64/lib/libnio.so
7f9dfc01f000-7f9dfc020000 r--p 00011000 08:05 1189338                    /usr/lib/jvm/java-11-openjdk-amd64/lib/libnio.so
7f9dfc020000-7f9dfc021000 rw-p 00012000 08:05 1189338                    /usr/lib/jvm/java-11-openjdk-amd64/lib/libnio.so
7f9dfc021000-7f9dfc08b000 rw-p 00000000 00:00 0 
7f9dfc08b000-7f9dfc08c000 ---p 00000000 00:00 0 
7f9dfc08c000-7f9dfc5f4000 rw-p 00000000 00:00 0 
7f9dfc5f4000-7f9dfc5f5000 ---p 00000000 00:00 0 
7f9dfc5f5000-7f9dfc6fb000 rw-p 00000000 00:00 0 
7f9dfc6fb000-7f9dfc7e1000 ---p 00000000 00:00 0 
7f9dfc7e1000-7f9dfc7fa000 rw-p 00000000 00:00 0 
7f9dfc7fa000-7f9dfc8cc000 ---p 00000000 00:00 0 
7f9dfc8cc000-7f9dfc8d1000 rw-p 00000000 00:00 0 
7f9dfc8d1000-7f9dfc8d8000 ---p 00000000 00:00 0 
7f9dfc8d8000-7f9dfc8db000 r--p 00000000 08:05 2623633                    /usr/lib/x86_64-linux-gnu/libnss_files-2.31.so
7f9dfc8db000-7f9dfc8e2000 r-xp 00003000 08:05 2623633                    /usr/lib/x86_64-linux-gnu/libnss_files-2.31.so
7f9dfc8e2000-7f9dfc8e4000 r--p 0000a000 08:05 2623633                    /usr/lib/x86_64-linux-gnu/libnss_files-2.31.so
7f9dfc8e4000-7f9dfc8e5000 r--p 0000b000 08:05 2623633                    /usr/lib/x86_64-linux-gnu/libnss_files-2.31.so
7f9dfc8e5000-7f9dfc8e6000 rw-p 0000c000 08:05 2623633                    /usr/lib/x86_64-linux-gnu/libnss_files-2.31.so
7f9dfc8e6000-7f9dfc8ec000 rw-p 00000000 00:00 0 
7f9dfc8ec000-7f9dfc8ee000 r--p 00000000 08:05 1189354                    /usr/lib/jvm/java-11-openjdk-amd64/lib/libzip.so
7f9dfc8ee000-7f9dfc8f2000 r-xp 00002000 08:05 1189354                    /usr/lib/jvm/java-11-openjdk-amd64/lib/libzip.so
7f9dfc8f2000-7f9dfc8f4000 r--p 00006000 08:05 1189354                    /usr/lib/jvm/java-11-openjdk-amd64/lib/libzip.so
7f9dfc8f4000-7f9dfc8f5000 r--p 00007000 08:05 1189354                    /usr/lib/jvm/java-11-openjdk-amd64/lib/libzip.so
7f9dfc8f5000-7f9dfc8f6000 rw-p 00008000 08:05 1189354                    /usr/lib/jvm/java-11-openjdk-amd64/lib/libzip.so
7f9dfc8f6000-7f9dfc8fe000 rw-s 00000000 08:05 1709193                    /tmp/hsperfdata_james/164570
7f9dfc8fe000-7f9dfc8ff000 ---p 00000000 00:00 0 
7f9dfc8ff000-7f9dfc900000 r--p 00000000 00:00 0 
7f9dfc900000-7f9dfc902000 r--p 00000000 08:05 1189320                    /usr/lib/jvm/java-11-openjdk-amd64/lib/libjimage.so
7f9dfc902000-7f9dfc905000 r-xp 00002000 08:05 1189320                    /usr/lib/jvm/java-11-openjdk-amd64/lib/libjimage.so
7f9dfc905000-7f9dfc906000 r--p 00005000 08:05 1189320                    /usr/lib/jvm/java-11-openjdk-amd64/lib/libjimage.so
7f9dfc906000-7f9dfc907000 ---p 00006000 08:05 1189320                    /usr/lib/jvm/java-11-openjdk-amd64/lib/libjimage.so
7f9dfc907000-7f9dfc908000 r--p 00006000 08:05 1189320                    /usr/lib/jvm/java-11-openjdk-amd64/lib/libjimage.so
7f9dfc908000-7f9dfc909000 rw-p 00007000 08:05 1189320                    /usr/lib/jvm/java-11-openjdk-amd64/lib/libjimage.so
7f9dfc909000-7f9dfc917000 r--p 00000000 08:05 1189312                    /usr/lib/jvm/java-11-openjdk-amd64/lib/libjava.so
7f9dfc917000-7f9dfc92d000 r-xp 0000e000 08:05 1189312                    /usr/lib/jvm/java-11-openjdk-amd64/lib/libjava.so
7f9dfc92d000-7f9dfc934000 r--p 00024000 08:05 1189312                    /usr/lib/jvm/java-11-openjdk-amd64/lib/libjava.so
7f9dfc934000-7f9dfc935000 r--p 0002a000 08:05 1189312                    /usr/lib/jvm/java-11-openjdk-amd64/lib/libjava.so
7f9dfc935000-7f9dfc936000 rw-p 0002b000 08:05 1189312                    /usr/lib/jvm/java-11-openjdk-amd64/lib/libjava.so
7f9dfc936000-7f9dfc937000 rw-p 00000000 00:00 0 
7f9dfc937000-7f9dfc93a000 r--p 00000000 08:05 2623644                    /usr/lib/x86_64-linux-gnu/librt-2.31.so
7f9dfc93a000-7f9dfc93e000 r-xp 00003000 08:05 2623644                    /usr/lib/x86_64-linux-gnu/librt-2.31.so
7f9dfc93e000-7f9dfc93f000 r--p 00007000 08:05 2623644                    /usr/lib/x86_64-linux-gnu/librt-2.31.so
7f9dfc93f000-7f9dfc940000 ---p 00008000 08:05 2623644                    /usr/lib/x86_64-linux-gnu/librt-2.31.so
7f9dfc940000-7f9dfc941000 r--p 00008000 08:05 2623644                    /usr/lib/x86_64-linux-gnu/librt-2.31.so
7f9dfc941000-7f9dfc942000 rw-p 00009000 08:05 2623644                    /usr/lib/x86_64-linux-gnu/librt-2.31.so
7f9dfc942000-7f9dfc946000 ---p 00000000 00:00 0 
7f9dfc946000-7f9dfca43000 rw-p 00000000 00:00 0 
7f9dfca43000-7f9dfca46000 r--p 00000000 08:05 2623616                    /usr/lib/x86_64-linux-gnu/libgcc_s.so.1
7f9dfca46000-7f9dfca58000 r-xp 00003000 08:05 2623616                    /usr/lib/x86_64-linux-gnu/libgcc_s.so.1
7f9dfca58000-7f9dfca5c000 r--p 00015000 08:05 2623616                    /usr/lib/x86_64-linux-gnu/libgcc_s.so.1
7f9dfca5c000-7f9dfca5d000 r--p 00018000 08:05 2623616                    /usr/lib/x86_64-linux-gnu/libgcc_s.so.1
7f9dfca5d000-7f9dfca5e000 rw-p 00019000 08:05 2623616                    /usr/lib/x86_64-linux-gnu/libgcc_s.so.1
7f9dfca5e000-7f9dfca6d000 r--p 00000000 08:05 2623627                    /usr/lib/x86_64-linux-gnu/libm-2.31.so
7f9dfca6d000-7f9dfcb14000 r-xp 0000f000 08:05 2623627                    /usr/lib/x86_64-linux-gnu/libm-2.31.so
7f9dfcb14000-7f9dfcbab000 r--p 000b6000 08:05 2623627                    /usr/lib/x86_64-linux-gnu/libm-2.31.so
7f9dfcbab000-7f9dfcbac000 r--p 0014c000 08:05 2623627                    /usr/lib/x86_64-linux-gnu/libm-2.31.so
7f9dfcbac000-7f9dfcbad000 rw-p 0014d000 08:05 2623627                    /usr/lib/x86_64-linux-gnu/libm-2.31.so
7f9dfcbad000-7f9dfcc43000 r--p 00000000 08:05 2623619                    /usr/lib/x86_64-linux-gnu/libstdc++.so.6.0.28
7f9dfcc43000-7f9dfcd33000 r-xp 00096000 08:05 2623619                    /usr/lib/x86_64-linux-gnu/libstdc++.so.6.0.28
7f9dfcd33000-7f9dfcd7c000 r--p 00186000 08:05 2623619                    /usr/lib/x86_64-linux-gnu/libstdc++.so.6.0.28
7f9dfcd7c000-7f9dfcd7d000 ---p 001cf000 08:05 2623619                    /usr/lib/x86_64-linux-gnu/libstdc++.so.6.0.28
7f9dfcd7d000-7f9dfcd88000 r--p 001cf000 08:05 2623619                    /usr/lib/x86_64-linux-gnu/libstdc++.so.6.0.28
7f9dfcd88000-7f9dfcd8b000 rw-p 001da000 08:05 2623619                    /usr/lib/x86_64-linux-gnu/libstdc++.so.6.0.28
7f9dfcd8b000-7f9dfcd8e000 rw-p 00000000 00:00 0 
7f9dfcd8e000-7f9dfd007000 r--p 00000000 08:05 1189362                    /usr/lib/jvm/java-11-openjdk-amd64/lib/server/libjvm.so
7f9dfd007000-7f9dfdc84000 r-xp 00279000 08:05 1189362                    /usr/lib/jvm/java-11-openjdk-amd64/lib/server/libjvm.so
7f9dfdc84000-7f9dfdeda000 r--p 00ef6000 08:05 1189362                    /usr/lib/jvm/java-11-openjdk-amd64/lib/server/libjvm.so
7f9dfdeda000-7f9dfdf9b000 r--p 0114b000 08:05 1189362                    /usr/lib/jvm/java-11-openjdk-amd64/lib/server/libjvm.so
7f9dfdf9b000-7f9dfdfd6000 rw-p 0120c000 08:05 1189362                    /usr/lib/jvm/java-11-openjdk-amd64/lib/server/libjvm.so
7f9dfdfd6000-7f9dfe02f000 rw-p 00000000 00:00 0 
7f9dfe02f000-7f9dfe036000 r--p 00000000 08:05 2623642                    /usr/lib/x86_64-linux-gnu/libpthread-2.31.so
7f9dfe036000-7f9dfe047000 r-xp 00007000 08:05 2623642                    /usr/lib/x86_64-linux-gnu/libpthread-2.31.so
7f9dfe047000-7f9dfe04c000 r--p 00018000 08:05 2623642                    /usr/lib/x86_64-linux-gnu/libpthread-2.31.so
7f9dfe04c000-7f9dfe04d000 r--p 0001c000 08:05 2623642                    /usr/lib/x86_64-linux-gnu/libpthread-2.31.so
7f9dfe04d000-7f9dfe04e000 rw-p 0001d000 08:05 2623642                    /usr/lib/x86_64-linux-gnu/libpthread-2.31.so
7f9dfe04e000-7f9dfe052000 rw-p 00000000 00:00 0 
7f9dfe052000-7f9dfe053000 r--p 00000000 08:05 2623626                    /usr/lib/x86_64-linux-gnu/libdl-2.31.so
7f9dfe053000-7f9dfe055000 r-xp 00001000 08:05 2623626                    /usr/lib/x86_64-linux-gnu/libdl-2.31.so
7f9dfe055000-7f9dfe056000 r--p 00003000 08:05 2623626                    /usr/lib/x86_64-linux-gnu/libdl-2.31.so
7f9dfe056000-7f9dfe057000 r--p 00003000 08:05 2623626                    /usr/lib/x86_64-linux-gnu/libdl-2.31.so
7f9dfe057000-7f9dfe058000 rw-p 00004000 08:05 2623626                    /usr/lib/x86_64-linux-gnu/libdl-2.31.so
7f9dfe058000-7f9dfe05a000 r--p 00000000 08:05 2621981                    /usr/lib/x86_64-linux-gnu/libz.so.1.2.11
7f9dfe05a000-7f9dfe06b000 r-xp 00002000 08:05 2621981                    /usr/lib/x86_64-linux-gnu/libz.so.1.2.11
7f9dfe06b000-7f9dfe071000 r--p 00013000 08:05 2621981                    /usr/lib/x86_64-linux-gnu/libz.so.1.2.11
7f9dfe071000-7f9dfe072000 ---p 00019000 08:05 2621981                    /usr/lib/x86_64-linux-gnu/libz.so.1.2.11
7f9dfe072000-7f9dfe073000 r--p 00019000 08:05 2621981                    /usr/lib/x86_64-linux-gnu/libz.so.1.2.11
7f9dfe073000-7f9dfe074000 rw-p 0001a000 08:05 2621981                    /usr/lib/x86_64-linux-gnu/libz.so.1.2.11
7f9dfe074000-7f9dfe099000 r--p 00000000 08:05 2623625                    /usr/lib/x86_64-linux-gnu/libc-2.31.so
7f9dfe099000-7f9dfe211000 r-xp 00025000 08:05 2623625                    /usr/lib/x86_64-linux-gnu/libc-2.31.so
7f9dfe211000-7f9dfe25b000 r--p 0019d000 08:05 2623625                    /usr/lib/x86_64-linux-gnu/libc-2.31.so
7f9dfe25b000-7f9dfe25c000 ---p 001e7000 08:05 2623625                    /usr/lib/x86_64-linux-gnu/libc-2.31.so
7f9dfe25c000-7f9dfe25f000 r--p 001e7000 08:05 2623625                    /usr/lib/x86_64-linux-gnu/libc-2.31.so
7f9dfe25f000-7f9dfe262000 rw-p 001ea000 08:05 2623625                    /usr/lib/x86_64-linux-gnu/libc-2.31.so
7f9dfe262000-7f9dfe266000 rw-p 00000000 00:00 0 
7f9dfe266000-7f9dfe26b000 r--p 00000000 08:05 1189352                    /usr/lib/jvm/java-11-openjdk-amd64/lib/libverify.so
7f9dfe26b000-7f9dfe272000 r-xp 00005000 08:05 1189352                    /usr/lib/jvm/java-11-openjdk-amd64/lib/libverify.so
7f9dfe272000-7f9dfe274000 r--p 0000c000 08:05 1189352                    /usr/lib/jvm/java-11-openjdk-amd64/lib/libverify.so
7f9dfe274000-7f9dfe275000 ---p 0000e000 08:05 1189352                    /usr/lib/jvm/java-11-openjdk-amd64/lib/libverify.so
7f9dfe275000-7f9dfe277000 r--p 0000e000 08:05 1189352                    /usr/lib/jvm/java-11-openjdk-amd64/lib/libverify.so
7f9dfe277000-7f9dfe278000 rw-p 00010000 08:05 1189352                    /usr/lib/jvm/java-11-openjdk-amd64/lib/libverify.so
7f9dfe278000-7f9dfe27b000 r--p 00000000 08:05 1189280                    /usr/lib/jvm/java-11-openjdk-amd64/lib/jli/libjli.so
7f9dfe27b000-7f9dfe285000 r-xp 00003000 08:05 1189280                    /usr/lib/jvm/java-11-openjdk-amd64/lib/jli/libjli.so
7f9dfe285000-7f9dfe288000 r--p 0000d000 08:05 1189280                    /usr/lib/jvm/java-11-openjdk-amd64/lib/jli/libjli.so
7f9dfe288000-7f9dfe289000 ---p 00010000 08:05 1189280                    /usr/lib/jvm/java-11-openjdk-amd64/lib/jli/libjli.so
7f9dfe289000-7f9dfe28a000 r--p 00010000 08:05 1189280                    /usr/lib/jvm/java-11-openjdk-amd64/lib/jli/libjli.so
7f9dfe28a000-7f9dfe28b000 rw-p 00011000 08:05 1189280                    /usr/lib/jvm/java-11-openjdk-amd64/lib/jli/libjli.so
7f9dfe28b000-7f9dfe28d000 rw-p 00000000 00:00 0 
7f9dfe28d000-7f9dfe28e000 r--p 00000000 08:05 2623621                    /usr/lib/x86_64-linux-gnu/ld-2.31.so
7f9dfe28e000-7f9dfe2b1000 r-xp 00001000 08:05 2623621                    /usr/lib/x86_64-linux-gnu/ld-2.31.so
7f9dfe2b1000-7f9dfe2b9000 r--p 00024000 08:05 2623621                    /usr/lib/x86_64-linux-gnu/ld-2.31.so
7f9dfe2ba000-7f9dfe2bb000 r--p 0002c000 08:05 2623621                    /usr/lib/x86_64-linux-gnu/ld-2.31.so
7f9dfe2bb000-7f9dfe2bc000 rw-p 0002d000 08:05 2623621                    /usr/lib/x86_64-linux-gnu/ld-2.31.so
7f9dfe2bc000-7f9dfe2bd000 rw-p 00000000 00:00 0 
7ffc9b720000-7ffc9b741000 rw-p 00000000 00:00 0                          [stack]
7ffc9b7f6000-7ffc9b7f9000 r--p 00000000 00:00 0                          [vvar]
7ffc9b7f9000-7ffc9b7fa000 r-xp 00000000 00:00 0                          [vdso]
ffffffffff600000-ffffffffff601000 --xp 00000000 00:00 0                  [vsyscall]


VM Arguments:
jvm_args: -Dclassworlds.conf=/snap/netbeans/41/netbeans/java/maven/bin/m2.conf -Dmaven.home=/snap/netbeans/41/netbeans/java/maven -Dlibrary.jansi.path=/snap/netbeans/41/netbeans/java/maven/lib/jansi-native -Dmaven.multiModuleProjectDirectory=/home/james/Music/final p/BANCO 
java_command: org.codehaus.plexus.classworlds.launcher.Launcher -Dmaven.ext.class.path=/snap/netbeans/41/netbeans/java/maven-nblib/netbeans-eventspy.jar clean install
java_class_path (initial): /snap/netbeans/41/netbeans/java/maven/boot/plexus-classworlds-2.6.0.jar
Launcher Type: SUN_STANDARD

[Global flags]
     intx CICompilerCount                          = 3                                         {product} {ergonomic}
     uint ConcGCThreads                            = 1                                         {product} {ergonomic}
     uint G1ConcRefinementThreads                  = 4                                         {product} {ergonomic}
   size_t G1HeapRegionSize                         = 1048576                                   {product} {ergonomic}
    uintx GCDrainStackTargetSize                   = 64                                        {product} {ergonomic}
   size_t InitialHeapSize                          = 195035136                                 {product} {ergonomic}
   size_t MarkStackSize                            = 4194304                                   {product} {ergonomic}
   size_t MaxHeapSize                              = 3112173568                                {product} {ergonomic}
   size_t MaxNewSize                               = 1866465280                                {product} {ergonomic}
   size_t MinHeapDeltaBytes                        = 1048576                                   {product} {ergonomic}
    uintx NonNMethodCodeHeapSize                   = 5830732                                {pd product} {ergonomic}
    uintx NonProfiledCodeHeapSize                  = 122913754                              {pd product} {ergonomic}
    uintx ProfiledCodeHeapSize                     = 122913754                              {pd product} {ergonomic}
    uintx ReservedCodeCacheSize                    = 251658240                              {pd product} {ergonomic}
     bool SegmentedCodeCache                       = true                                      {product} {ergonomic}
     bool UseCompressedClassPointers               = true                                 {lp64_product} {ergonomic}
     bool UseCompressedOops                        = true                                 {lp64_product} {ergonomic}
     bool UseG1GC                                  = true                                      {product} {ergonomic}

Logging:
Log output configuration:
 #0: stdout all=warning uptime,level,tags
 #1: stderr all=off uptime,level,tags

Environment Variables:
JAVA_HOME=/usr/lib/jvm/java-11-openjdk-amd64
PATH=/usr/local/sbin:/usr/local/bin:/usr/sbin:/usr/bin:/sbin:/bin:/usr/games:/usr/local/games:/snap/bin
USERNAME=james
SHELL=/bin/bash
DISPLAY=:0
LANG=en_US.UTF-8

Signal Handlers:
SIGSEGV: [libjvm.so+0xe824c0], sa_mask[0]=11111111011111111101111111111110, sa_flags=SA_RESTART|SA_SIGINFO
SIGBUS: [libjvm.so+0xe824c0], sa_mask[0]=11111111011111111101111111111110, sa_flags=SA_RESTART|SA_SIGINFO
SIGFPE: [libjvm.so+0xe824c0], sa_mask[0]=11111111011111111101111111111110, sa_flags=SA_RESTART|SA_SIGINFO
SIGPIPE: [libjvm.so+0xbc8ee0], sa_mask[0]=11111111011111111101111111111110, sa_flags=SA_RESTART|SA_SIGINFO
SIGXFSZ: [libjvm.so+0xbc8ee0], sa_mask[0]=11111111011111111101111111111110, sa_flags=SA_RESTART|SA_SIGINFO
SIGILL: [libjvm.so+0xe824c0], sa_mask[0]=11111111011111111101111111111110, sa_flags=SA_RESTART|SA_SIGINFO
SIGUSR2: [libjvm.so+0xbc8d80], sa_mask[0]=00100000000000000000000000000000, sa_flags=SA_RESTART|SA_SIGINFO
SIGHUP: [libjvm.so+0xbc9220], sa_mask[0]=11111111011111111101111111111110, sa_flags=SA_RESTART|SA_SIGINFO
SIGINT: SIG_IGN, sa_mask[0]=00000000000000000000000000000000, sa_flags=none
SIGTERM: [libjvm.so+0xbc9220], sa_mask[0]=11111111011111111101111111111110, sa_flags=SA_RESTART|SA_SIGINFO
SIGQUIT: [libjvm.so+0xbc9220], sa_mask[0]=11111111011111111101111111111110, sa_flags=SA_RESTART|SA_SIGINFO


---------------  S Y S T E M  ---------------

OS:DISTRIB_ID=Ubuntu
DISTRIB_RELEASE=20.04
DISTRIB_CODENAME=focal
DISTRIB_DESCRIPTION="Ubuntu 20.04.1 LTS"
uname:Linux 5.4.0-58-generic #64-Ubuntu SMP Wed Dec 9 08:16:25 UTC 2020 x86_64
OS uptime: 3 days 6:38 hours
libc:glibc 2.31 NPTL 2.31 
rlimit (soft/hard): STACK 8192k/infinity , CORE 0k/infinity , NPROC 47247/47247 , NOFILE 1048576/1048576 , AS infinity/infinity , CPU infinity/infinity , DATA infinity/infinity , FSIZE infinity/infinity , MEMLOCK 65536k/65536k
load average:3.51 2.78 3.11

/proc/meminfo:
MemTotal:       12152148 kB
MemFree:          253572 kB
MemAvailable:    3848724 kB
Buffers:          672164 kB
Cached:          4371124 kB
SwapCached:         6488 kB
Active:          8878392 kB
Inactive:        2408132 kB
Active(anon):    6315732 kB
Inactive(anon):  1316196 kB
Active(file):    2562660 kB
Inactive(file):  1091936 kB
Unevictable:       56596 kB
Mlocked:             472 kB
SwapTotal:      12581884 kB
SwapFree:       12323004 kB
Dirty:             11072 kB
Writeback:             0 kB
AnonPages:       6295352 kB
Mapped:           953752 kB
Shmem:           1388400 kB
KReclaimable:     265508 kB
Slab:             419568 kB
SReclaimable:     265508 kB
SUnreclaim:       154060 kB
KernelStack:       19280 kB
PageTables:        48940 kB
NFS_Unstable:          0 kB
Bounce:                0 kB
WritebackTmp:          0 kB
CommitLimit:    18657956 kB
Committed_AS:   15147928 kB
VmallocTotal:   34359738367 kB
VmallocUsed:       39564 kB
VmallocChunk:          0 kB
Percpu:             3264 kB
HardwareCorrupted:     0 kB
AnonHugePages:         0 kB
ShmemHugePages:        0 kB
ShmemPmdMapped:        0 kB
FileHugePages:         0 kB
FilePmdMapped:         0 kB
CmaTotal:              0 kB
CmaFree:               0 kB
HugePages_Total:       0
HugePages_Free:        0
HugePages_Rsvd:        0
HugePages_Surp:        0
Hugepagesize:       2048 kB
Hugetlb:               0 kB
DirectMap4k:      886388 kB
DirectMap2M:    10530816 kB
DirectMap1G:     1048576 kB

/sys/kernel/mm/transparent_hugepage/enabled:
always [madvise] never
/sys/kernel/mm/transparent_hugepage/defrag (defrag/compaction efforts parameter):
always defer defer+madvise [madvise] never

/proc/sys/kernel/threads-max (system-wide limit on the number of threads):
94494
/proc/sys/vm/max_map_count (maximum number of memory map areas a process may have):
65530
/proc/sys/kernel/pid_max (system-wide limit on number of process identifiers):
4194304

container (cgroup) information:
container_type: cgroupv1
cpu_cpuset_cpus: 0-3
cpu_memory_nodes: 0
active_processor_count: 4
cpu_quota: -1
cpu_period: 100000
cpu_shares: -1
memory_limit_in_bytes: -1
memory_and_swap_limit_in_bytes: -2
memory_soft_limit_in_bytes: -1
memory_usage_in_bytes: 10264006656
memory_max_usage_in_bytes: 10957135872

Steal ticks since vm start: 0
Steal ticks percentage since vm start:  0.000

CPU:total 4 (initial active 4) (2 cores per cpu, 2 threads per core) family 6 model 142 stepping 9, cmov, cx8, fxsr, mmx, sse, sse2, sse3, ssse3, sse4.1, sse4.2, popcnt, avx, avx2, aes, clmul, erms, 3dnowpref, lzcnt, ht, tsc, tscinvbit, bmi1, bmi2, adx, fma
CPU Model and flags from /proc/cpuinfo:
model name	: Intel(R) Core(TM) i5-7200U CPU @ 2.50GHz
flags		: fpu vme de pse tsc msr pae mce cx8 apic sep mtrr pge mca cmov pat pse36 clflush dts acpi mmx fxsr sse sse2 ss ht tm pbe syscall nx pdpe1gb rdtscp lm constant_tsc art arch_perfmon pebs bts rep_good nopl xtopology nonstop_tsc cpuid aperfmperf pni pclmulqdq dtes64 monitor ds_cpl vmx est tm2 ssse3 sdbg fma cx16 xtpr pdcm pcid sse4_1 sse4_2 x2apic movbe popcnt tsc_deadline_timer aes xsave avx f16c rdrand lahf_lm abm 3dnowprefetch cpuid_fault epb invpcid_single pti ssbd ibrs ibpb stibp tpr_shadow vnmi flexpriority ept vpid ept_ad fsgsbase tsc_adjust bmi1 avx2 smep bmi2 erms invpcid mpx rdseed adx smap clflushopt intel_pt xsaveopt xsavec xgetbv1 xsaves dtherm ida arat pln pts hwp hwp_notify hwp_act_window hwp_epp md_clear flush_l1d
Online cpus:
0-3
Offline cpus:

BIOS frequency limitation:
<Not Available>
Frequency switch latency (ns):
0
Available cpu frequencies:
<Not Available>
Current governor:
powersave
Core performance/turbo boost:
<Not Available>

Memory: 4k page, physical 12152148k(253572k free), swap 12581884k(12323004k free)

vm_info: OpenJDK 64-Bit Server VM (11.0.9.1+1-Ubuntu-0ubuntu1.20.04) for linux-amd64 JRE (11.0.9.1+1-Ubuntu-0ubuntu1.20.04), built on Nov 10 2020 04:18:42 by "unknown" with gcc 9.3.0

END.
