#
# A fatal error has been detected by the Java Runtime Environment:
#
#  SIGSEGV (0xb) at pc=0x00007f7f870fffb0, pid=49854, tid=49888
#
# JRE version: OpenJDK Runtime Environment (11.0.9+11) (build 11.0.9+11-Ubuntu-0ubuntu1.20.04)
# Java VM: OpenJDK 64-Bit Server VM (11.0.9+11-Ubuntu-0ubuntu1.20.04, mixed mode, sharing, tiered, compressed oops, g1 gc, linux-amd64)
# Problematic frame:
# V  [libjvm.so+0xb00fb0]
#
# Core dump will be written. Default location: Core dumps may be processed with "/usr/share/apport/apport %p %s %c %d %P %E" (or dumping to /home/james/Videos/BUENO/BANCO/core.49854)
#
# If you would like to submit a bug report, please visit:
#   https://bugs.launchpad.net/ubuntu/+source/openjdk-lts
#

---------------  S U M M A R Y ------------

Command Line: -Dclassworlds.conf=/snap/netbeans/35/netbeans/java/maven/bin/m2.conf -Dmaven.home=/snap/netbeans/35/netbeans/java/maven -Dlibrary.jansi.path=/snap/netbeans/35/netbeans/java/maven/lib/jansi-native -Dmaven.multiModuleProjectDirectory=/home/james/Videos/BUENO/BANCO org.codehaus.plexus.classworlds.launcher.Launcher -Dmaven.ext.class.path=/snap/netbeans/35/netbeans/java/maven-nblib/netbeans-eventspy.jar clean install

Host: Intel(R) Core(TM) i5-7200U CPU @ 2.50GHz, 4 cores, 11G, Ubuntu 20.04.1 LTS
Time: Sat Nov 14 02:05:27 2020 EST elapsed time: 4.639100 seconds (0d 0h 0m 4s)

---------------  T H R E A D  ---------------

Current thread (0x00007f7f4c001000):  GCTaskThread "GC Thread#1" [stack: 0x00007f7f46bf5000,0x00007f7f46cf5000] [id=49888]

Stack: [0x00007f7f46bf5000,0x00007f7f46cf5000],  sp=0x00007f7f46cf3b70,  free space=1018k
Native frames: (J=compiled Java code, A=aot compiled Java code, j=interpreted, Vv=VM code, C=native code)
V  [libjvm.so+0xb00fb0]
V  [libjvm.so+0x5bfed6]
V  [libjvm.so+0x736100]
V  [libjvm.so+0x7246e5]
V  [libjvm.so+0x734e07]
V  [libjvm.so+0xdd7e3d]
V  [libjvm.so+0xd3c5d0]
V  [libjvm.so+0xbab486]


siginfo: si_signo: 11 (SIGSEGV), si_code: 2 (SEGV_ACCERR), si_addr: 0x00000007565720cc

Register to memory mapping:

RAX=0x000000000001fffc is an unknown value
RBX=0x00007f7f46cf3bc0 points into unknown readable memory: 80 6d 66 87 7f 7f 00 00
RCX=0x00007f7f877997d0: <offset 0x000000000119a7d0> in /usr/lib/jvm/java-11-openjdk-amd64/lib/server/libjvm.so at 0x00007f7f865ff000
RDX=0x00007f7f8771aeb8: <offset 0x000000000111beb8> in /usr/lib/jvm/java-11-openjdk-amd64/lib/server/libjvm.so at 0x00007f7f865ff000
RSP=0x00007f7f46cf3b70 points into unknown readable memory: 00 00 01 00 00 00 00 00
RBP=0x00007f7f46cf3b90 points into unknown readable memory: 60 3c cf 46 7f 7f 00 00
RSI=
[error occurred during error reporting (printing register info), id 0xb, SIGSEGV (0xb) at pc=0x00007f7f86d0f100]

Registers:
RAX=0x000000000001fffc, RBX=0x00007f7f46cf3bc0, RCX=0x00007f7f877997d0, RDX=0x00007f7f8771aeb8
RSP=0x00007f7f46cf3b70, RBP=0x00007f7f46cf3b90, RSI=0x00000007565720c0, RDI=0x00000007565720cc
R8 =0x0000000000072b90, R9 =0x00000000ffffffff, R10=0x00007f7f4c02da38, R11=0x0000000000000000
R12=0x00000007565720c0, R13=0x00007f7f87761a4c, R14=0x0000000000000001, R15=0x0000000000000002
RIP=0x00007f7f870fffb0, EFLAGS=0x0000000000010202, CSGSFS=0x002b000000000033, ERR=0x0000000000000006
  TRAPNO=0x000000000000000e

Top of Stack: (sp=0x00007f7f46cf3b70)
0x00007f7f46cf3b70:   0000000000010000 00000007565f20c0
0x00007f7f46cf3b80:   0000000000010000 1fffffffffce1be8
0x00007f7f46cf3b90:   00007f7f46cf3c60 00007f7f86bbeed6
0x00007f7f46cf3ba0:   00007f7f46cf3bf0 00007f7f46cf3bc0 

Instructions: (pc=0x00007f7f870fffb0)
0x00007f7f870ffeb0:   49 8d 7c 24 10 48 83 f8 02 74 0f 48 8d 14 c5 f0
0x00007f7f870ffec0:   ff ff ff 31 f6 e8 76 b4 76 ff 48 8d 15 e7 af 61
0x00007f7f870ffed0:   00 b8 01 00 00 00 80 3a 00 74 0b 48 8b 43 18 48
0x00007f7f870ffee0:   8b 80 b8 00 00 00 49 89 04 24 41 80 7d 00 00 48
0x00007f7f870ffef0:   8b 43 18 74 2b 48 8d 15 54 50 63 00 8b 4a 08 48
0x00007f7f870fff00:   2b 02 48 d3 e8 41 89 44 24 08 48 83 c4 08 4c 89
0x00007f7f870fff10:   e0 5b 41 5c 41 5d 5d c3 0f 1f 84 00 00 00 00 00
0x00007f7f870fff20:   49 89 44 24 08 48 83 c4 08 4c 89 e0 5b 41 5c 41
0x00007f7f870fff30:   5d 5d c3 90 66 66 2e 0f 1f 84 00 00 00 00 00 90
0x00007f7f870fff40:   f3 0f 1e fa 55 48 89 e5 41 56 41 55 4c 8d 2d f9
0x00007f7f870fff50:   1a 66 00 41 54 49 89 f4 53 80 7f 2c 00 48 89 fb
0x00007f7f870fff60:   45 0f b6 75 00 74 2e 48 8d 7e 10 45 84 f6 0f 85
0x00007f7f870fff70:   a4 00 00 00 48 8b 53 20 48 8d 42 fd 48 83 fa 02
0x00007f7f870fff80:   0f 84 b7 00 00 00 48 8d 14 c5 08 00 00 00 31 f6
0x00007f7f870fff90:   e8 ab b3 76 ff 49 8d 54 24 0c 49 8d 7c 24 10 45
0x00007f7f870fffa0:   84 f6 8b 43 28 48 0f 45 fa 48 8d 15 08 af 61 00
0x00007f7f870fffb0:   89 07 b8 01 00 00 00 80 3a 00 74 0b 48 8b 43 18
0x00007f7f870fffc0:   48 8b 80 b8 00 00 00 49 89 04 24 41 80 7d 00 00
0x00007f7f870fffd0:   48 8b 43 18 74 2a 48 8d 15 73 4f 63 00 8b 4a 08
0x00007f7f870fffe0:   48 2b 02 48 d3 e8 5b 41 89 44 24 08 4c 89 e0 41
0x00007f7f870ffff0:   5c 41 5d 41 5e 5d c3 66 0f 1f 84 00 00 00 00 00
0x00007f7f87100000:   5b 49 89 44 24 08 4c 89 e0 41 5c 41 5d 41 5e 5d
0x00007f7f87100010:   c3 0f 1f 80 00 00 00 00 c7 46 0c 00 00 00 00 48
0x00007f7f87100020:   8b 53 20 48 8d 42 fd 48 83 fa 02 0f 85 55 ff ff
0x00007f7f87100030:   ff 8b 43 28 48 8d 7e 0c e9 6c ff ff ff 8b 43 28
0x00007f7f87100040:   e9 64 ff ff ff 90 66 2e 0f 1f 84 00 00 00 00 00
0x00007f7f87100050:   f3 0f 1e fa 55 48 89 e5 41 55 41 54 49 89 f4 53
0x00007f7f87100060:   48 89 fb 48 83 ec 08 4c 8d 2d de 19 66 00 41 80
0x00007f7f87100070:   7d 00 00 74 07 c7 46 0c 00 00 00 00 48 8b 73 20
0x00007f7f87100080:   49 8d 7c 24 10 48 83 fe 02 74 13 48 8d 14 f5 f0
0x00007f7f87100090:   ff ff ff 31 f6 e8 a6 b2 76 ff 48 8b 73 20 4c 89
0x00007f7f871000a0:   e7 e8 3a 5e d3 ff 48 8d 15 0b ae 61 00 b8 01 00 


Stack slot to memory mapping:
stack at sp + 0 slots: 0x0000000000010000 is an unknown value
stack at sp + 1 slots: 
[error occurred during error reporting (inspecting top of stack), id 0xb, SIGSEGV (0xb) at pc=0x00007f7f86d0f100]


---------------  P R O C E S S  ---------------

Threads class SMR info:
_java_thread_list=0x00007f7f2c286730, length=10, elements={
0x00007f7f80016800, 0x00007f7f80163000, 0x00007f7f80165000, 0x00007f7f8016a800,
0x00007f7f8016c800, 0x00007f7f8016e800, 0x00007f7f80170800, 0x00007f7f801a1000,
0x00007f7f801a6000, 0x00007f7f2c285000
}

Java Threads: ( => current thread )
  0x00007f7f80016800 JavaThread "main" [_thread_blocked, id=49871, stack(0x00007f7f861b3000,0x00007f7f862b4000)]
  0x00007f7f80163000 JavaThread "Reference Handler" daemon [_thread_blocked, id=49878, stack(0x00007f7f5c0bc000,0x00007f7f5c1bd000)]
  0x00007f7f80165000 JavaThread "Finalizer" daemon [_thread_blocked, id=49879, stack(0x00007f7f47eff000,0x00007f7f48000000)]
  0x00007f7f8016a800 JavaThread "Signal Dispatcher" daemon [_thread_blocked, id=49880, stack(0x00007f7f47600000,0x00007f7f47701000)]
  0x00007f7f8016c800 JavaThread "C2 CompilerThread0" daemon [_thread_blocked, id=49881, stack(0x00007f7f474ff000,0x00007f7f47600000)]
  0x00007f7f8016e800 JavaThread "C1 CompilerThread0" daemon [_thread_blocked, id=49882, stack(0x00007f7f473fe000,0x00007f7f474ff000)]
  0x00007f7f80170800 JavaThread "Sweeper thread" daemon [_thread_blocked, id=49883, stack(0x00007f7f472fd000,0x00007f7f473fe000)]
  0x00007f7f801a1000 JavaThread "Service Thread" daemon [_thread_blocked, id=49884, stack(0x00007f7f471fc000,0x00007f7f472fd000)]
  0x00007f7f801a6000 JavaThread "Common-Cleaner" daemon [_thread_blocked, id=49886, stack(0x00007f7f46ff9000,0x00007f7f470fa000)]
  0x00007f7f2c285000 JavaThread "C2 CompilerThread1" daemon [_thread_blocked, id=49887, stack(0x00007f7f46cf5000,0x00007f7f46df6000)]

Other Threads:
  0x00007f7f80160000 VMThread "VM Thread" [stack: 0x00007f7f5c1bf000,0x00007f7f5c2bf000] [id=49877]
  0x00007f7f801a3800 WatcherThread [stack: 0x00007f7f470fc000,0x00007f7f471fc000] [id=49885]
  0x00007f7f8002e000 GCTaskThread "GC Thread#0" [stack: 0x00007f7f85e67000,0x00007f7f85f67000] [id=49872]
=>0x00007f7f4c001000 GCTaskThread "GC Thread#1" [stack: 0x00007f7f46bf5000,0x00007f7f46cf5000] [id=49888]
  0x00007f7f4c002800 GCTaskThread "GC Thread#2" [stack: 0x00007f7f46af3000,0x00007f7f46bf3000] [id=49889]
  0x00007f7f4c004000 GCTaskThread "GC Thread#3" [stack: 0x00007f7f469f1000,0x00007f7f46af1000] [id=49890]
  0x00007f7f80075000 ConcurrentGCThread "G1 Main Marker" [stack: 0x00007f7f8479a000,0x00007f7f8489a000] [id=49873]
  0x00007f7f80077000 ConcurrentGCThread "G1 Conc#0" [stack: 0x00007f7f84698000,0x00007f7f84798000] [id=49874]
  0x00007f7f80128000 ConcurrentGCThread "G1 Refine#0" [stack: 0x00007f7f84192000,0x00007f7f84292000] [id=49875]
  0x00007f7f8012a000 ConcurrentGCThread "G1 Young RemSet Sampling" [stack: 0x00007f7f84090000,0x00007f7f84190000] [id=49876]

Threads with active compile tasks:
C2 CompilerThread0   4645 5847   !   4       com.google.inject.spi.InjectionPoint::getInjectionPoints (489 bytes)
C1 CompilerThread0   4645 6005       3       sun.util.calendar.ZoneInfoFile::getZoneInfo (1756 bytes)
C2 CompilerThread1   4645 5979       4       java.io.DataInputStream::readByte (23 bytes)

VM state:at safepoint (normal execution)

VM Mutex/Monitor currently owned by a thread:  ([mutex/lock_event])
[0x00007f7f800134b0] Threads_lock - owner thread: 0x00007f7f80160000
[0x00007f7f80013c90] Heap_lock - owner thread: 0x00007f7f80016800

Heap address: 0x0000000746800000, size: 2968 MB, Compressed Oops mode: Zero based, Oop shift amount: 3
Narrow klass base: 0x0000000800000000, Narrow klass shift: 3
Compressed class space size: 1073741824 Address: 0x0000000840000000

Heap:
 garbage-first heap   total 261120K, used 123595K [0x0000000746800000, 0x0000000800000000)
  region size 1024K, 122 young (124928K), 15 survivors (15360K)
 Metaspace       used 27981K, capacity 28820K, committed 29104K, reserved 1075200K
  class space    used 3191K, capacity 3517K, committed 3584K, reserved 1048576K
Heap Regions: E=young(eden), S=young(survivor), O=old, HS=humongous(starts), HC=humongous(continues), CS=collection set, F=free, A=archive, TAMS=top-at-mark-start (previous, next)
|   0|0x0000000746800000, 0x0000000746900000, 0x0000000746900000|100%| O|  |TAMS 0x0000000746900000, 0x0000000746900000| Untracked 
|   1|0x0000000746900000, 0x0000000746a00000, 0x0000000746a00000|100%| O|  |TAMS 0x0000000746a00000, 0x0000000746a00000| Untracked 
|   2|0x0000000746a00000, 0x0000000746b00000, 0x0000000746b00000|100%| O|  |TAMS 0x0000000746a88600, 0x0000000746b00000| Untracked 
|   3|0x0000000746b00000, 0x0000000746c00000, 0x0000000746c00000|100%| O|  |TAMS 0x0000000746b00000, 0x0000000746c00000| Untracked 
|   4|0x0000000746c00000, 0x0000000746d00000, 0x0000000746d00000|100%| O|  |TAMS 0x0000000746c00000, 0x0000000746d00000| Untracked 
|   5|0x0000000746d00000, 0x0000000746e00000, 0x0000000746e00000|100%| O|  |TAMS 0x0000000746d00000, 0x0000000746e00000| Untracked 
|   6|0x0000000746e00000, 0x0000000746f00000, 0x0000000746f00000|100%| O|  |TAMS 0x0000000746e00000, 0x0000000746f00000| Untracked 
|   7|0x0000000746f00000, 0x0000000747000000, 0x0000000747000000|100%| O|  |TAMS 0x0000000746f00000, 0x0000000747000000| Untracked 
|   8|0x0000000747000000, 0x0000000747100000, 0x0000000747100000|100%| O|  |TAMS 0x0000000747000000, 0x0000000747100000| Untracked 
|   9|0x0000000747100000, 0x0000000747108910, 0x0000000747200000|  3%| O|  |TAMS 0x0000000747100000, 0x0000000747200000| Untracked 
|  10|0x0000000747200000, 0x0000000747200000, 0x0000000747300000|  0%| F|  |TAMS 0x0000000747200000, 0x0000000747200000| Untracked 
|  11|0x0000000747300000, 0x0000000747300000, 0x0000000747400000|  0%| F|  |TAMS 0x0000000747300000, 0x0000000747300000| Untracked 
|  12|0x0000000747400000, 0x0000000747400000, 0x0000000747500000|  0%| F|  |TAMS 0x0000000747400000, 0x0000000747400000| Untracked 
|  13|0x0000000747500000, 0x0000000747500000, 0x0000000747600000|  0%| F|  |TAMS 0x0000000747500000, 0x0000000747500000| Untracked 
|  14|0x0000000747600000, 0x0000000747600000, 0x0000000747700000|  0%| F|  |TAMS 0x0000000747600000, 0x0000000747600000| Untracked 
|  15|0x0000000747700000, 0x0000000747700000, 0x0000000747800000|  0%| F|  |TAMS 0x0000000747700000, 0x0000000747700000| Untracked 
|  16|0x0000000747800000, 0x0000000747800000, 0x0000000747900000|  0%| F|  |TAMS 0x0000000747800000, 0x0000000747800000| Untracked 
|  17|0x0000000747900000, 0x0000000747900000, 0x0000000747a00000|  0%| F|  |TAMS 0x0000000747900000, 0x0000000747900000| Untracked 
|  18|0x0000000747a00000, 0x0000000747a00000, 0x0000000747b00000|  0%| F|  |TAMS 0x0000000747a00000, 0x0000000747a00000| Untracked 
|  19|0x0000000747b00000, 0x0000000747b00000, 0x0000000747c00000|  0%| F|  |TAMS 0x0000000747b00000, 0x0000000747b00000| Untracked 
|  20|0x0000000747c00000, 0x0000000747c00000, 0x0000000747d00000|  0%| F|  |TAMS 0x0000000747c00000, 0x0000000747c00000| Untracked 
|  21|0x0000000747d00000, 0x0000000747d00000, 0x0000000747e00000|  0%| F|  |TAMS 0x0000000747d00000, 0x0000000747d00000| Untracked 
|  22|0x0000000747e00000, 0x0000000747e00000, 0x0000000747f00000|  0%| F|  |TAMS 0x0000000747e00000, 0x0000000747e00000| Untracked 
|  23|0x0000000747f00000, 0x0000000747f00000, 0x0000000748000000|  0%| F|  |TAMS 0x0000000747f00000, 0x0000000747f00000| Untracked 
|  24|0x0000000748000000, 0x0000000748000000, 0x0000000748100000|  0%| F|  |TAMS 0x0000000748000000, 0x0000000748000000| Untracked 
|  25|0x0000000748100000, 0x0000000748100000, 0x0000000748200000|  0%| F|  |TAMS 0x0000000748100000, 0x0000000748100000| Untracked 
|  26|0x0000000748200000, 0x0000000748200000, 0x0000000748300000|  0%| F|  |TAMS 0x0000000748200000, 0x0000000748200000| Untracked 
|  27|0x0000000748300000, 0x0000000748300000, 0x0000000748400000|  0%| F|  |TAMS 0x0000000748300000, 0x0000000748300000| Untracked 
|  28|0x0000000748400000, 0x0000000748400000, 0x0000000748500000|  0%| F|  |TAMS 0x0000000748400000, 0x0000000748400000| Untracked 
|  29|0x0000000748500000, 0x0000000748500000, 0x0000000748600000|  0%| F|  |TAMS 0x0000000748500000, 0x0000000748500000| Untracked 
|  30|0x0000000748600000, 0x0000000748600000, 0x0000000748700000|  0%| F|  |TAMS 0x0000000748600000, 0x0000000748600000| Untracked 
|  31|0x0000000748700000, 0x0000000748700000, 0x0000000748800000|  0%| F|  |TAMS 0x0000000748700000, 0x0000000748700000| Untracked 
|  32|0x0000000748800000, 0x0000000748800000, 0x0000000748900000|  0%| F|  |TAMS 0x0000000748800000, 0x0000000748800000| Untracked 
|  33|0x0000000748900000, 0x0000000748900000, 0x0000000748a00000|  0%| F|  |TAMS 0x0000000748900000, 0x0000000748900000| Untracked 
|  34|0x0000000748a00000, 0x0000000748a00000, 0x0000000748b00000|  0%| F|  |TAMS 0x0000000748a00000, 0x0000000748a00000| Untracked 
|  35|0x0000000748b00000, 0x0000000748b00000, 0x0000000748c00000|  0%| F|  |TAMS 0x0000000748b00000, 0x0000000748b00000| Untracked 
|  36|0x0000000748c00000, 0x0000000748c00000, 0x0000000748d00000|  0%| F|  |TAMS 0x0000000748c00000, 0x0000000748c00000| Untracked 
|  37|0x0000000748d00000, 0x0000000748d00000, 0x0000000748e00000|  0%| F|  |TAMS 0x0000000748d00000, 0x0000000748d00000| Untracked 
|  38|0x0000000748e00000, 0x0000000748e00000, 0x0000000748f00000|  0%| F|  |TAMS 0x0000000748e00000, 0x0000000748e00000| Untracked 
|  39|0x0000000748f00000, 0x0000000748f00000, 0x0000000749000000|  0%| F|  |TAMS 0x0000000748f00000, 0x0000000748f00000| Untracked 
|  40|0x0000000749000000, 0x0000000749000000, 0x0000000749100000|  0%| F|  |TAMS 0x0000000749000000, 0x0000000749000000| Untracked 
|  41|0x0000000749100000, 0x0000000749100000, 0x0000000749200000|  0%| F|  |TAMS 0x0000000749100000, 0x0000000749100000| Untracked 
|  42|0x0000000749200000, 0x0000000749200000, 0x0000000749300000|  0%| F|  |TAMS 0x0000000749200000, 0x0000000749200000| Untracked 
|  43|0x0000000749300000, 0x0000000749300000, 0x0000000749400000|  0%| F|  |TAMS 0x0000000749300000, 0x0000000749300000| Untracked 
|  44|0x0000000749400000, 0x0000000749400000, 0x0000000749500000|  0%| F|  |TAMS 0x0000000749400000, 0x0000000749400000| Untracked 
|  45|0x0000000749500000, 0x0000000749500000, 0x0000000749600000|  0%| F|  |TAMS 0x0000000749500000, 0x0000000749500000| Untracked 
|  46|0x0000000749600000, 0x0000000749600000, 0x0000000749700000|  0%| F|  |TAMS 0x0000000749600000, 0x0000000749600000| Untracked 
|  47|0x0000000749700000, 0x0000000749700000, 0x0000000749800000|  0%| F|  |TAMS 0x0000000749700000, 0x0000000749700000| Untracked 
|  48|0x0000000749800000, 0x0000000749800000, 0x0000000749900000|  0%| F|  |TAMS 0x0000000749800000, 0x0000000749800000| Untracked 
|  49|0x0000000749900000, 0x0000000749900000, 0x0000000749a00000|  0%| F|  |TAMS 0x0000000749900000, 0x0000000749900000| Untracked 
|  50|0x0000000749a00000, 0x0000000749a00000, 0x0000000749b00000|  0%| F|  |TAMS 0x0000000749a00000, 0x0000000749a00000| Untracked 
|  51|0x0000000749b00000, 0x0000000749b00000, 0x0000000749c00000|  0%| F|  |TAMS 0x0000000749b00000, 0x0000000749b00000| Untracked 
|  52|0x0000000749c00000, 0x0000000749c00000, 0x0000000749d00000|  0%| F|  |TAMS 0x0000000749c00000, 0x0000000749c00000| Untracked 
|  53|0x0000000749d00000, 0x0000000749d00000, 0x0000000749e00000|  0%| F|  |TAMS 0x0000000749d00000, 0x0000000749d00000| Untracked 
|  54|0x0000000749e00000, 0x0000000749e00000, 0x0000000749f00000|  0%| F|  |TAMS 0x0000000749e00000, 0x0000000749e00000| Untracked 
|  55|0x0000000749f00000, 0x0000000749f00000, 0x000000074a000000|  0%| F|  |TAMS 0x0000000749f00000, 0x0000000749f00000| Untracked 
|  56|0x000000074a000000, 0x000000074a000000, 0x000000074a100000|  0%| F|  |TAMS 0x000000074a000000, 0x000000074a000000| Untracked 
|  57|0x000000074a100000, 0x000000074a100000, 0x000000074a200000|  0%| F|  |TAMS 0x000000074a100000, 0x000000074a100000| Untracked 
|  58|0x000000074a200000, 0x000000074a200000, 0x000000074a300000|  0%| F|  |TAMS 0x000000074a200000, 0x000000074a200000| Untracked 
|  59|0x000000074a300000, 0x000000074a300000, 0x000000074a400000|  0%| F|  |TAMS 0x000000074a300000, 0x000000074a300000| Untracked 
|  60|0x000000074a400000, 0x000000074a400000, 0x000000074a500000|  0%| F|  |TAMS 0x000000074a400000, 0x000000074a400000| Untracked 
|  61|0x000000074a500000, 0x000000074a500000, 0x000000074a600000|  0%| F|  |TAMS 0x000000074a500000, 0x000000074a500000| Untracked 
|  62|0x000000074a600000, 0x000000074a600000, 0x000000074a700000|  0%| F|  |TAMS 0x000000074a600000, 0x000000074a600000| Untracked 
|  63|0x000000074a700000, 0x000000074a700000, 0x000000074a800000|  0%| F|  |TAMS 0x000000074a700000, 0x000000074a700000| Untracked 
|  64|0x000000074a800000, 0x000000074a800000, 0x000000074a900000|  0%| F|  |TAMS 0x000000074a800000, 0x000000074a800000| Untracked 
|  65|0x000000074a900000, 0x000000074a900000, 0x000000074aa00000|  0%| F|  |TAMS 0x000000074a900000, 0x000000074a900000| Untracked 
|  66|0x000000074aa00000, 0x000000074aa00000, 0x000000074ab00000|  0%| F|  |TAMS 0x000000074aa00000, 0x000000074aa00000| Untracked 
|  67|0x000000074ab00000, 0x000000074ab00000, 0x000000074ac00000|  0%| F|  |TAMS 0x000000074ab00000, 0x000000074ab00000| Untracked 
|  68|0x000000074ac00000, 0x000000074ac00000, 0x000000074ad00000|  0%| F|  |TAMS 0x000000074ac00000, 0x000000074ac00000| Untracked 
|  69|0x000000074ad00000, 0x000000074ad00000, 0x000000074ae00000|  0%| F|  |TAMS 0x000000074ad00000, 0x000000074ad00000| Untracked 
|  70|0x000000074ae00000, 0x000000074ae00000, 0x000000074af00000|  0%| F|  |TAMS 0x000000074ae00000, 0x000000074ae00000| Untracked 
|  71|0x000000074af00000, 0x000000074af00000, 0x000000074b000000|  0%| F|  |TAMS 0x000000074af00000, 0x000000074af00000| Untracked 
|  72|0x000000074b000000, 0x000000074b000000, 0x000000074b100000|  0%| F|  |TAMS 0x000000074b000000, 0x000000074b000000| Untracked 
|  73|0x000000074b100000, 0x000000074b100000, 0x000000074b200000|  0%| F|  |TAMS 0x000000074b100000, 0x000000074b100000| Untracked 
|  74|0x000000074b200000, 0x000000074b200000, 0x000000074b300000|  0%| F|  |TAMS 0x000000074b200000, 0x000000074b200000| Untracked 
|  75|0x000000074b300000, 0x000000074b300000, 0x000000074b400000|  0%| F|  |TAMS 0x000000074b300000, 0x000000074b300000| Untracked 
|  76|0x000000074b400000, 0x000000074b400000, 0x000000074b500000|  0%| F|  |TAMS 0x000000074b400000, 0x000000074b400000| Untracked 
|  77|0x000000074b500000, 0x000000074b500000, 0x000000074b600000|  0%| F|  |TAMS 0x000000074b500000, 0x000000074b500000| Untracked 
|  78|0x000000074b600000, 0x000000074b600000, 0x000000074b700000|  0%| F|  |TAMS 0x000000074b600000, 0x000000074b600000| Untracked 
|  79|0x000000074b700000, 0x000000074b778690, 0x000000074b800000| 47%| E|CS|TAMS 0x000000074b700000, 0x000000074b778690| Complete 
|  80|0x000000074b800000, 0x000000074b900000, 0x000000074b900000|100%| E|CS|TAMS 0x000000074b800000, 0x000000074b900000| Complete 
|  81|0x000000074b900000, 0x000000074ba00000, 0x000000074ba00000|100%| E|CS|TAMS 0x000000074b900000, 0x000000074ba00000| Complete 
|  82|0x000000074ba00000, 0x000000074bb00000, 0x000000074bb00000|100%| E|CS|TAMS 0x000000074ba00000, 0x000000074bb00000| Complete 
|  83|0x000000074bb00000, 0x000000074bc00000, 0x000000074bc00000|100%| E|CS|TAMS 0x000000074bb00000, 0x000000074bc00000| Complete 
|  84|0x000000074bc00000, 0x000000074bd00000, 0x000000074bd00000|100%| E|CS|TAMS 0x000000074bc00000, 0x000000074bd00000| Complete 
|  85|0x000000074bd00000, 0x000000074be00000, 0x000000074be00000|100%| E|CS|TAMS 0x000000074bd00000, 0x000000074be00000| Complete 
|  86|0x000000074be00000, 0x000000074bf00000, 0x000000074bf00000|100%| E|CS|TAMS 0x000000074be00000, 0x000000074bf00000| Complete 
|  87|0x000000074bf00000, 0x000000074c000000, 0x000000074c000000|100%| E|CS|TAMS 0x000000074bf00000, 0x000000074c000000| Complete 
|  88|0x000000074c000000, 0x000000074c100000, 0x000000074c100000|100%| E|CS|TAMS 0x000000074c000000, 0x000000074c100000| Complete 
|  89|0x000000074c100000, 0x000000074c200000, 0x000000074c200000|100%| E|CS|TAMS 0x000000074c100000, 0x000000074c200000| Complete 
|  90|0x000000074c200000, 0x000000074c200000, 0x000000074c300000|  0%| F|  |TAMS 0x000000074c200000, 0x000000074c200000| Untracked 
|  91|0x000000074c300000, 0x000000074c300000, 0x000000074c400000|  0%| F|  |TAMS 0x000000074c300000, 0x000000074c300000| Untracked 
|  92|0x000000074c400000, 0x000000074c400000, 0x000000074c500000|  0%| F|  |TAMS 0x000000074c400000, 0x000000074c400000| Untracked 
|  93|0x000000074c500000, 0x000000074c500000, 0x000000074c600000|  0%| F|  |TAMS 0x000000074c500000, 0x000000074c500000| Untracked 
|  94|0x000000074c600000, 0x000000074c600000, 0x000000074c700000|  0%| F|  |TAMS 0x000000074c600000, 0x000000074c600000| Untracked 
|  95|0x000000074c700000, 0x000000074c700000, 0x000000074c800000|  0%| F|  |TAMS 0x000000074c700000, 0x000000074c700000| Untracked 
|  96|0x000000074c800000, 0x000000074c800000, 0x000000074c900000|  0%| F|  |TAMS 0x000000074c800000, 0x000000074c800000| Untracked 
|  97|0x000000074c900000, 0x000000074c900000, 0x000000074ca00000|  0%| F|  |TAMS 0x000000074c900000, 0x000000074c900000| Untracked 
|  98|0x000000074ca00000, 0x000000074ca00000, 0x000000074cb00000|  0%| F|  |TAMS 0x000000074ca00000, 0x000000074ca00000| Untracked 
|  99|0x000000074cb00000, 0x000000074cb00000, 0x000000074cc00000|  0%| F|  |TAMS 0x000000074cb00000, 0x000000074cb00000| Untracked 
| 100|0x000000074cc00000, 0x000000074cc00000, 0x000000074cd00000|  0%| F|  |TAMS 0x000000074cc00000, 0x000000074cc00000| Untracked 
| 101|0x000000074cd00000, 0x000000074cd00000, 0x000000074ce00000|  0%| F|  |TAMS 0x000000074cd00000, 0x000000074cd00000| Untracked 
| 102|0x000000074ce00000, 0x000000074ce00000, 0x000000074cf00000|  0%| F|  |TAMS 0x000000074ce00000, 0x000000074ce00000| Untracked 
| 103|0x000000074cf00000, 0x000000074cf00000, 0x000000074d000000|  0%| F|  |TAMS 0x000000074cf00000, 0x000000074cf00000| Untracked 
| 104|0x000000074d000000, 0x000000074d000000, 0x000000074d100000|  0%| F|  |TAMS 0x000000074d000000, 0x000000074d000000| Untracked 
| 105|0x000000074d100000, 0x000000074d100000, 0x000000074d200000|  0%| F|  |TAMS 0x000000074d100000, 0x000000074d100000| Untracked 
| 106|0x000000074d200000, 0x000000074d200000, 0x000000074d300000|  0%| F|  |TAMS 0x000000074d200000, 0x000000074d200000| Untracked 
| 107|0x000000074d300000, 0x000000074d300000, 0x000000074d400000|  0%| F|  |TAMS 0x000000074d300000, 0x000000074d300000| Untracked 
| 108|0x000000074d400000, 0x000000074d400000, 0x000000074d500000|  0%| F|  |TAMS 0x000000074d400000, 0x000000074d400000| Untracked 
| 109|0x000000074d500000, 0x000000074d500000, 0x000000074d600000|  0%| F|  |TAMS 0x000000074d500000, 0x000000074d500000| Untracked 
| 110|0x000000074d600000, 0x000000074d600000, 0x000000074d700000|  0%| F|  |TAMS 0x000000074d600000, 0x000000074d600000| Untracked 
| 111|0x000000074d700000, 0x000000074d700000, 0x000000074d800000|  0%| F|  |TAMS 0x000000074d700000, 0x000000074d700000| Untracked 
| 112|0x000000074d800000, 0x000000074d800000, 0x000000074d900000|  0%| F|  |TAMS 0x000000074d800000, 0x000000074d800000| Untracked 
| 113|0x000000074d900000, 0x000000074d900000, 0x000000074da00000|  0%| F|  |TAMS 0x000000074d900000, 0x000000074d900000| Untracked 
| 114|0x000000074da00000, 0x000000074da00000, 0x000000074db00000|  0%| F|  |TAMS 0x000000074da00000, 0x000000074da00000| Untracked 
| 115|0x000000074db00000, 0x000000074db00000, 0x000000074dc00000|  0%| F|  |TAMS 0x000000074db00000, 0x000000074db00000| Untracked 
| 116|0x000000074dc00000, 0x000000074dc00000, 0x000000074dd00000|  0%| F|  |TAMS 0x000000074dc00000, 0x000000074dc00000| Untracked 
| 117|0x000000074dd00000, 0x000000074dd00000, 0x000000074de00000|  0%| F|  |TAMS 0x000000074dd00000, 0x000000074dd00000| Untracked 
| 118|0x000000074de00000, 0x000000074de00000, 0x000000074df00000|  0%| F|  |TAMS 0x000000074de00000, 0x000000074de00000| Untracked 
| 119|0x000000074df00000, 0x000000074df00000, 0x000000074e000000|  0%| F|  |TAMS 0x000000074df00000, 0x000000074df00000| Untracked 
| 120|0x000000074e000000, 0x000000074e000000, 0x000000074e100000|  0%| F|  |TAMS 0x000000074e000000, 0x000000074e000000| Untracked 
| 121|0x000000074e100000, 0x000000074e100000, 0x000000074e200000|  0%| F|  |TAMS 0x000000074e100000, 0x000000074e100000| Untracked 
| 122|0x000000074e200000, 0x000000074e200000, 0x000000074e300000|  0%| F|  |TAMS 0x000000074e200000, 0x000000074e200000| Untracked 
| 123|0x000000074e300000, 0x000000074e300000, 0x000000074e400000|  0%| F|  |TAMS 0x000000074e300000, 0x000000074e300000| Untracked 
| 124|0x000000074e400000, 0x000000074e400000, 0x000000074e500000|  0%| F|  |TAMS 0x000000074e400000, 0x000000074e400000| Untracked 
| 125|0x000000074e500000, 0x000000074e500000, 0x000000074e600000|  0%| F|  |TAMS 0x000000074e500000, 0x000000074e500000| Untracked 
| 126|0x000000074e600000, 0x000000074e600000, 0x000000074e700000|  0%| F|  |TAMS 0x000000074e600000, 0x000000074e600000| Untracked 
| 127|0x000000074e700000, 0x000000074e700000, 0x000000074e800000|  0%| F|  |TAMS 0x000000074e700000, 0x000000074e700000| Untracked 
| 128|0x000000074e800000, 0x000000074e800000, 0x000000074e900000|  0%| F|  |TAMS 0x000000074e800000, 0x000000074e800000| Untracked 
| 129|0x000000074e900000, 0x000000074e900000, 0x000000074ea00000|  0%| F|  |TAMS 0x000000074e900000, 0x000000074e900000| Untracked 
| 130|0x000000074ea00000, 0x000000074ea00000, 0x000000074eb00000|  0%| F|  |TAMS 0x000000074ea00000, 0x000000074ea00000| Untracked 
| 131|0x000000074eb00000, 0x000000074ec00000, 0x000000074ec00000|100%| S|  |TAMS 0x000000074eb00000, 0x000000074eb00000| Complete 
| 132|0x000000074ec00000, 0x000000074ed00000, 0x000000074ed00000|100%| S|  |TAMS 0x000000074ec00000, 0x000000074ec00000| Complete 
| 133|0x000000074ed00000, 0x000000074ee00000, 0x000000074ee00000|100%| S|  |TAMS 0x000000074ed00000, 0x000000074ed00000| Complete 
| 134|0x000000074ee00000, 0x000000074ef00000, 0x000000074ef00000|100%| S|  |TAMS 0x000000074ee00000, 0x000000074ee00000| Complete 
| 135|0x000000074ef00000, 0x000000074f000000, 0x000000074f000000|100%| S|  |TAMS 0x000000074ef00000, 0x000000074ef00000| Complete 
| 136|0x000000074f000000, 0x000000074f100000, 0x000000074f100000|100%| S|  |TAMS 0x000000074f000000, 0x000000074f000000| Complete 
| 137|0x000000074f100000, 0x000000074f200000, 0x000000074f200000|100%| S|  |TAMS 0x000000074f100000, 0x000000074f100000| Complete 
| 138|0x000000074f200000, 0x000000074f300000, 0x000000074f300000|100%| S|  |TAMS 0x000000074f200000, 0x000000074f200000| Complete 
| 139|0x000000074f300000, 0x000000074f400000, 0x000000074f400000|100%| S|  |TAMS 0x000000074f300000, 0x000000074f300000| Complete 
| 140|0x000000074f400000, 0x000000074f500000, 0x000000074f500000|100%| S|  |TAMS 0x000000074f400000, 0x000000074f400000| Complete 
| 141|0x000000074f500000, 0x000000074f600000, 0x000000074f600000|100%| S|  |TAMS 0x000000074f500000, 0x000000074f500000| Complete 
| 142|0x000000074f600000, 0x000000074f700000, 0x000000074f700000|100%| S|  |TAMS 0x000000074f600000, 0x000000074f600000| Complete 
| 143|0x000000074f700000, 0x000000074f800000, 0x000000074f800000|100%| S|  |TAMS 0x000000074f700000, 0x000000074f700000| Complete 
| 144|0x000000074f800000, 0x000000074f900000, 0x000000074f900000|100%| S|  |TAMS 0x000000074f800000, 0x000000074f800000| Complete 
| 145|0x000000074f900000, 0x000000074fa00000, 0x000000074fa00000|100%| S|  |TAMS 0x000000074f900000, 0x000000074f900000| Complete 
| 146|0x000000074fa00000, 0x000000074fb00000, 0x000000074fb00000|100%| E|CS|TAMS 0x000000074fa00000, 0x000000074fb00000| Complete 
| 147|0x000000074fb00000, 0x000000074fc00000, 0x000000074fc00000|100%| E|CS|TAMS 0x000000074fb00000, 0x000000074fc00000| Complete 
| 148|0x000000074fc00000, 0x000000074fd00000, 0x000000074fd00000|100%| E|CS|TAMS 0x000000074fc00000, 0x000000074fd00000| Complete 
| 149|0x000000074fd00000, 0x000000074fe00000, 0x000000074fe00000|100%| E|CS|TAMS 0x000000074fd00000, 0x000000074fe00000| Complete 
| 150|0x000000074fe00000, 0x000000074ff00000, 0x000000074ff00000|100%| E|CS|TAMS 0x000000074fe00000, 0x000000074ff00000| Complete 
| 151|0x000000074ff00000, 0x0000000750000000, 0x0000000750000000|100%| E|CS|TAMS 0x000000074ff00000, 0x0000000750000000| Complete 
| 152|0x0000000750000000, 0x0000000750100000, 0x0000000750100000|100%| E|CS|TAMS 0x0000000750000000, 0x0000000750100000| Complete 
| 153|0x0000000750100000, 0x0000000750200000, 0x0000000750200000|100%| E|CS|TAMS 0x0000000750100000, 0x0000000750200000| Complete 
| 154|0x0000000750200000, 0x0000000750300000, 0x0000000750300000|100%| E|CS|TAMS 0x0000000750200000, 0x0000000750300000| Complete 
| 155|0x0000000750300000, 0x0000000750400000, 0x0000000750400000|100%| E|CS|TAMS 0x0000000750300000, 0x0000000750400000| Complete 
| 156|0x0000000750400000, 0x0000000750500000, 0x0000000750500000|100%| E|CS|TAMS 0x0000000750400000, 0x0000000750500000| Complete 
| 157|0x0000000750500000, 0x0000000750600000, 0x0000000750600000|100%| E|CS|TAMS 0x0000000750500000, 0x0000000750600000| Complete 
| 158|0x0000000750600000, 0x0000000750700000, 0x0000000750700000|100%| E|CS|TAMS 0x0000000750600000, 0x0000000750700000| Complete 
| 159|0x0000000750700000, 0x0000000750800000, 0x0000000750800000|100%| E|CS|TAMS 0x0000000750700000, 0x0000000750800000| Complete 
| 160|0x0000000750800000, 0x0000000750900000, 0x0000000750900000|100%| E|CS|TAMS 0x0000000750800000, 0x0000000750900000| Complete 
| 161|0x0000000750900000, 0x0000000750a00000, 0x0000000750a00000|100%| E|CS|TAMS 0x0000000750900000, 0x0000000750a00000| Complete 
| 162|0x0000000750a00000, 0x0000000750b00000, 0x0000000750b00000|100%| E|CS|TAMS 0x0000000750a00000, 0x0000000750b00000| Complete 
| 163|0x0000000750b00000, 0x0000000750c00000, 0x0000000750c00000|100%| E|CS|TAMS 0x0000000750b00000, 0x0000000750c00000| Complete 
| 164|0x0000000750c00000, 0x0000000750d00000, 0x0000000750d00000|100%| E|CS|TAMS 0x0000000750c00000, 0x0000000750d00000| Complete 
| 165|0x0000000750d00000, 0x0000000750e00000, 0x0000000750e00000|100%| E|CS|TAMS 0x0000000750d00000, 0x0000000750e00000| Complete 
| 166|0x0000000750e00000, 0x0000000750f00000, 0x0000000750f00000|100%| E|CS|TAMS 0x0000000750e00000, 0x0000000750f00000| Complete 
| 167|0x0000000750f00000, 0x0000000751000000, 0x0000000751000000|100%| E|CS|TAMS 0x0000000750f00000, 0x0000000751000000| Complete 
| 168|0x0000000751000000, 0x0000000751100000, 0x0000000751100000|100%| E|CS|TAMS 0x0000000751000000, 0x0000000751100000| Complete 
| 169|0x0000000751100000, 0x0000000751200000, 0x0000000751200000|100%| E|CS|TAMS 0x0000000751100000, 0x0000000751200000| Complete 
| 170|0x0000000751200000, 0x0000000751300000, 0x0000000751300000|100%| E|CS|TAMS 0x0000000751200000, 0x0000000751300000| Complete 
| 171|0x0000000751300000, 0x0000000751400000, 0x0000000751400000|100%| E|CS|TAMS 0x0000000751300000, 0x0000000751400000| Complete 
| 172|0x0000000751400000, 0x0000000751500000, 0x0000000751500000|100%| E|CS|TAMS 0x0000000751400000, 0x0000000751500000| Complete 
| 173|0x0000000751500000, 0x0000000751600000, 0x0000000751600000|100%| E|CS|TAMS 0x0000000751500000, 0x0000000751600000| Complete 
| 174|0x0000000751600000, 0x0000000751700000, 0x0000000751700000|100%| E|CS|TAMS 0x0000000751600000, 0x0000000751700000| Complete 
| 175|0x0000000751700000, 0x0000000751800000, 0x0000000751800000|100%| E|CS|TAMS 0x0000000751700000, 0x0000000751800000| Complete 
| 176|0x0000000751800000, 0x0000000751900000, 0x0000000751900000|100%| E|CS|TAMS 0x0000000751800000, 0x0000000751900000| Complete 
| 177|0x0000000751900000, 0x0000000751a00000, 0x0000000751a00000|100%| E|CS|TAMS 0x0000000751900000, 0x0000000751a00000| Complete 
| 178|0x0000000751a00000, 0x0000000751b00000, 0x0000000751b00000|100%| E|CS|TAMS 0x0000000751a00000, 0x0000000751b00000| Complete 
| 179|0x0000000751b00000, 0x0000000751c00000, 0x0000000751c00000|100%| E|CS|TAMS 0x0000000751b00000, 0x0000000751c00000| Complete 
| 180|0x0000000751c00000, 0x0000000751d00000, 0x0000000751d00000|100%| E|CS|TAMS 0x0000000751c00000, 0x0000000751d00000| Complete 
| 181|0x0000000751d00000, 0x0000000751e00000, 0x0000000751e00000|100%| E|CS|TAMS 0x0000000751d00000, 0x0000000751e00000| Complete 
| 182|0x0000000751e00000, 0x0000000751f00000, 0x0000000751f00000|100%| E|CS|TAMS 0x0000000751e00000, 0x0000000751f00000| Complete 
| 183|0x0000000751f00000, 0x0000000752000000, 0x0000000752000000|100%| E|CS|TAMS 0x0000000751f00000, 0x0000000752000000| Complete 
| 184|0x0000000752000000, 0x0000000752100000, 0x0000000752100000|100%| E|CS|TAMS 0x0000000752000000, 0x0000000752100000| Complete 
| 185|0x0000000752100000, 0x0000000752200000, 0x0000000752200000|100%| E|CS|TAMS 0x0000000752100000, 0x0000000752200000| Complete 
| 186|0x0000000752200000, 0x0000000752300000, 0x0000000752300000|100%| E|CS|TAMS 0x0000000752200000, 0x0000000752300000| Complete 
| 187|0x0000000752300000, 0x0000000752400000, 0x0000000752400000|100%| E|CS|TAMS 0x0000000752300000, 0x0000000752400000| Complete 
| 188|0x0000000752400000, 0x0000000752500000, 0x0000000752500000|100%| E|CS|TAMS 0x0000000752400000, 0x0000000752500000| Complete 
| 189|0x0000000752500000, 0x0000000752600000, 0x0000000752600000|100%| E|CS|TAMS 0x0000000752500000, 0x0000000752600000| Complete 
| 190|0x0000000752600000, 0x0000000752700000, 0x0000000752700000|100%| E|CS|TAMS 0x0000000752600000, 0x0000000752700000| Complete 
| 191|0x0000000752700000, 0x0000000752800000, 0x0000000752800000|100%| E|CS|TAMS 0x0000000752700000, 0x0000000752800000| Complete 
| 192|0x0000000752800000, 0x0000000752900000, 0x0000000752900000|100%| E|CS|TAMS 0x0000000752800000, 0x0000000752900000| Complete 
| 193|0x0000000752900000, 0x0000000752a00000, 0x0000000752a00000|100%| E|CS|TAMS 0x0000000752900000, 0x0000000752a00000| Complete 
| 194|0x0000000752a00000, 0x0000000752b00000, 0x0000000752b00000|100%| E|CS|TAMS 0x0000000752a00000, 0x0000000752b00000| Complete 
| 195|0x0000000752b00000, 0x0000000752c00000, 0x0000000752c00000|100%| E|CS|TAMS 0x0000000752b00000, 0x0000000752c00000| Complete 
| 196|0x0000000752c00000, 0x0000000752d00000, 0x0000000752d00000|100%| E|CS|TAMS 0x0000000752c00000, 0x0000000752d00000| Complete 
| 197|0x0000000752d00000, 0x0000000752e00000, 0x0000000752e00000|100%| E|CS|TAMS 0x0000000752d00000, 0x0000000752e00000| Complete 
| 198|0x0000000752e00000, 0x0000000752f00000, 0x0000000752f00000|100%| E|CS|TAMS 0x0000000752e00000, 0x0000000752f00000| Complete 
| 199|0x0000000752f00000, 0x0000000753000000, 0x0000000753000000|100%| E|CS|TAMS 0x0000000752f00000, 0x0000000753000000| Complete 
| 200|0x0000000753000000, 0x0000000753100000, 0x0000000753100000|100%| E|CS|TAMS 0x0000000753000000, 0x0000000753100000| Complete 
| 201|0x0000000753100000, 0x0000000753200000, 0x0000000753200000|100%| E|CS|TAMS 0x0000000753100000, 0x0000000753200000| Complete 
| 202|0x0000000753200000, 0x0000000753300000, 0x0000000753300000|100%| E|CS|TAMS 0x0000000753200000, 0x0000000753300000| Complete 
| 203|0x0000000753300000, 0x0000000753400000, 0x0000000753400000|100%| E|CS|TAMS 0x0000000753300000, 0x0000000753400000| Complete 
| 204|0x0000000753400000, 0x0000000753500000, 0x0000000753500000|100%| E|CS|TAMS 0x0000000753400000, 0x0000000753500000| Complete 
| 205|0x0000000753500000, 0x0000000753600000, 0x0000000753600000|100%| E|CS|TAMS 0x0000000753500000, 0x0000000753600000| Complete 
| 206|0x0000000753600000, 0x0000000753700000, 0x0000000753700000|100%| E|CS|TAMS 0x0000000753600000, 0x0000000753700000| Complete 
| 207|0x0000000753700000, 0x0000000753800000, 0x0000000753800000|100%| E|CS|TAMS 0x0000000753700000, 0x0000000753800000| Complete 
| 208|0x0000000753800000, 0x0000000753900000, 0x0000000753900000|100%| E|CS|TAMS 0x0000000753800000, 0x0000000753900000| Complete 
| 209|0x0000000753900000, 0x0000000753a00000, 0x0000000753a00000|100%| E|CS|TAMS 0x0000000753900000, 0x0000000753a00000| Complete 
| 210|0x0000000753a00000, 0x0000000753b00000, 0x0000000753b00000|100%| E|CS|TAMS 0x0000000753a00000, 0x0000000753b00000| Complete 
| 211|0x0000000753b00000, 0x0000000753c00000, 0x0000000753c00000|100%| E|CS|TAMS 0x0000000753b00000, 0x0000000753c00000| Complete 
| 212|0x0000000753c00000, 0x0000000753d00000, 0x0000000753d00000|100%| E|CS|TAMS 0x0000000753c00000, 0x0000000753d00000| Complete 
| 213|0x0000000753d00000, 0x0000000753e00000, 0x0000000753e00000|100%| E|CS|TAMS 0x0000000753d00000, 0x0000000753e00000| Complete 
| 214|0x0000000753e00000, 0x0000000753f00000, 0x0000000753f00000|100%| E|CS|TAMS 0x0000000753e00000, 0x0000000753f00000| Complete 
| 215|0x0000000753f00000, 0x0000000754000000, 0x0000000754000000|100%| E|CS|TAMS 0x0000000753f00000, 0x0000000754000000| Complete 
| 216|0x0000000754000000, 0x0000000754100000, 0x0000000754100000|100%| E|CS|TAMS 0x0000000754000000, 0x0000000754100000| Complete 
| 217|0x0000000754100000, 0x0000000754200000, 0x0000000754200000|100%| E|CS|TAMS 0x0000000754100000, 0x0000000754200000| Complete 
| 218|0x0000000754200000, 0x0000000754300000, 0x0000000754300000|100%| E|CS|TAMS 0x0000000754200000, 0x0000000754300000| Complete 
| 219|0x0000000754300000, 0x0000000754400000, 0x0000000754400000|100%| E|CS|TAMS 0x0000000754300000, 0x0000000754400000| Complete 
| 220|0x0000000754400000, 0x0000000754500000, 0x0000000754500000|100%| E|CS|TAMS 0x0000000754400000, 0x0000000754500000| Complete 
| 221|0x0000000754500000, 0x0000000754600000, 0x0000000754600000|100%| E|CS|TAMS 0x0000000754500000, 0x0000000754600000| Complete 
| 222|0x0000000754600000, 0x0000000754700000, 0x0000000754700000|100%| E|CS|TAMS 0x0000000754600000, 0x0000000754700000| Complete 
| 223|0x0000000754700000, 0x0000000754800000, 0x0000000754800000|100%| E|CS|TAMS 0x0000000754700000, 0x0000000754800000| Complete 
| 224|0x0000000754800000, 0x0000000754900000, 0x0000000754900000|100%| E|CS|TAMS 0x0000000754800000, 0x0000000754900000| Complete 
| 225|0x0000000754900000, 0x0000000754a00000, 0x0000000754a00000|100%| E|CS|TAMS 0x0000000754900000, 0x0000000754a00000| Complete 
| 226|0x0000000754a00000, 0x0000000754b00000, 0x0000000754b00000|100%| E|CS|TAMS 0x0000000754a00000, 0x0000000754b00000| Complete 
| 227|0x0000000754b00000, 0x0000000754c00000, 0x0000000754c00000|100%| E|CS|TAMS 0x0000000754b00000, 0x0000000754c00000| Complete 
| 228|0x0000000754c00000, 0x0000000754d00000, 0x0000000754d00000|100%| E|CS|TAMS 0x0000000754c00000, 0x0000000754d00000| Complete 
| 229|0x0000000754d00000, 0x0000000754e00000, 0x0000000754e00000|100%| E|CS|TAMS 0x0000000754d00000, 0x0000000754e00000| Complete 
| 230|0x0000000754e00000, 0x0000000754f00000, 0x0000000754f00000|100%| E|CS|TAMS 0x0000000754e00000, 0x0000000754f00000| Complete 
| 231|0x0000000754f00000, 0x0000000755000000, 0x0000000755000000|100%| E|CS|TAMS 0x0000000754f00000, 0x0000000755000000| Complete 
| 232|0x0000000755000000, 0x0000000755100000, 0x0000000755100000|100%| E|CS|TAMS 0x0000000755000000, 0x0000000755100000| Complete 
| 233|0x0000000755100000, 0x0000000755200000, 0x0000000755200000|100%| E|CS|TAMS 0x0000000755100000, 0x0000000755200000| Complete 
| 234|0x0000000755200000, 0x0000000755300000, 0x0000000755300000|100%| E|CS|TAMS 0x0000000755200000, 0x0000000755300000| Complete 
| 235|0x0000000755300000, 0x0000000755400000, 0x0000000755400000|100%| E|CS|TAMS 0x0000000755300000, 0x0000000755400000| Complete 
| 236|0x0000000755400000, 0x0000000755500000, 0x0000000755500000|100%| E|CS|TAMS 0x0000000755400000, 0x0000000755500000| Complete 
| 237|0x0000000755500000, 0x0000000755600000, 0x0000000755600000|100%| E|CS|TAMS 0x0000000755500000, 0x0000000755600000| Complete 
| 238|0x0000000755600000, 0x0000000755700000, 0x0000000755700000|100%| E|CS|TAMS 0x0000000755600000, 0x0000000755700000| Complete 
| 239|0x0000000755700000, 0x0000000755800000, 0x0000000755800000|100%| E|CS|TAMS 0x0000000755700000, 0x0000000755800000| Complete 
| 240|0x0000000755800000, 0x0000000755900000, 0x0000000755900000|100%| E|CS|TAMS 0x0000000755800000, 0x0000000755900000| Complete 
| 241|0x0000000755900000, 0x0000000755a00000, 0x0000000755a00000|100%| E|CS|TAMS 0x0000000755900000, 0x0000000755a00000| Complete 
| 242|0x0000000755a00000, 0x0000000755b00000, 0x0000000755b00000|100%| E|CS|TAMS 0x0000000755a00000, 0x0000000755b00000| Complete 
| 243|0x0000000755b00000, 0x0000000755c00000, 0x0000000755c00000|100%| E|CS|TAMS 0x0000000755b00000, 0x0000000755c00000| Complete 
| 244|0x0000000755c00000, 0x0000000755d00000, 0x0000000755d00000|100%| E|CS|TAMS 0x0000000755c00000, 0x0000000755d00000| Complete 
| 245|0x0000000755d00000, 0x0000000755e00000, 0x0000000755e00000|100%| E|CS|TAMS 0x0000000755d00000, 0x0000000755e00000| Complete 
| 246|0x0000000755e00000, 0x0000000755f00000, 0x0000000755f00000|100%| E|CS|TAMS 0x0000000755e00000, 0x0000000755f00000| Complete 
| 247|0x0000000755f00000, 0x0000000756000000, 0x0000000756000000|100%| E|CS|TAMS 0x0000000755f00000, 0x0000000756000000| Complete 
| 248|0x0000000756000000, 0x0000000756100000, 0x0000000756100000|100%| E|CS|TAMS 0x0000000756000000, 0x0000000756100000| Complete 
| 249|0x0000000756100000, 0x0000000756200000, 0x0000000756200000|100%| E|CS|TAMS 0x0000000756100000, 0x0000000756200000| Complete 
| 250|0x0000000756200000, 0x0000000756300000, 0x0000000756300000|100%| E|CS|TAMS 0x0000000756200000, 0x0000000756300000| Complete 
| 251|0x0000000756300000, 0x0000000756400000, 0x0000000756400000|100%| E|CS|TAMS 0x0000000756300000, 0x0000000756400000| Complete 
| 252|0x0000000756400000, 0x0000000756500000, 0x0000000756500000|100%| E|CS|TAMS 0x0000000756400000, 0x0000000756500000| Complete 
|1942|0x00000007bfe00000, 0x00000007bfe47000, 0x00000007bff00000| 27%|OA|  |TAMS 0x00000007bfe47000, 0x00000007bfe47000| Untracked 
|1943|0x00000007bff00000, 0x00000007bff6b000, 0x00000007c0000000| 41%|CA|  |TAMS 0x00000007bff6b000, 0x00000007bff6b000| Untracked 

Card table byte_map: [0x00007f7f84ec9000,0x00007f7f85495000] _byte_map_base: 0x00007f7f81495000

Marking Bits (Prev, Next): (CMBitMap*) 0x00007f7f80068c20, (CMBitMap*) 0x00007f7f80068be8
 Prev Bits: [0x00007f7f5e340000, 0x00007f7f611a0000)
 Next Bits: [0x00007f7f611a0000, 0x00007f7f64000000)

Polling page: 0x00007f7f8616f000

Metaspace:

Usage:
  Non-class:     24.71 MB capacity,    24.21 MB ( 98%) used,   456.30 KB (  2%) free+waste,    57.06 KB ( <1%) overhead. 
      Class:      3.43 MB capacity,     3.12 MB ( 91%) used,   299.48 KB (  9%) free+waste,    26.00 KB ( <1%) overhead. 
       Both:     28.14 MB capacity,    27.33 MB ( 97%) used,   755.79 KB (  3%) free+waste,    83.06 KB ( <1%) overhead. 

Virtual space:
  Non-class space:       26.00 MB reserved,      24.92 MB ( 96%) committed 
      Class space:        1.00 GB reserved,       3.50 MB ( <1%) committed 
             Both:        1.03 GB reserved,      28.42 MB (  3%) committed 

Chunk freelists:
   Non-Class:  29.00 KB
       Class:  0 bytes
        Both:  29.00 KB

MaxMetaspaceSize: unlimited
CompressedClassSpaceSize: 1.00 GB

CodeHeap 'non-profiled nmethods': size=120032Kb used=2432Kb max_used=2432Kb free=117599Kb
 bounds [0x00007f7f70361000, 0x00007f7f705d1000, 0x00007f7f77899000]
CodeHeap 'profiled nmethods': size=120032Kb used=12844Kb max_used=12844Kb free=107187Kb
 bounds [0x00007f7f68e29000, 0x00007f7f69ab9000, 0x00007f7f70361000]
CodeHeap 'non-nmethods': size=5696Kb used=1143Kb max_used=1187Kb free=4552Kb
 bounds [0x00007f7f68899000, 0x00007f7f68b09000, 0x00007f7f68e29000]
 total_blobs=6458 nmethods=5971 adapters=399
 compilation: enabled
              stopped_count=0, restarted_count=0
 full_count=0

Compilation events (20 events):
Event: 4.550 Thread 0x00007f7f2c285000 nmethod 5960 0x00007f7f705bf390 code [0x00007f7f705bf580, 0x00007f7f705bfec8]
Event: 4.550 Thread 0x00007f7f2c285000 5988       4       java.util.zip.CRC32::updateBytesCheck (55 bytes)
Event: 4.551 Thread 0x00007f7f2c285000 nmethod 5988 0x00007f7f705c0410 code [0x00007f7f705c05a0, 0x00007f7f705c0658]
Event: 4.551 Thread 0x00007f7f2c285000 5976  s    4       java.io.ByteArrayInputStream::read (36 bytes)
Event: 4.553 Thread 0x00007f7f8016e800 nmethod 5996 0x00007f7f69aab410 code [0x00007f7f69aaba60, 0x00007f7f69aaf890]
Event: 4.553 Thread 0x00007f7f8016e800 5998       3       java.io.DataInputStream::readInt (72 bytes)
Event: 4.553 Thread 0x00007f7f8016e800 nmethod 5998 0x00007f7f69ab0890 code [0x00007f7f69ab0aa0, 0x00007f7f69ab1080]
Event: 4.553 Thread 0x00007f7f8016e800 5999       3       sun.util.resources.Bundles$CacheKey::calculateHashCode (30 bytes)
Event: 4.553 Thread 0x00007f7f8016e800 nmethod 5999 0x00007f7f69ab1290 code [0x00007f7f69ab1460, 0x00007f7f69ab1610]
Event: 4.553 Thread 0x00007f7f8016e800 6000       3       java.io.DataInputStream::readLong (128 bytes)
Event: 4.553 Thread 0x00007f7f8016e800 nmethod 6000 0x00007f7f69ab1710 code [0x00007f7f69ab18e0, 0x00007f7f69ab1c00]
Event: 4.553 Thread 0x00007f7f8016e800 6002       3       sun.util.calendar.ZoneInfoFile::getZoneInfo (208 bytes)
Event: 4.554 Thread 0x00007f7f2c285000 nmethod 5976 0x00007f7f705c0790 code [0x00007f7f705c0920, 0x00007f7f705c0b98]
Event: 4.554 Thread 0x00007f7f2c285000 5985       4       java.util.zip.CRC32::update (51 bytes)
Event: 4.554 Thread 0x00007f7f8016e800 nmethod 6002 0x00007f7f69ab1d90 code [0x00007f7f69ab2080, 0x00007f7f69ab3410]
Event: 4.555 Thread 0x00007f7f8016e800 5997   !   3       sun.util.resources.Bundles$CacheKey::equals (62 bytes)
Event: 4.555 Thread 0x00007f7f8016e800 nmethod 5997 0x00007f7f69ab3a90 code [0x00007f7f69ab3c80, 0x00007f7f69ab40b0]
Event: 4.555 Thread 0x00007f7f8016e800 6005       3       sun.util.calendar.ZoneInfoFile::getZoneInfo (1756 bytes)
Event: 4.555 Thread 0x00007f7f2c285000 nmethod 5985 0x00007f7f705c0c90 code [0x00007f7f705c0e20, 0x00007f7f705c0fb8]
Event: 4.555 Thread 0x00007f7f2c285000 5979       4       java.io.DataInputStream::readByte (23 bytes)

GC Heap History (11 events):
Event: 0.443 GC heap before
{Heap before GC invocations=0 (full 0):
 garbage-first heap   total 192512K, used 15048K [0x0000000746800000, 0x0000000800000000)
  region size 1024K, 14 young (14336K), 0 survivors (0K)
 Metaspace       used 4047K, capacity 7089K, committed 7296K, reserved 1056768K
  class space    used 454K, capacity 792K, committed 896K, reserved 1048576K
}
Event: 0.452 GC heap after
{Heap after GC invocations=1 (full 0):
 garbage-first heap   total 192512K, used 3312K [0x0000000746800000, 0x0000000800000000)
  region size 1024K, 2 young (2048K), 2 survivors (2048K)
 Metaspace       used 4047K, capacity 7089K, committed 7296K, reserved 1056768K
  class space    used 454K, capacity 792K, committed 896K, reserved 1048576K
}
Event: 0.636 GC heap before
{Heap before GC invocations=1 (full 0):
 garbage-first heap   total 192512K, used 15600K [0x0000000746800000, 0x0000000800000000)
  region size 1024K, 14 young (14336K), 2 survivors (2048K)
 Metaspace       used 5432K, capacity 7998K, committed 8192K, reserved 1056768K
  class space    used 641K, capacity 924K, committed 1024K, reserved 1048576K
}
Event: 0.644 GC heap after
{Heap after GC invocations=2 (full 0):
 garbage-first heap   total 192512K, used 3856K [0x0000000746800000, 0x0000000800000000)
  region size 1024K, 1 young (1024K), 1 survivors (1024K)
 Metaspace       used 5432K, capacity 7998K, committed 8192K, reserved 1056768K
  class space    used 641K, capacity 924K, committed 1024K, reserved 1048576K
}
Event: 1.187 GC heap before
{Heap before GC invocations=2 (full 0):
 garbage-first heap   total 192512K, used 36624K [0x0000000746800000, 0x0000000800000000)
  region size 1024K, 33 young (33792K), 1 survivors (1024K)
 Metaspace       used 10434K, capacity 12590K, committed 12928K, reserved 1060864K
  class space    used 1287K, capacity 1550K, committed 1664K, reserved 1048576K
}
Event: 1.191 GC heap after
{Heap after GC invocations=3 (full 0):
 garbage-first heap   total 192512K, used 5607K [0x0000000746800000, 0x0000000800000000)
  region size 1024K, 3 young (3072K), 3 survivors (3072K)
 Metaspace       used 10434K, capacity 12590K, committed 12928K, reserved 1060864K
  class space    used 1287K, capacity 1550K, committed 1664K, reserved 1048576K
}
Event: 1.952 GC heap before
{Heap before GC invocations=3 (full 0):
 garbage-first heap   total 192512K, used 58855K [0x0000000746800000, 0x0000000800000000)
  region size 1024K, 55 young (56320K), 3 survivors (3072K)
 Metaspace       used 13771K, capacity 15355K, committed 15744K, reserved 1062912K
  class space    used 1589K, capacity 1802K, committed 1920K, reserved 1048576K
}
Event: 1.974 GC heap after
{Heap after GC invocations=4 (full 0):
 garbage-first heap   total 192512K, used 9327K [0x0000000746800000, 0x0000000800000000)
  region size 1024K, 6 young (6144K), 6 survivors (6144K)
 Metaspace       used 13771K, capacity 15355K, committed 15744K, reserved 1062912K
  class space    used 1589K, capacity 1802K, committed 1920K, reserved 1048576K
}
Event: 2.935 GC heap before
{Heap before GC invocations=4 (full 0):
 garbage-first heap   total 192512K, used 99439K [0x0000000746800000, 0x0000000800000000)
  region size 1024K, 96 young (98304K), 6 survivors (6144K)
 Metaspace       used 19878K, capacity 21061K, committed 21296K, reserved 1069056K
  class space    used 2357K, capacity 2621K, committed 2688K, reserved 1048576K
}
Event: 2.962 GC heap after
{Heap after GC invocations=5 (full 0):
 garbage-first heap   total 261120K, used 14027K [0x0000000746800000, 0x0000000800000000)
  region size 1024K, 11 young (11264K), 11 survivors (11264K)
 Metaspace       used 19878K, capacity 21061K, committed 21296K, reserved 1069056K
  class space    used 2357K, capacity 2621K, committed 2688K, reserved 1048576K
}
Event: 4.556 GC heap before
{Heap before GC invocations=6 (full 0):
 garbage-first heap   total 261120K, used 122571K [0x0000000746800000, 0x0000000800000000)
  region size 1024K, 118 young (120832K), 11 survivors (11264K)
 Metaspace       used 27981K, capacity 28820K, committed 29104K, reserved 1075200K
  class space    used 3191K, capacity 3517K, committed 3584K, reserved 1048576K
}

Deoptimization events (20 events):
Event: 4.372 Thread 0x00007f7f80016800 DEOPT PACKING pc=0x00007f7f705108d0 sp=0x00007f7f862b07c0
Event: 4.372 Thread 0x00007f7f80016800 DEOPT UNPACKING pc=0x00007f7f688bf8a5 sp=0x00007f7f862b0698 mode 2
Event: 4.372 Thread 0x00007f7f80016800 Uncommon trap: trap_request=0xffffff4d fr.pc=0x00007f7f70504804 relative=0x00000000000004a4
Event: 4.372 Thread 0x00007f7f80016800 Uncommon trap: reason=unstable_if action=reinterpret pc=0x00007f7f70504804 method=java.util.jar.Manifest$FastInputStream.readLine([BII)I @ 106 c2
Event: 4.372 Thread 0x00007f7f80016800 DEOPT PACKING pc=0x00007f7f70504804 sp=0x00007f7f862b0700
Event: 4.372 Thread 0x00007f7f80016800 DEOPT UNPACKING pc=0x00007f7f688bf8a5 sp=0x00007f7f862b06a0 mode 2
Event: 4.383 Thread 0x00007f7f80016800 DEOPT PACKING pc=0x00007f7f69033141 sp=0x00007f7f862abc70
Event: 4.383 Thread 0x00007f7f80016800 DEOPT UNPACKING pc=0x00007f7f688bf6ba sp=0x00007f7f862ab1a0 mode 0
Event: 4.497 Thread 0x00007f7f80016800 Uncommon trap: trap_request=0xffffff4d fr.pc=0x00007f7f705469dc relative=0x000000000000027c
Event: 4.497 Thread 0x00007f7f80016800 Uncommon trap: reason=unstable_if action=reinterpret pc=0x00007f7f705469dc method=jdk.internal.org.objectweb.asm.Type.getArgumentsAndReturnSizes(Ljava/lang/String;)I @ 136 c2
Event: 4.497 Thread 0x00007f7f80016800 DEOPT PACKING pc=0x00007f7f705469dc sp=0x00007f7f862ae960
Event: 4.497 Thread 0x00007f7f80016800 DEOPT UNPACKING pc=0x00007f7f688bf8a5 sp=0x00007f7f862ae918 mode 2
Event: 4.508 Thread 0x00007f7f80016800 Uncommon trap: trap_request=0xffffff4d fr.pc=0x00007f7f705b0b90 relative=0x0000000000000990
Event: 4.508 Thread 0x00007f7f80016800 Uncommon trap: reason=unstable_if action=reinterpret pc=0x00007f7f705b0b90 method=org.codehaus.plexus.classworlds.realm.Entry.matches(Ljava/lang/String;)Z @ 20 c2
Event: 4.508 Thread 0x00007f7f80016800 DEOPT PACKING pc=0x00007f7f705b0b90 sp=0x00007f7f862ae1f0
Event: 4.509 Thread 0x00007f7f80016800 DEOPT UNPACKING pc=0x00007f7f688bf8a5 sp=0x00007f7f862ae1c8 mode 2
Event: 4.531 Thread 0x00007f7f80016800 Uncommon trap: trap_request=0xffffff4d fr.pc=0x00007f7f703836bc relative=0x000000000000019c
Event: 4.532 Thread 0x00007f7f80016800 Uncommon trap: reason=unstable_if action=reinterpret pc=0x00007f7f703836bc method=java.lang.String.equals(Ljava/lang/Object;)Z @ 27 c2
Event: 4.532 Thread 0x00007f7f80016800 DEOPT PACKING pc=0x00007f7f703836bc sp=0x00007f7f862af380
Event: 4.532 Thread 0x00007f7f80016800 DEOPT UNPACKING pc=0x00007f7f688bf8a5 sp=0x00007f7f862af340 mode 2

Classes redefined (0 events):
No events

Internal exceptions (20 events):
Event: 1.152 Thread 0x00007f7f80016800 Exception <a 'java/lang/NoClassDefFoundError'{0x000000075026b630}: javax/annotation/Priority> (0x000000075026b630) thrown at [src/hotspot/share/classfile/systemDictionary.cpp, line 220]
Event: 1.749 Thread 0x00007f7f80016800 Implicit null exception at 0x00007f7f703bcc85 to 0x00007f7f703bce70
Event: 2.386 Thread 0x00007f7f80016800 Exception <a 'java/lang/NoClassDefFoundError'{0x000000074f353f18}: org/codehaus/plexus/util/interpolation/ValueSource> (0x000000074f353f18) thrown at [src/hotspot/share/classfile/systemDictionary.cpp, line 220]
Event: 2.410 Thread 0x00007f7f80016800 Exception <a 'java/lang/NoClassDefFoundError'{0x000000074f2e8a30}: org/sonatype/aether/version/VersionConstraint> (0x000000074f2e8a30) thrown at [src/hotspot/share/classfile/systemDictionary.cpp, line 220]
Event: 2.863 Thread 0x00007f7f80016800 Exception <a 'java/lang/NoSuchMethodError'{0x000000074c38a320}: 'void java.lang.invoke.DirectMethodHandle$Holder.invokeSpecial(java.lang.Object, java.lang.Object, int, java.lang.Object)'> (0x000000074c38a320) thrown at [src/hotspot/share/interpreter/linkResolver.cpp, line 772]
Event: 2.864 Thread 0x00007f7f80016800 Exception <a 'java/lang/NoSuchMethodError'{0x000000074c391510}: 'java.lang.Object java.lang.invoke.Invokers$Holder.linkToTargetMethod(java.lang.Object, int, java.lang.Object)'> (0x000000074c391510) thrown at [src/hotspot/share/interpreter/linkResolver.cpp, line 772]
Event: 2.872 Thread 0x00007f7f80016800 Exception <a 'java/lang/NoSuchMethodError'{0x000000074c3b15d8}: 'int java.lang.invoke.DirectMethodHandle$Holder.invokeVirtual(java.lang.Object, java.lang.Object, java.lang.Object)'> (0x000000074c3b15d8) thrown at [src/hotspot/share/interpreter/linkResolver.cpp, line 772]
Event: 2.963 Thread 0x00007f7f80016800 Exception <a 'java/lang/NoSuchMethodError'{0x0000000756400be8}: 'int java.lang.invoke.DirectMethodHandle$Holder.invokeStaticInit(java.lang.Object, java.lang.Object)'> (0x0000000756400be8) thrown at [src/hotspot/share/interpreter/linkResolver.cpp, line 772]
Event: 3.030 Thread 0x00007f7f80016800 Exception <a 'java/lang/NoSuchMethodError'{0x00000007564cb008}: 'int java.lang.invoke.DirectMethodHandle$Holder.invokeVirtual(java.lang.Object, java.lang.Object)'> (0x00000007564cb008) thrown at [src/hotspot/share/interpreter/linkResolver.cpp, line 772]
Event: 3.036 Thread 0x00007f7f80016800 Exception <a 'java/lang/NoSuchMethodError'{0x00000007564f9b78}: 'java.lang.Object java.lang.invoke.Invokers$Holder.linkToTargetMethod(java.lang.Object, java.lang.Object, java.lang.Object, java.lang.Object, java.lang.Object, java.lang.Object)'> (0x00000007564f9b78) thrown at [src/hotspot/share/interpreter/linkResolver.cpp, line 772]
Event: 3.233 Thread 0x00007f7f80016800 Exception <a 'java/lang/NoSuchMethodError'{0x00000007559a8b50}: 'java.lang.Object java.lang.invoke.DirectMethodHandle$Holder.invokeStatic(java.lang.Object, int, java.lang.Object)'> (0x00000007559a8b50) thrown at [src/hotspot/share/interpreter/linkResolver.cpp, line 772]
Event: 3.444 Thread 0x00007f7f80016800 Exception <a 'java/lang/NoSuchMethodError'{0x0000000753f4aa18}: 'int java.lang.invoke.DirectMethodHandle$Holder.invokeSpecial(java.lang.Object, java.lang.Object, java.lang.Object, java.lang.Object, java.lang.Object)'> (0x0000000753f4aa18) thrown at [src/hotspot/share/interpreter/linkResolver.cpp, line 772]
Event: 3.893 Thread 0x00007f7f80016800 Exception <a 'java/lang/NoSuchMethodError'{0x0000000751e3c4d8}: 'java.lang.Object java.lang.invoke.DirectMethodHandle$Holder.invokeVirtual(java.lang.Object, java.lang.Object, java.lang.Object)'> (0x0000000751e3c4d8) thrown at [src/hotspot/share/interpreter/linkResolver.cpp, line 772]
Event: 3.917 Thread 0x00007f7f80016800 Exception <a 'java/lang/NoSuchMethodError'{0x0000000751d25780}: 'int java.lang.invoke.DirectMethodHandle$Holder.invokeSpecial(java.lang.Object, java.lang.Object, java.lang.Object, java.lang.Object)'> (0x0000000751d25780) thrown at [src/hotspot/share/interpreter/linkResolver.cpp, line 772]
Event: 4.491 Thread 0x00007f7f80016800 Exception <a 'java/lang/NoSuchMethodError'{0x000000074fc327e0}: 'java.lang.Object java.lang.invoke.DirectMethodHandle$Holder.invokeStatic(java.lang.Object, java.lang.Object, java.lang.Object, java.lang.Object, java.lang.Object, java.lang.Object, java.lang.Object, java.lang.Object, java.lang.Object, java.lang.Object, java.lang.Object, java.lang.Object, java.lang.Object, java.lang.Object, java.lang.Object)'> (0x000000074fc327e0) thrown at [src/hotspot/share/interpreter/linkResolver.cpp, line 772]
Event: 4.493 Thread 0x00007f7f80016800 Exception <a 'java/lang/NoSuchMethodError'{0x000000074fc407e8}: 'java.lang.Object java.lang.invoke.DirectMethodHandle$Holder.invokeStatic(java.lang.Object, java.lang.Object, java.lang.Object, java.lang.Object, java.lang.Object, java.lang.Object, java.lang.Object, java.lang.Object, java.lang.Object, java.lang.Object, java.lang.Object, java.lang.Object, java.lang.Object, java.lang.Object, java.lang.Object, java.lang.Object)'> (0x000000074fc407e8) thrown at [src/hotspot/share/interpreter/linkResolver.cpp, lin
Event: 4.494 Thread 0x00007f7f80016800 Exception <a 'java/lang/NoSuchMethodError'{0x000000074fc4e700}: 'java.lang.Object java.lang.invoke.DirectMethodHandle$Holder.invokeSpecial(java.lang.Object, java.lang.Object, int, int, java.lang.Object, java.lang.Object, java.lang.Object)'> (0x000000074fc4e700) thrown at [src/hotspot/share/interpreter/linkResolver.cpp, line 772]
Event: 4.495 Thread 0x00007f7f80016800 Exception <a 'java/lang/NoSuchMethodError'{0x000000074fc51f38}: 'java.lang.Object java.lang.invoke.DelegatingMethodHandle$Holder.reinvoke_L(java.lang.Object, int, int, java.lang.Object, java.lang.Object, java.lang.Object)'> (0x000000074fc51f38) thrown at [src/hotspot/share/interpreter/linkResolver.cpp, line 772]
Event: 4.495 Thread 0x00007f7f80016800 Exception <a 'java/lang/NoSuchMethodError'{0x000000074fc56468}: 'java.lang.Object java.lang.invoke.DirectMethodHandle$Holder.invokeStatic(java.lang.Object, java.lang.Object, java.lang.Object, java.lang.Object, int)'> (0x000000074fc56468) thrown at [src/hotspot/share/interpreter/linkResolver.cpp, line 772]
Event: 4.528 Thread 0x00007f7f80016800 Exception <a 'java/lang/NoSuchMethodError'{0x000000074fb51bb0}: 'void java.lang.invoke.DirectMethodHandle$Holder.invokeStatic(java.lang.Object, java.lang.Object, java.lang.Object, java.lang.Object, java.lang.Object)'> (0x000000074fb51bb0) thrown at [src/hotspot/share/interpreter/linkResolver.cpp, line 772]

Events (20 events):
Event: 4.524 loading class sun/util/resources/cldr/TimeZoneNames done
Event: 4.524 loading class sun/util/resources/cldr/TimeZoneNames_en
Event: 4.524 loading class sun/util/resources/cldr/TimeZoneNames_en done
Event: 4.525 loading class sun/util/resources/cldr/TimeZoneNames_en_US
Event: 4.525 loading class sun/util/resources/cldr/TimeZoneNames_en_US done
Event: 4.527 loading class java/util/HashMap$KeySpliterator
Event: 4.527 loading class java/util/HashMap$HashMapSpliterator
Event: 4.527 loading class java/util/HashMap$HashMapSpliterator done
Event: 4.527 loading class java/util/HashMap$KeySpliterator done
Event: 4.528 loading class sun/util/cldr/CLDRBaseLocaleDataMetaInfo$TZCanonicalIDMapHolder
Event: 4.529 loading class sun/util/cldr/CLDRBaseLocaleDataMetaInfo$TZCanonicalIDMapHolder done
Event: 4.535 loading class sun/util/locale/provider/BaseLocaleDataMetaInfo
Event: 4.535 loading class sun/util/locale/provider/BaseLocaleDataMetaInfo done
Event: 4.536 loading class sun/util/resources/TimeZoneNames
Event: 4.537 loading class sun/util/resources/TimeZoneNames done
Event: 4.537 loading class sun/util/resources/TimeZoneNames_en
Event: 4.537 loading class sun/util/resources/TimeZoneNames_en done
Event: 4.548 loading class sun/util/resources/ParallelListResourceBundle
Event: 4.548 loading class sun/util/resources/ParallelListResourceBundle done
Event: 4.556 Executing VM operation: G1CollectForAllocation


Dynamic libraries:
746800000-756500000 rw-p 00000000 00:00 0 
756500000-7bfe00000 ---p 00000000 00:00 0 
7bfe00000-7bfe47000 rw-p 01111000 08:05 1183759                          /usr/lib/jvm/java-11-openjdk-amd64/lib/server/classes.jsa
7bfe47000-7bff00000 rw-p 00000000 00:00 0 
7bff00000-7bff6b000 rw-p 010a6000 08:05 1183759                          /usr/lib/jvm/java-11-openjdk-amd64/lib/server/classes.jsa
7bff6b000-7c0000000 rw-p 00000000 00:00 0 
7c0000000-800000000 ---p 00000000 00:00 0 
800000000-800002000 rwxp 00001000 08:05 1183759                          /usr/lib/jvm/java-11-openjdk-amd64/lib/server/classes.jsa
800002000-8003b9000 rw-p 00003000 08:05 1183759                          /usr/lib/jvm/java-11-openjdk-amd64/lib/server/classes.jsa
8003b9000-800a96000 r--p 003ba000 08:05 1183759                          /usr/lib/jvm/java-11-openjdk-amd64/lib/server/classes.jsa
800a96000-800a97000 rw-p 00a97000 08:05 1183759                          /usr/lib/jvm/java-11-openjdk-amd64/lib/server/classes.jsa
800a97000-8010a5000 r--p 00a98000 08:05 1183759                          /usr/lib/jvm/java-11-openjdk-amd64/lib/server/classes.jsa
840000000-840380000 rw-p 00000000 00:00 0 
840380000-880000000 ---p 00000000 00:00 0 
55e58647d000-55e58647e000 r--p 00000000 08:05 1181875                    /usr/lib/jvm/java-11-openjdk-amd64/bin/java
55e58647e000-55e58647f000 r-xp 00001000 08:05 1181875                    /usr/lib/jvm/java-11-openjdk-amd64/bin/java
55e58647f000-55e586480000 r--p 00002000 08:05 1181875                    /usr/lib/jvm/java-11-openjdk-amd64/bin/java
55e586480000-55e586481000 r--p 00002000 08:05 1181875                    /usr/lib/jvm/java-11-openjdk-amd64/bin/java
55e586481000-55e586482000 rw-p 00003000 08:05 1181875                    /usr/lib/jvm/java-11-openjdk-amd64/bin/java
55e587f82000-55e587fa3000 rw-p 00000000 00:00 0                          [heap]
7f7f0c000000-7f7f0c021000 rw-p 00000000 00:00 0 
7f7f0c021000-7f7f10000000 ---p 00000000 00:00 0 
7f7f14000000-7f7f14021000 rw-p 00000000 00:00 0 
7f7f14021000-7f7f18000000 ---p 00000000 00:00 0 
7f7f18000000-7f7f18021000 rw-p 00000000 00:00 0 
7f7f18021000-7f7f1c000000 ---p 00000000 00:00 0 
7f7f1c000000-7f7f1c021000 rw-p 00000000 00:00 0 
7f7f1c021000-7f7f20000000 ---p 00000000 00:00 0 
7f7f20000000-7f7f20f36000 rw-p 00000000 00:00 0 
7f7f20f36000-7f7f24000000 ---p 00000000 00:00 0 
7f7f24000000-7f7f24021000 rw-p 00000000 00:00 0 
7f7f24021000-7f7f28000000 ---p 00000000 00:00 0 
7f7f28000000-7f7f28021000 rw-p 00000000 00:00 0 
7f7f28021000-7f7f2c000000 ---p 00000000 00:00 0 
7f7f2c000000-7f7f2cbc2000 rw-p 00000000 00:00 0 
7f7f2cbc2000-7f7f30000000 ---p 00000000 00:00 0 
7f7f30000000-7f7f30021000 rw-p 00000000 00:00 0 
7f7f30021000-7f7f34000000 ---p 00000000 00:00 0 
7f7f34000000-7f7f34021000 rw-p 00000000 00:00 0 
7f7f34021000-7f7f38000000 ---p 00000000 00:00 0 
7f7f38000000-7f7f3976d000 rw-p 00000000 00:00 0 
7f7f3976d000-7f7f3c000000 ---p 00000000 00:00 0 
7f7f3c000000-7f7f3c021000 rw-p 00000000 00:00 0 
7f7f3c021000-7f7f40000000 ---p 00000000 00:00 0 
7f7f40000000-7f7f40021000 rw-p 00000000 00:00 0 
7f7f40021000-7f7f44000000 ---p 00000000 00:00 0 
7f7f457ef000-7f7f458ef000 rw-p 00000000 00:00 0 
7f7f458ef000-7f7f459ef000 ---p 00000000 00:00 0 
7f7f459ef000-7f7f45bef000 rw-p 00000000 00:00 0 
7f7f45bef000-7f7f45def000 rw-p 00000000 00:00 0 
7f7f45def000-7f7f45fdb000 rw-p 00000000 00:00 0 
7f7f45fdb000-7f7f45fef000 ---p 00000000 00:00 0 
7f7f45fef000-7f7f461ef000 rw-p 00000000 00:00 0 
7f7f461ef000-7f7f463ef000 rw-p 00000000 00:00 0 
7f7f463ef000-7f7f465ef000 rw-p 00000000 00:00 0 
7f7f465ef000-7f7f467ef000 rw-p 00000000 00:00 0 
7f7f467ef000-7f7f469ef000 rw-p 00000000 00:00 0 
7f7f469ef000-7f7f469f0000 ---p 00000000 00:00 0 
7f7f469f0000-7f7f46af1000 rw-p 00000000 00:00 0 
7f7f46af1000-7f7f46af2000 ---p 00000000 00:00 0 
7f7f46af2000-7f7f46bf3000 rw-p 00000000 00:00 0 
7f7f46bf3000-7f7f46bf4000 ---p 00000000 00:00 0 
7f7f46bf4000-7f7f46cf5000 rw-p 00000000 00:00 0 
7f7f46cf5000-7f7f46cf9000 ---p 00000000 00:00 0 
7f7f46cf9000-7f7f46df6000 rw-p 00000000 00:00 0 
7f7f46df6000-7f7f46df9000 r-xp 00000000 07:0c 2330                       /snap/netbeans/35/netbeans/java/maven/lib/jansi-native/linux64/libjansi.so
7f7f46df9000-7f7f46ff8000 ---p 00003000 07:0c 2330                       /snap/netbeans/35/netbeans/java/maven/lib/jansi-native/linux64/libjansi.so
7f7f46ff8000-7f7f46ff9000 rw-p 00002000 07:0c 2330                       /snap/netbeans/35/netbeans/java/maven/lib/jansi-native/linux64/libjansi.so
7f7f46ff9000-7f7f46ffd000 ---p 00000000 00:00 0 
7f7f46ffd000-7f7f470fa000 rw-p 00000000 00:00 0 
7f7f470fa000-7f7f470fb000 ---p 00000000 00:00 0 
7f7f470fb000-7f7f471fc000 rw-p 00000000 00:00 0 
7f7f471fc000-7f7f47200000 ---p 00000000 00:00 0 
7f7f47200000-7f7f472fd000 rw-p 00000000 00:00 0 
7f7f472fd000-7f7f47301000 ---p 00000000 00:00 0 
7f7f47301000-7f7f473fe000 rw-p 00000000 00:00 0 
7f7f473fe000-7f7f47402000 ---p 00000000 00:00 0 
7f7f47402000-7f7f474ff000 rw-p 00000000 00:00 0 
7f7f474ff000-7f7f47503000 ---p 00000000 00:00 0 
7f7f47503000-7f7f47600000 rw-p 00000000 00:00 0 
7f7f47600000-7f7f47604000 ---p 00000000 00:00 0 
7f7f47604000-7f7f47701000 rw-p 00000000 00:00 0 
7f7f47701000-7f7f47eff000 r--p 00000000 08:05 2621460                    /usr/lib/locale/locale-archive
7f7f47eff000-7f7f47f03000 ---p 00000000 00:00 0 
7f7f47f03000-7f7f48000000 rw-p 00000000 00:00 0 
7f7f48000000-7f7f48021000 rw-p 00000000 00:00 0 
7f7f48021000-7f7f4c000000 ---p 00000000 00:00 0 
7f7f4c000000-7f7f4c049000 rw-p 00000000 00:00 0 
7f7f4c049000-7f7f50000000 ---p 00000000 00:00 0 
7f7f50000000-7f7f50021000 rw-p 00000000 00:00 0 
7f7f50021000-7f7f54000000 ---p 00000000 00:00 0 
7f7f54000000-7f7f54021000 rw-p 00000000 00:00 0 
7f7f54021000-7f7f58000000 ---p 00000000 00:00 0 
7f7f58000000-7f7f58021000 rw-p 00000000 00:00 0 
7f7f58021000-7f7f5c000000 ---p 00000000 00:00 0 
7f7f5c08b000-7f7f5c0bc000 rw-p 00000000 00:00 0 
7f7f5c0bc000-7f7f5c0c0000 ---p 00000000 00:00 0 
7f7f5c0c0000-7f7f5c1bd000 rw-p 00000000 00:00 0 
7f7f5c1bd000-7f7f5c1be000 ---p 00000000 00:00 0 
7f7f5c1be000-7f7f5e734000 rw-p 00000000 00:00 0 
7f7f5e734000-7f7f60198000 ---p 00000000 00:00 0 
7f7f60198000-7f7f601a0000 rw-p 00000000 00:00 0 
7f7f601a0000-7f7f611a0000 ---p 00000000 00:00 0 
7f7f611a0000-7f7f61594000 rw-p 00000000 00:00 0 
7f7f61594000-7f7f62ff8000 ---p 00000000 00:00 0 
7f7f62ff8000-7f7f63000000 rw-p 00000000 00:00 0 
7f7f63000000-7f7f64000000 ---p 00000000 00:00 0 
7f7f64000000-7f7f64021000 rw-p 00000000 00:00 0 
7f7f64021000-7f7f68000000 ---p 00000000 00:00 0 
7f7f68025000-7f7f68029000 r--p 00000000 08:05 1189234                    /usr/lib/jvm/java-11-openjdk-amd64/lib/libnet.so
7f7f68029000-7f7f68038000 r-xp 00004000 08:05 1189234                    /usr/lib/jvm/java-11-openjdk-amd64/lib/libnet.so
7f7f68038000-7f7f6803c000 r--p 00013000 08:05 1189234                    /usr/lib/jvm/java-11-openjdk-amd64/lib/libnet.so
7f7f6803c000-7f7f6803d000 r--p 00016000 08:05 1189234                    /usr/lib/jvm/java-11-openjdk-amd64/lib/libnet.so
7f7f6803d000-7f7f6803e000 rw-p 00017000 08:05 1189234                    /usr/lib/jvm/java-11-openjdk-amd64/lib/libnet.so
7f7f6803e000-7f7f68899000 rw-p 00000000 00:00 0 
7f7f68899000-7f7f68b09000 rwxp 00000000 00:00 0 
7f7f68b09000-7f7f68e29000 ---p 00000000 00:00 0 
7f7f68e29000-7f7f69ab9000 rwxp 00000000 00:00 0 
7f7f69ab9000-7f7f70361000 ---p 00000000 00:00 0 
7f7f70361000-7f7f705d1000 rwxp 00000000 00:00 0 
7f7f705d1000-7f7f77899000 ---p 00000000 00:00 0 
7f7f77899000-7f7f80000000 r--s 00000000 08:05 1189244                    /usr/lib/jvm/java-11-openjdk-amd64/lib/modules
7f7f80000000-7f7f8169e000 rw-p 00000000 00:00 0 
7f7f8169e000-7f7f84000000 ---p 00000000 00:00 0 
7f7f8400b000-7f7f8400c000 r--p 00000000 08:05 2623646                    /usr/lib/x86_64-linux-gnu/libutil-2.31.so
7f7f8400c000-7f7f8400d000 r-xp 00001000 08:05 2623646                    /usr/lib/x86_64-linux-gnu/libutil-2.31.so
7f7f8400d000-7f7f8400e000 r--p 00002000 08:05 2623646                    /usr/lib/x86_64-linux-gnu/libutil-2.31.so
7f7f8400e000-7f7f8400f000 r--p 00002000 08:05 2623646                    /usr/lib/x86_64-linux-gnu/libutil-2.31.so
7f7f8400f000-7f7f84010000 rw-p 00003000 08:05 2623646                    /usr/lib/x86_64-linux-gnu/libutil-2.31.so
7f7f84010000-7f7f84017000 r--p 00000000 08:05 1189235                    /usr/lib/jvm/java-11-openjdk-amd64/lib/libnio.so
7f7f84017000-7f7f8401f000 r-xp 00007000 08:05 1189235                    /usr/lib/jvm/java-11-openjdk-amd64/lib/libnio.so
7f7f8401f000-7f7f84022000 r--p 0000f000 08:05 1189235                    /usr/lib/jvm/java-11-openjdk-amd64/lib/libnio.so
7f7f84022000-7f7f84023000 r--p 00011000 08:05 1189235                    /usr/lib/jvm/java-11-openjdk-amd64/lib/libnio.so
7f7f84023000-7f7f84024000 rw-p 00012000 08:05 1189235                    /usr/lib/jvm/java-11-openjdk-amd64/lib/libnio.so
7f7f84024000-7f7f8408e000 rw-p 00000000 00:00 0 
7f7f8408e000-7f7f8408f000 ---p 00000000 00:00 0 
7f7f8408f000-7f7f84190000 rw-p 00000000 00:00 0 
7f7f84190000-7f7f84191000 ---p 00000000 00:00 0 
7f7f84191000-7f7f84696000 rw-p 00000000 00:00 0 
7f7f84696000-7f7f84697000 ---p 00000000 00:00 0 
7f7f84697000-7f7f84798000 rw-p 00000000 00:00 0 
7f7f84798000-7f7f84799000 ---p 00000000 00:00 0 
7f7f84799000-7f7f8497c000 rw-p 00000000 00:00 0 
7f7f8497c000-7f7f84cc8000 ---p 00000000 00:00 0 
7f7f84cc8000-7f7f84cc9000 rw-p 00000000 00:00 0 
7f7f84cc9000-7f7f84ec9000 ---p 00000000 00:00 0 
7f7f84ec9000-7f7f84f48000 rw-p 00000000 00:00 0 
7f7f84f48000-7f7f85294000 ---p 00000000 00:00 0 
7f7f85294000-7f7f85295000 rw-p 00000000 00:00 0 
7f7f85295000-7f7f85495000 ---p 00000000 00:00 0 
7f7f85495000-7f7f85514000 rw-p 00000000 00:00 0 
7f7f85514000-7f7f85860000 ---p 00000000 00:00 0 
7f7f85860000-7f7f85861000 rw-p 00000000 00:00 0 
7f7f85861000-7f7f85a61000 ---p 00000000 00:00 0 
7f7f85a61000-7f7f85e65000 rw-p 00000000 00:00 0 
7f7f85e65000-7f7f85e66000 ---p 00000000 00:00 0 
7f7f85e66000-7f7f85f6c000 rw-p 00000000 00:00 0 
7f7f85f6c000-7f7f86052000 ---p 00000000 00:00 0 
7f7f86052000-7f7f8606c000 rw-p 00000000 00:00 0 
7f7f8606c000-7f7f8613d000 ---p 00000000 00:00 0 
7f7f8613d000-7f7f86142000 rw-p 00000000 00:00 0 
7f7f86142000-7f7f86149000 ---p 00000000 00:00 0 
7f7f86149000-7f7f8614c000 r--p 00000000 08:05 2623633                    /usr/lib/x86_64-linux-gnu/libnss_files-2.31.so
7f7f8614c000-7f7f86153000 r-xp 00003000 08:05 2623633                    /usr/lib/x86_64-linux-gnu/libnss_files-2.31.so
7f7f86153000-7f7f86155000 r--p 0000a000 08:05 2623633                    /usr/lib/x86_64-linux-gnu/libnss_files-2.31.so
7f7f86155000-7f7f86156000 r--p 0000b000 08:05 2623633                    /usr/lib/x86_64-linux-gnu/libnss_files-2.31.so
7f7f86156000-7f7f86157000 rw-p 0000c000 08:05 2623633                    /usr/lib/x86_64-linux-gnu/libnss_files-2.31.so
7f7f86157000-7f7f8615d000 rw-p 00000000 00:00 0 
7f7f8615d000-7f7f8615f000 r--p 00000000 08:05 1189243                    /usr/lib/jvm/java-11-openjdk-amd64/lib/libzip.so
7f7f8615f000-7f7f86163000 r-xp 00002000 08:05 1189243                    /usr/lib/jvm/java-11-openjdk-amd64/lib/libzip.so
7f7f86163000-7f7f86165000 r--p 00006000 08:05 1189243                    /usr/lib/jvm/java-11-openjdk-amd64/lib/libzip.so
7f7f86165000-7f7f86166000 r--p 00007000 08:05 1189243                    /usr/lib/jvm/java-11-openjdk-amd64/lib/libzip.so
7f7f86166000-7f7f86167000 rw-p 00008000 08:05 1189243                    /usr/lib/jvm/java-11-openjdk-amd64/lib/libzip.so
7f7f86167000-7f7f8616f000 rw-s 00000000 08:05 1584396                    /tmp/hsperfdata_james/49854
7f7f8616f000-7f7f86170000 ---p 00000000 00:00 0 
7f7f86170000-7f7f86171000 r--p 00000000 00:00 0 
7f7f86171000-7f7f86173000 r--p 00000000 08:05 1189226                    /usr/lib/jvm/java-11-openjdk-amd64/lib/libjimage.so
7f7f86173000-7f7f86176000 r-xp 00002000 08:05 1189226                    /usr/lib/jvm/java-11-openjdk-amd64/lib/libjimage.so
7f7f86176000-7f7f86177000 r--p 00005000 08:05 1189226                    /usr/lib/jvm/java-11-openjdk-amd64/lib/libjimage.so
7f7f86177000-7f7f86178000 ---p 00006000 08:05 1189226                    /usr/lib/jvm/java-11-openjdk-amd64/lib/libjimage.so
7f7f86178000-7f7f86179000 r--p 00006000 08:05 1189226                    /usr/lib/jvm/java-11-openjdk-amd64/lib/libjimage.so
7f7f86179000-7f7f8617a000 rw-p 00007000 08:05 1189226                    /usr/lib/jvm/java-11-openjdk-amd64/lib/libjimage.so
7f7f8617a000-7f7f86188000 r--p 00000000 08:05 1189222                    /usr/lib/jvm/java-11-openjdk-amd64/lib/libjava.so
7f7f86188000-7f7f8619e000 r-xp 0000e000 08:05 1189222                    /usr/lib/jvm/java-11-openjdk-amd64/lib/libjava.so
7f7f8619e000-7f7f861a5000 r--p 00024000 08:05 1189222                    /usr/lib/jvm/java-11-openjdk-amd64/lib/libjava.so
7f7f861a5000-7f7f861a6000 r--p 0002a000 08:05 1189222                    /usr/lib/jvm/java-11-openjdk-amd64/lib/libjava.so
7f7f861a6000-7f7f861a7000 rw-p 0002b000 08:05 1189222                    /usr/lib/jvm/java-11-openjdk-amd64/lib/libjava.so
7f7f861a7000-7f7f861a8000 rw-p 00000000 00:00 0 
7f7f861a8000-7f7f861ab000 r--p 00000000 08:05 2623644                    /usr/lib/x86_64-linux-gnu/librt-2.31.so
7f7f861ab000-7f7f861af000 r-xp 00003000 08:05 2623644                    /usr/lib/x86_64-linux-gnu/librt-2.31.so
7f7f861af000-7f7f861b0000 r--p 00007000 08:05 2623644                    /usr/lib/x86_64-linux-gnu/librt-2.31.so
7f7f861b0000-7f7f861b1000 ---p 00008000 08:05 2623644                    /usr/lib/x86_64-linux-gnu/librt-2.31.so
7f7f861b1000-7f7f861b2000 r--p 00008000 08:05 2623644                    /usr/lib/x86_64-linux-gnu/librt-2.31.so
7f7f861b2000-7f7f861b3000 rw-p 00009000 08:05 2623644                    /usr/lib/x86_64-linux-gnu/librt-2.31.so
7f7f861b3000-7f7f861b7000 ---p 00000000 00:00 0 
7f7f861b7000-7f7f862b4000 rw-p 00000000 00:00 0 
7f7f862b4000-7f7f862b7000 r--p 00000000 08:05 2623616                    /usr/lib/x86_64-linux-gnu/libgcc_s.so.1
7f7f862b7000-7f7f862c9000 r-xp 00003000 08:05 2623616                    /usr/lib/x86_64-linux-gnu/libgcc_s.so.1
7f7f862c9000-7f7f862cd000 r--p 00015000 08:05 2623616                    /usr/lib/x86_64-linux-gnu/libgcc_s.so.1
7f7f862cd000-7f7f862ce000 r--p 00018000 08:05 2623616                    /usr/lib/x86_64-linux-gnu/libgcc_s.so.1
7f7f862ce000-7f7f862cf000 rw-p 00019000 08:05 2623616                    /usr/lib/x86_64-linux-gnu/libgcc_s.so.1
7f7f862cf000-7f7f862de000 r--p 00000000 08:05 2623627                    /usr/lib/x86_64-linux-gnu/libm-2.31.so
7f7f862de000-7f7f86385000 r-xp 0000f000 08:05 2623627                    /usr/lib/x86_64-linux-gnu/libm-2.31.so
7f7f86385000-7f7f8641c000 r--p 000b6000 08:05 2623627                    /usr/lib/x86_64-linux-gnu/libm-2.31.so
7f7f8641c000-7f7f8641d000 r--p 0014c000 08:05 2623627                    /usr/lib/x86_64-linux-gnu/libm-2.31.so
7f7f8641d000-7f7f8641e000 rw-p 0014d000 08:05 2623627                    /usr/lib/x86_64-linux-gnu/libm-2.31.so
7f7f8641e000-7f7f864b4000 r--p 00000000 08:05 2623619                    /usr/lib/x86_64-linux-gnu/libstdc++.so.6.0.28
7f7f864b4000-7f7f865a4000 r-xp 00096000 08:05 2623619                    /usr/lib/x86_64-linux-gnu/libstdc++.so.6.0.28
7f7f865a4000-7f7f865ed000 r--p 00186000 08:05 2623619                    /usr/lib/x86_64-linux-gnu/libstdc++.so.6.0.28
7f7f865ed000-7f7f865ee000 ---p 001cf000 08:05 2623619                    /usr/lib/x86_64-linux-gnu/libstdc++.so.6.0.28
7f7f865ee000-7f7f865f9000 r--p 001cf000 08:05 2623619                    /usr/lib/x86_64-linux-gnu/libstdc++.so.6.0.28
7f7f865f9000-7f7f865fc000 rw-p 001da000 08:05 2623619                    /usr/lib/x86_64-linux-gnu/libstdc++.so.6.0.28
7f7f865fc000-7f7f865ff000 rw-p 00000000 00:00 0 
7f7f865ff000-7f7f8686b000 r--p 00000000 08:05 1189247                    /usr/lib/jvm/java-11-openjdk-amd64/lib/server/libjvm.so
7f7f8686b000-7f7f8741e000 r-xp 0026c000 08:05 1189247                    /usr/lib/jvm/java-11-openjdk-amd64/lib/server/libjvm.so
7f7f8741e000-7f7f87657000 r--p 00e1f000 08:05 1189247                    /usr/lib/jvm/java-11-openjdk-amd64/lib/server/libjvm.so
7f7f87657000-7f7f87658000 ---p 01058000 08:05 1189247                    /usr/lib/jvm/java-11-openjdk-amd64/lib/server/libjvm.so
7f7f87658000-7f7f87715000 r--p 01058000 08:05 1189247                    /usr/lib/jvm/java-11-openjdk-amd64/lib/server/libjvm.so
7f7f87715000-7f7f8774e000 rw-p 01115000 08:05 1189247                    /usr/lib/jvm/java-11-openjdk-amd64/lib/server/libjvm.so
7f7f8774e000-7f7f877a7000 rw-p 00000000 00:00 0 
7f7f877a7000-7f7f877ae000 r--p 00000000 08:05 2623642                    /usr/lib/x86_64-linux-gnu/libpthread-2.31.so
7f7f877ae000-7f7f877bf000 r-xp 00007000 08:05 2623642                    /usr/lib/x86_64-linux-gnu/libpthread-2.31.so
7f7f877bf000-7f7f877c4000 r--p 00018000 08:05 2623642                    /usr/lib/x86_64-linux-gnu/libpthread-2.31.so
7f7f877c4000-7f7f877c5000 r--p 0001c000 08:05 2623642                    /usr/lib/x86_64-linux-gnu/libpthread-2.31.so
7f7f877c5000-7f7f877c6000 rw-p 0001d000 08:05 2623642                    /usr/lib/x86_64-linux-gnu/libpthread-2.31.so
7f7f877c6000-7f7f877ca000 rw-p 00000000 00:00 0 
7f7f877ca000-7f7f877cb000 r--p 00000000 08:05 2623626                    /usr/lib/x86_64-linux-gnu/libdl-2.31.so
7f7f877cb000-7f7f877cd000 r-xp 00001000 08:05 2623626                    /usr/lib/x86_64-linux-gnu/libdl-2.31.so
7f7f877cd000-7f7f877ce000 r--p 00003000 08:05 2623626                    /usr/lib/x86_64-linux-gnu/libdl-2.31.so
7f7f877ce000-7f7f877cf000 r--p 00003000 08:05 2623626                    /usr/lib/x86_64-linux-gnu/libdl-2.31.so
7f7f877cf000-7f7f877d0000 rw-p 00004000 08:05 2623626                    /usr/lib/x86_64-linux-gnu/libdl-2.31.so
7f7f877d0000-7f7f877d2000 r--p 00000000 08:05 2621981                    /usr/lib/x86_64-linux-gnu/libz.so.1.2.11
7f7f877d2000-7f7f877e3000 r-xp 00002000 08:05 2621981                    /usr/lib/x86_64-linux-gnu/libz.so.1.2.11
7f7f877e3000-7f7f877e9000 r--p 00013000 08:05 2621981                    /usr/lib/x86_64-linux-gnu/libz.so.1.2.11
7f7f877e9000-7f7f877ea000 ---p 00019000 08:05 2621981                    /usr/lib/x86_64-linux-gnu/libz.so.1.2.11
7f7f877ea000-7f7f877eb000 r--p 00019000 08:05 2621981                    /usr/lib/x86_64-linux-gnu/libz.so.1.2.11
7f7f877eb000-7f7f877ec000 rw-p 0001a000 08:05 2621981                    /usr/lib/x86_64-linux-gnu/libz.so.1.2.11
7f7f877ec000-7f7f87811000 r--p 00000000 08:05 2623625                    /usr/lib/x86_64-linux-gnu/libc-2.31.so
7f7f87811000-7f7f87989000 r-xp 00025000 08:05 2623625                    /usr/lib/x86_64-linux-gnu/libc-2.31.so
7f7f87989000-7f7f879d3000 r--p 0019d000 08:05 2623625                    /usr/lib/x86_64-linux-gnu/libc-2.31.so
7f7f879d3000-7f7f879d4000 ---p 001e7000 08:05 2623625                    /usr/lib/x86_64-linux-gnu/libc-2.31.so
7f7f879d4000-7f7f879d7000 r--p 001e7000 08:05 2623625                    /usr/lib/x86_64-linux-gnu/libc-2.31.so
7f7f879d7000-7f7f879da000 rw-p 001ea000 08:05 2623625                    /usr/lib/x86_64-linux-gnu/libc-2.31.so
7f7f879da000-7f7f879de000 rw-p 00000000 00:00 0 
7f7f879de000-7f7f879e3000 r--p 00000000 08:05 1189242                    /usr/lib/jvm/java-11-openjdk-amd64/lib/libverify.so
7f7f879e3000-7f7f879ea000 r-xp 00005000 08:05 1189242                    /usr/lib/jvm/java-11-openjdk-amd64/lib/libverify.so
7f7f879ea000-7f7f879ec000 r--p 0000c000 08:05 1189242                    /usr/lib/jvm/java-11-openjdk-amd64/lib/libverify.so
7f7f879ec000-7f7f879ed000 ---p 0000e000 08:05 1189242                    /usr/lib/jvm/java-11-openjdk-amd64/lib/libverify.so
7f7f879ed000-7f7f879ef000 r--p 0000e000 08:05 1189242                    /usr/lib/jvm/java-11-openjdk-amd64/lib/libverify.so
7f7f879ef000-7f7f879f0000 rw-p 00010000 08:05 1189242                    /usr/lib/jvm/java-11-openjdk-amd64/lib/libverify.so
7f7f879f0000-7f7f879f3000 r--p 00000000 08:05 1189206                    /usr/lib/jvm/java-11-openjdk-amd64/lib/jli/libjli.so
7f7f879f3000-7f7f879fd000 r-xp 00003000 08:05 1189206                    /usr/lib/jvm/java-11-openjdk-amd64/lib/jli/libjli.so
7f7f879fd000-7f7f87a00000 r--p 0000d000 08:05 1189206                    /usr/lib/jvm/java-11-openjdk-amd64/lib/jli/libjli.so
7f7f87a00000-7f7f87a01000 ---p 00010000 08:05 1189206                    /usr/lib/jvm/java-11-openjdk-amd64/lib/jli/libjli.so
7f7f87a01000-7f7f87a02000 r--p 00010000 08:05 1189206                    /usr/lib/jvm/java-11-openjdk-amd64/lib/jli/libjli.so
7f7f87a02000-7f7f87a03000 rw-p 00011000 08:05 1189206                    /usr/lib/jvm/java-11-openjdk-amd64/lib/jli/libjli.so
7f7f87a03000-7f7f87a05000 rw-p 00000000 00:00 0 
7f7f87a05000-7f7f87a06000 r--p 00000000 08:05 2623621                    /usr/lib/x86_64-linux-gnu/ld-2.31.so
7f7f87a06000-7f7f87a29000 r-xp 00001000 08:05 2623621                    /usr/lib/x86_64-linux-gnu/ld-2.31.so
7f7f87a29000-7f7f87a31000 r--p 00024000 08:05 2623621                    /usr/lib/x86_64-linux-gnu/ld-2.31.so
7f7f87a32000-7f7f87a33000 r--p 0002c000 08:05 2623621                    /usr/lib/x86_64-linux-gnu/ld-2.31.so
7f7f87a33000-7f7f87a34000 rw-p 0002d000 08:05 2623621                    /usr/lib/x86_64-linux-gnu/ld-2.31.so
7f7f87a34000-7f7f87a35000 rw-p 00000000 00:00 0 
7ffccf5c9000-7ffccf5ea000 rw-p 00000000 00:00 0                          [stack]
7ffccf5f7000-7ffccf5fa000 r--p 00000000 00:00 0                          [vvar]
7ffccf5fa000-7ffccf5fb000 r-xp 00000000 00:00 0                          [vdso]
ffffffffff600000-ffffffffff601000 --xp 00000000 00:00 0                  [vsyscall]


VM Arguments:
jvm_args: -Dclassworlds.conf=/snap/netbeans/35/netbeans/java/maven/bin/m2.conf -Dmaven.home=/snap/netbeans/35/netbeans/java/maven -Dlibrary.jansi.path=/snap/netbeans/35/netbeans/java/maven/lib/jansi-native -Dmaven.multiModuleProjectDirectory=/home/james/Videos/BUENO/BANCO 
java_command: org.codehaus.plexus.classworlds.launcher.Launcher -Dmaven.ext.class.path=/snap/netbeans/35/netbeans/java/maven-nblib/netbeans-eventspy.jar clean install
java_class_path (initial): /snap/netbeans/35/netbeans/java/maven/boot/plexus-classworlds-2.6.0.jar
Launcher Type: SUN_STANDARD

[Global flags]
     intx CICompilerCount                          = 3                                         {product} {ergonomic}
     uint ConcGCThreads                            = 1                                         {product} {ergonomic}
     uint G1ConcRefinementThreads                  = 4                                         {product} {ergonomic}
   size_t G1HeapRegionSize                         = 1048576                                   {product} {ergonomic}
    uintx GCDrainStackTargetSize                   = 64                                        {product} {ergonomic}
   size_t InitialHeapSize                          = 195035136                                 {product} {ergonomic}
   size_t MarkStackSize                            = 4194304                                   {product} {ergonomic}
   size_t MaxHeapSize                              = 3112173568                                {product} {ergonomic}
   size_t MaxNewSize                               = 1866465280                                {product} {ergonomic}
   size_t MinHeapDeltaBytes                        = 1048576                                   {product} {ergonomic}
    uintx NonNMethodCodeHeapSize                   = 5830732                                {pd product} {ergonomic}
    uintx NonProfiledCodeHeapSize                  = 122913754                              {pd product} {ergonomic}
    uintx ProfiledCodeHeapSize                     = 122913754                              {pd product} {ergonomic}
    uintx ReservedCodeCacheSize                    = 251658240                              {pd product} {ergonomic}
     bool SegmentedCodeCache                       = true                                      {product} {ergonomic}
     bool UseCompressedClassPointers               = true                                 {lp64_product} {ergonomic}
     bool UseCompressedOops                        = true                                 {lp64_product} {ergonomic}
     bool UseG1GC                                  = true                                      {product} {ergonomic}

Logging:
Log output configuration:
 #0: stdout all=warning uptime,level,tags
 #1: stderr all=off uptime,level,tags

Environment Variables:
JAVA_HOME=/usr/lib/jvm/java-11-openjdk-amd64
PATH=/usr/local/sbin:/usr/local/bin:/usr/sbin:/usr/bin:/sbin:/bin:/usr/games:/usr/local/games:/snap/bin
USERNAME=james
SHELL=/bin/bash
DISPLAY=:0
LANG=en_US.UTF-8

Signal Handlers:
SIGSEGV: [libjvm.so+0xdab480], sa_mask[0]=11111111011111111101111111111110, sa_flags=SA_RESTART|SA_SIGINFO
SIGBUS: [libjvm.so+0xdab480], sa_mask[0]=11111111011111111101111111111110, sa_flags=SA_RESTART|SA_SIGINFO
SIGFPE: [libjvm.so+0xdab480], sa_mask[0]=11111111011111111101111111111110, sa_flags=SA_RESTART|SA_SIGINFO
SIGPIPE: [libjvm.so+0xba1c80], sa_mask[0]=11111111011111111101111111111110, sa_flags=SA_RESTART|SA_SIGINFO
SIGXFSZ: [libjvm.so+0xba1c80], sa_mask[0]=11111111011111111101111111111110, sa_flags=SA_RESTART|SA_SIGINFO
SIGILL: [libjvm.so+0xdab480], sa_mask[0]=11111111011111111101111111111110, sa_flags=SA_RESTART|SA_SIGINFO
SIGUSR2: [libjvm.so+0xba1b20], sa_mask[0]=00100000000000000000000000000000, sa_flags=SA_RESTART|SA_SIGINFO
SIGHUP: [libjvm.so+0xba1fc0], sa_mask[0]=11111111011111111101111111111110, sa_flags=SA_RESTART|SA_SIGINFO
SIGINT: SIG_IGN, sa_mask[0]=00000000000000000000000000000000, sa_flags=none
SIGTERM: [libjvm.so+0xba1fc0], sa_mask[0]=11111111011111111101111111111110, sa_flags=SA_RESTART|SA_SIGINFO
SIGQUIT: [libjvm.so+0xba1fc0], sa_mask[0]=11111111011111111101111111111110, sa_flags=SA_RESTART|SA_SIGINFO


---------------  S Y S T E M  ---------------

OS:DISTRIB_ID=Ubuntu
DISTRIB_RELEASE=20.04
DISTRIB_CODENAME=focal
DISTRIB_DESCRIPTION="Ubuntu 20.04.1 LTS"
uname:Linux 5.4.0-52-generic #57-Ubuntu SMP Thu Oct 15 10:57:00 UTC 2020 x86_64
OS uptime: 0 days 14:47 hours
libc:glibc 2.31 NPTL 2.31 
rlimit (soft/hard): STACK 8192k/infinity , CORE 0k/infinity , NPROC 47248/47248 , NOFILE 1048576/1048576 , AS infinity/infinity , CPU infinity/infinity , DATA infinity/infinity , FSIZE infinity/infinity , MEMLOCK 65536k/65536k
load average:1.29 1.18 1.22

/proc/meminfo:
MemTotal:       12152120 kB
MemFree:         1115196 kB
MemAvailable:    3514660 kB
Buffers:          433556 kB
Cached:          2932304 kB
SwapCached:          692 kB
Active:          8285608 kB
Inactive:        2183700 kB
Active(anon):    6698400 kB
Inactive(anon):  1252752 kB
Active(file):    1587208 kB
Inactive(file):   930948 kB
Unevictable:       96984 kB
Mlocked:             168 kB
SwapTotal:      12581884 kB
SwapFree:       12554284 kB
Dirty:              1604 kB
Writeback:             0 kB
AnonPages:       7200080 kB
Mapped:          1153444 kB
Shmem:            851892 kB
KReclaimable:     206260 kB
Slab:             342936 kB
SReclaimable:     206260 kB
SUnreclaim:       136676 kB
KernelStack:       18288 kB
PageTables:        47116 kB
NFS_Unstable:          0 kB
Bounce:                0 kB
WritebackTmp:          0 kB
CommitLimit:    18657944 kB
Committed_AS:   13097440 kB
VmallocTotal:   34359738367 kB
VmallocUsed:       37700 kB
VmallocChunk:          0 kB
Percpu:             3216 kB
HardwareCorrupted:     0 kB
AnonHugePages:         0 kB
ShmemHugePages:        0 kB
ShmemPmdMapped:        0 kB
FileHugePages:         0 kB
FilePmdMapped:         0 kB
CmaTotal:              0 kB
CmaFree:               0 kB
HugePages_Total:       0
HugePages_Free:        0
HugePages_Rsvd:        0
HugePages_Surp:        0
Hugepagesize:       2048 kB
Hugetlb:               0 kB
DirectMap4k:      341620 kB
DirectMap2M:    11075584 kB
DirectMap1G:     1048576 kB

/sys/kernel/mm/transparent_hugepage/enabled:
always [madvise] never
/sys/kernel/mm/transparent_hugepage/defrag (defrag/compaction efforts parameter):
always defer defer+madvise [madvise] never

/proc/sys/kernel/threads-max (system-wide limit on the number of threads):
94497
/proc/sys/vm/max_map_count (maximum number of memory map areas a process may have):
65530
/proc/sys/kernel/pid_max (system-wide limit on number of process identifiers):
4194304

container (cgroup) information:
container_type: cgroupv1
cpu_cpuset_cpus: 0-3
cpu_memory_nodes: 0
active_processor_count: 4
cpu_quota: -1
cpu_period: 100000
cpu_shares: -1
memory_limit_in_bytes: -1
memory_and_swap_limit_in_bytes: -2
memory_soft_limit_in_bytes: -1
memory_usage_in_bytes: 9483837440
memory_max_usage_in_bytes: 10222841856

Steal ticks since vm start: 0
Steal ticks percentage since vm start:  0.000

CPU:total 4 (initial active 4) (2 cores per cpu, 2 threads per core) family 6 model 142 stepping 9, cmov, cx8, fxsr, mmx, sse, sse2, sse3, ssse3, sse4.1, sse4.2, popcnt, avx, avx2, aes, clmul, erms, 3dnowpref, lzcnt, ht, tsc, tscinvbit, bmi1, bmi2, adx, fma
CPU Model and flags from /proc/cpuinfo:
model name	: Intel(R) Core(TM) i5-7200U CPU @ 2.50GHz
flags		: fpu vme de pse tsc msr pae mce cx8 apic sep mtrr pge mca cmov pat pse36 clflush dts acpi mmx fxsr sse sse2 ss ht tm pbe syscall nx pdpe1gb rdtscp lm constant_tsc art arch_perfmon pebs bts rep_good nopl xtopology nonstop_tsc cpuid aperfmperf pni pclmulqdq dtes64 monitor ds_cpl vmx est tm2 ssse3 sdbg fma cx16 xtpr pdcm pcid sse4_1 sse4_2 x2apic movbe popcnt tsc_deadline_timer aes xsave avx f16c rdrand lahf_lm abm 3dnowprefetch cpuid_fault epb invpcid_single pti ssbd ibrs ibpb stibp tpr_shadow vnmi flexpriority ept vpid ept_ad fsgsbase tsc_adjust bmi1 avx2 smep bmi2 erms invpcid mpx rdseed adx smap clflushopt intel_pt xsaveopt xsavec xgetbv1 xsaves dtherm ida arat pln pts hwp hwp_notify hwp_act_window hwp_epp md_clear flush_l1d
Online cpus:
0-3
Offline cpus:

BIOS frequency limitation:
<Not Available>
Frequency switch latency (ns):
0
Available cpu frequencies:
<Not Available>
Current governor:
powersave
Core performance/turbo boost:
<Not Available>

Memory: 4k page, physical 12152120k(1115196k free), swap 12581884k(12554284k free)

vm_info: OpenJDK 64-Bit Server VM (11.0.9+11-Ubuntu-0ubuntu1.20.04) for linux-amd64 JRE (11.0.9+11-Ubuntu-0ubuntu1.20.04), built on Oct 22 2020 05:32:59 by "unknown" with gcc 9.3.0

END.
